2025-07-10 12:40:36.943 -04:00 [INF] Logger has been set up
2025-07-10 12:40:36.980 -04:00 [DBG] .\Program.cs, -o, concurrent_7_10.csv, -t, 5
2025-07-10 12:40:36.980 -04:00 [INF] Input file found at input.txt. Now loading inputs...
2025-07-10 12:40:36.996 -04:00 [INF] Inputs: 3MCOMP 11, CRATE&BARREL GTN, DEERE 008 RAIL, DHLDAN 047, DHLDAN 47, FORTUNEBRANDS, HOMEDE 156, KONTOO 4, LOVESA 4, MASTER 651, TARGET 113, TARGET 113 GTN, WALMAR 64
2025-07-10 12:40:36.996 -04:00 [INF] Skipping dummy containers to save time.
2025-07-10 12:40:36.996 -04:00 [INF] Macro will distribute work across 5 tasks
2025-07-10 12:40:36.996 -04:00 [INF] Connecting to FIS...
2025-07-10 12:40:41.784 -04:00 [INF] Found FIS!
2025-07-10 12:40:41.784 -04:00 [INF] Using high resolution stopwatch.
2025-07-10 12:40:41.784 -04:00 [INF] Attempting to open an instance of screen S8600
2025-07-10 12:40:43.396 -04:00 [INF] Created instance 957477799
2025-07-10 12:40:43.402 -04:00 [INF] Attempting to open an instance of screen S8600
2025-07-10 12:40:44.380 -04:00 [INF] Created instance 2111164682
2025-07-10 12:40:44.380 -04:00 [INF] Attempting to open an instance of screen S8600
2025-07-10 12:40:45.381 -04:00 [INF] Created instance 1039891776
2025-07-10 12:40:45.381 -04:00 [INF] Attempting to open an instance of screen S8600
2025-07-10 12:40:46.350 -04:00 [INF] Created instance 456066043
2025-07-10 12:40:46.350 -04:00 [INF] Attempting to open an instance of screen S8600
2025-07-10 12:40:47.449 -04:00 [INF] Created instance 1730362117
2025-07-10 12:40:47.449 -04:00 [INF] Creating task 0
2025-07-10 12:40:47.449 -04:00 [INF] Creating task 1
2025-07-10 12:40:47.449 -04:00 [INF] Task 0 assigned to S8600 screen id 957477799.
2025-07-10 12:40:47.449 -04:00 [INF] Task 1 assigned to S8600 screen id 2111164682.
2025-07-10 12:40:47.449 -04:00 [INF] Creating task 2
2025-07-10 12:40:47.449 -04:00 [INF] Creating task 3
2025-07-10 12:40:47.449 -04:00 [INF] Task 2 assigned to S8600 screen id 1039891776.
2025-07-10 12:40:47.449 -04:00 [INF] Creating task 4
2025-07-10 12:40:47.449 -04:00 [INF] Task 3 assigned to S8600 screen id 456066043.
2025-07-10 12:40:47.449 -04:00 [INF] Task 4 assigned to S8600 screen id 1730362117.
2025-07-10 12:40:47.449 -04:00 [INF] AHHH
2025-07-10 12:40:47.449 -04:00 [INF] AHHH
2025-07-10 12:40:47.449 -04:00 [INF] AHHH
2025-07-10 12:40:47.449 -04:00 [INF] AHHH
2025-07-10 12:40:47.464 -04:00 [DBG] FISMacro using screeen ID 456066043 now searching incomplete events from subscription 3MCOMP 11...
2025-07-10 12:40:47.449 -04:00 [INF] AHHH
2025-07-10 12:40:47.464 -04:00 [DBG]  ====__ TASK 3: instance 456066043 requesting mutex to run SEARCH __====
2025-07-10 12:40:47.464 -04:00 [DBG] 	TASK 3 has the mutex (currently searching)
2025-07-10 12:40:47.464 -04:00 [DBG] FISMacro using screeen ID 1039891776 now searching incomplete events from subscription CRATE&BARREL GTN...
2025-07-10 12:40:47.464 -04:00 [DBG]  ====__ TASK 2: instance 1039891776 requesting mutex to run SEARCH __====
2025-07-10 12:40:47.464 -04:00 [DBG] FISMacro using screeen ID 1730362117 now searching incomplete events from subscription DEERE 008 RAIL...
2025-07-10 12:40:47.464 -04:00 [DBG]  ====__ TASK 4: instance 1730362117 requesting mutex to run SEARCH __====
2025-07-10 12:40:47.464 -04:00 [DBG] FISMacro using screeen ID 957477799 now searching incomplete events from subscription DHLDAN 047...
2025-07-10 12:40:47.464 -04:00 [DBG]  ====__ TASK 0: instance 957477799 requesting mutex to run SEARCH __====
2025-07-10 12:40:47.464 -04:00 [DBG] FISMacro using screeen ID 2111164682 now searching incomplete events from subscription DHLDAN 47...
2025-07-10 12:40:47.464 -04:00 [DBG]  ====__ TASK 1: instance 2111164682 requesting mutex to run SEARCH __====
2025-07-10 12:40:48.196 -04:00 [INF] TASK 3: Searching incomplete events under subscription 3MCOMP 11
2025-07-10 12:42:01.812 -04:00 [INF] Found 50 events under subscription 3MCOMP 11
2025-07-10 12:42:01.812 -04:00 [DBG] 	TASK 3 released the mutex (finished SEARCHing)
2025-07-10 12:42:01.812 -04:00 [DBG] 	TASK 2 has the mutex (currently searching)
2025-07-10 12:42:01.812 -04:00 [INF] Finished searching incomplete events for 3MCOMP 11 in 01:14.34
2025-07-10 12:42:01.928 -04:00 [DBG] TASK 3 found a valid container!
2025-07-10 12:42:01.928 -04:00 [DBG]  __== TASK 3: instance 456066043 requesting mutex to run SEND ==__
2025-07-10 12:42:02.527 -04:00 [INF] TASK 2: Searching incomplete events under subscription CRATE&BARREL GTN
2025-07-10 12:43:01.922 -04:00 [INF] Found 0 events under subscription CRATE&BARREL GTN
2025-07-10 12:43:01.928 -04:00 [DBG] 	TASK 2 released the mutex (finished SEARCHing)
2025-07-10 12:43:01.928 -04:00 [INF] Finished searching incomplete events for CRATE&BARREL GTN in 02:14.46
2025-07-10 12:43:01.928 -04:00 [DBG] 	TASK 4 has the mutex (currently searching)
2025-07-10 12:43:01.928 -04:00 [INF] 	TASK 2: Searched and retriggered 0 events in 02:14.46
2025-07-10 12:43:01.928 -04:00 [DBG] FISMacro using screeen ID 1039891776 now searching incomplete events from subscription FORTUNEBRANDS...
2025-07-10 12:43:01.928 -04:00 [DBG]  ====__ TASK 2: instance 1039891776 requesting mutex to run SEARCH __====
2025-07-10 12:43:02.645 -04:00 [INF] TASK 4: Searching incomplete events under subscription DEERE 008 RAIL
2025-07-10 12:43:41.389 -04:00 [INF] Found 0 events under subscription DEERE 008 RAIL
2025-07-10 12:43:41.391 -04:00 [DBG] 	TASK 4 released the mutex (finished SEARCHing)
2025-07-10 12:43:41.392 -04:00 [INF] Finished searching incomplete events for DEERE 008 RAIL in 02:53.92
2025-07-10 12:43:41.392 -04:00 [DBG] 	TASK 0 has the mutex (currently searching)
2025-07-10 12:43:41.393 -04:00 [INF] 	TASK 4: Searched and retriggered 0 events in 02:53.92
2025-07-10 12:43:41.400 -04:00 [DBG] FISMacro using screeen ID 1730362117 now searching incomplete events from subscription HOMEDE 156...
2025-07-10 12:43:41.400 -04:00 [DBG]  ====__ TASK 4: instance 1730362117 requesting mutex to run SEARCH __====
2025-07-10 12:43:42.126 -04:00 [INF] TASK 0: Searching incomplete events under subscription DHLDAN 047
2025-07-10 12:44:58.640 -04:00 [INF] Found 50 events under subscription DHLDAN 047
2025-07-10 12:44:58.640 -04:00 [DBG] 	TASK 0 released the mutex (finished SEARCHing)
2025-07-10 12:44:58.640 -04:00 [INF] Finished searching incomplete events for DHLDAN 047 in 04:11.18
2025-07-10 12:44:58.640 -04:00 [DBG] 	TASK 1 has the mutex (currently searching)
2025-07-10 12:44:59.357 -04:00 [INF] TASK 1: Searching incomplete events under subscription DHLDAN 47
2025-07-10 12:45:50.048 -04:00 [INF] Found 50 events under subscription DHLDAN 47
2025-07-10 12:45:50.063 -04:00 [DBG] 	TASK 1 released the mutex (finished SEARCHing)
2025-07-10 12:45:50.063 -04:00 [INF] Finished searching incomplete events for DHLDAN 47 in 05:02.59
2025-07-10 12:45:50.063 -04:00 [DBG] 	TASK 3 has the mutex (currently SENDing)
2025-07-10 12:45:50.070 -04:00 [DBG] TASK 0 found a valid container!
2025-07-10 12:45:50.070 -04:00 [DBG]  __== TASK 0: instance 957477799 requesting mutex to run SEND ==__
2025-07-10 12:45:50.101 -04:00 [DBG] TASK 1 found a valid container!
2025-07-10 12:45:50.101 -04:00 [DBG]  __== TASK 1: instance 2111164682 requesting mutex to run SEND ==__
2025-07-10 12:45:51.085 -04:00 [INF] TASK 3 retriggered event 7 of 50 under subscription 3MCOMP 11
2025-07-10 12:45:51.090 -04:00 [DBG] 	TASK 3 released the mutex (finished SENDing)
2025-07-10 12:45:51.090 -04:00 [DBG] 	TASK 2 has the mutex (currently searching)
2025-07-10 12:45:51.094 -04:00 [DBG] ===Task 3:
	Row 8 of 50:	14062993	|HLBU  9542199	|07/08/2025	|4:36 PM	|VDEP	|BRSSZ	|OPT	|HLCUBSC2505AZAB4	|I	| 	|3MCOMP 11
2025-07-10 12:45:51.598 -04:00 [DBG] TASK 3 finished waiting
2025-07-10 12:45:52.074 -04:00 [DBG] TASK 3 found a valid container!
2025-07-10 12:45:52.074 -04:00 [DBG]  __== TASK 3: instance 456066043 requesting mutex to run SEND ==__
2025-07-10 12:45:52.689 -04:00 [INF] TASK 2: Searching incomplete events under subscription FORTUNEBRANDS
2025-07-10 12:46:32.505 -04:00 [INF] Found 7 events under subscription FORTUNEBRANDS
2025-07-10 12:46:32.505 -04:00 [DBG] 	TASK 2 released the mutex (finished SEARCHing)
2025-07-10 12:46:32.505 -04:00 [INF] Finished searching incomplete events for FORTUNEBRANDS in 03:30.57
2025-07-10 12:46:32.505 -04:00 [DBG] 	TASK 4 has the mutex (currently searching)
2025-07-10 12:46:32.636 -04:00 [DBG]  __== TASK 2: instance 1039891776 requesting mutex to run SEND ==__
2025-07-10 12:46:33.222 -04:00 [INF] TASK 4: Searching incomplete events under subscription HOMEDE 156
2025-07-10 12:47:38.847 -04:00 [INF] Found 50 events under subscription HOMEDE 156
2025-07-10 12:47:38.847 -04:00 [DBG] 	TASK 4 released the mutex (finished SEARCHing)
2025-07-10 12:47:38.847 -04:00 [INF] Finished searching incomplete events for HOMEDE 156 in 03:57.45
2025-07-10 12:47:38.847 -04:00 [DBG] 	TASK 0 has the mutex (currently SENDing)
2025-07-10 12:47:39.945 -04:00 [INF] TASK 0 retriggered event 1 of 50 under subscription DHLDAN 047
2025-07-10 12:47:39.950 -04:00 [DBG] 	TASK 1 has the mutex (currently SENDing)
2025-07-10 12:47:39.950 -04:00 [DBG] 	TASK 0 released the mutex (finished SENDing)
2025-07-10 12:47:39.956 -04:00 [DBG] ===Task 0:
	Row 2 of 50:	10092447	|FANU  3170727	|07/07/2025	|5:00 AM	|ARRD	|MXATM	|END	|HLCULIV250683261	|I	| 	|DHLDAN 047
2025-07-10 12:47:40.460 -04:00 [DBG] TASK 0 finished waiting
2025-07-10 12:47:40.919 -04:00 [DBG] TASK 4 found a valid container!
2025-07-10 12:47:40.919 -04:00 [DBG]  __== TASK 4: instance 1730362117 requesting mutex to run SEND ==__
2025-07-10 12:47:41.654 -04:00 [INF] TASK 1 retriggered event 2 of 50 under subscription DHLDAN 47
2025-07-10 12:47:41.658 -04:00 [DBG] 	TASK 3 has the mutex (currently SENDing)
2025-07-10 12:47:41.658 -04:00 [DBG] 	TASK 1 released the mutex (finished SENDing)
2025-07-10 12:47:41.659 -04:00 [DBG] ===Task 1:
	Row 3 of 50:	10092447	|FANU  3170727	|07/07/2025	|7:06 PM	|VDEP	|GBSOU	|OPL	|HLCULIV250683261	|I	| 	|DHLDAN 47
2025-07-10 12:47:42.166 -04:00 [DBG] TASK 1 finished waiting
2025-07-10 12:47:42.410 -04:00 [DBG] TASK 1 found a valid container!
2025-07-10 12:47:42.410 -04:00 [DBG]  __== TASK 1: instance 2111164682 requesting mutex to run SEND ==__
2025-07-10 12:47:42.510 -04:00 [DBG] TASK 0 found a valid container!
2025-07-10 12:47:42.510 -04:00 [DBG]  __== TASK 0: instance 957477799 requesting mutex to run SEND ==__
2025-07-10 12:47:43.256 -04:00 [INF] TASK 3 retriggered event 18 of 50 under subscription 3MCOMP 11
2025-07-10 12:47:43.259 -04:00 [DBG] 	TASK 3 released the mutex (finished SENDing)
2025-07-10 12:47:43.260 -04:00 [DBG] ===Task 3:
	Row 19 of 50:	21452002	|DAYU  6118560	|07/09/2025	|12:54 PM	|VDEP	|BEANR	|SRT	|HLCUANR250630770	|I	| 	|3MCOMP 11
2025-07-10 12:47:43.259 -04:00 [DBG] 	TASK 2 has the mutex (currently SENDing)
2025-07-10 12:47:43.262 -04:00 [INF] TASK 2 found no valid containers in subscription FORTUNEBRANDS
2025-07-10 12:47:43.264 -04:00 [DBG] 	TASK 4 has the mutex (currently SENDing)
2025-07-10 12:47:43.264 -04:00 [DBG] 	TASK 2 released the mutex (finished SENDing)
2025-07-10 12:47:43.266 -04:00 [INF] 	TASK 2: Searched and retriggered 7 events in 04:41.33
2025-07-10 12:47:43.275 -04:00 [DBG] FISMacro using screeen ID 1039891776 now searching incomplete events from subscription KONTOO 4...
2025-07-10 12:47:43.276 -04:00 [DBG]  ====__ TASK 2: instance 1039891776 requesting mutex to run SEARCH __====
2025-07-10 12:47:43.762 -04:00 [DBG] TASK 3 finished waiting
2025-07-10 12:47:45.048 -04:00 [INF] TASK 4 retriggered event 1 of 50 under subscription HOMEDE 156
2025-07-10 12:47:45.049 -04:00 [DBG] 	TASK 4 released the mutex (finished SENDing)
2025-07-10 12:47:45.049 -04:00 [DBG] ===Task 4:
	Row 2 of 50:	12057044	|CAIU  8464057	|07/06/2025	|7:20 AM	|VDEP	|KHKOS	|SRT	|HLCUPN7250613146	|I	| 	|HOMEDE 156
2025-07-10 12:47:45.049 -04:00 [DBG] 	TASK 1 has the mutex (currently SENDing)
2025-07-10 12:47:45.564 -04:00 [DBG] TASK 4 finished waiting
2025-07-10 12:47:45.885 -04:00 [DBG] TASK 4 found a valid container!
2025-07-10 12:47:45.885 -04:00 [DBG]  __== TASK 4: instance 1730362117 requesting mutex to run SEND ==__
2025-07-10 12:47:46.104 -04:00 [DBG]  __== TASK 3: instance 456066043 requesting mutex to run SEND ==__
2025-07-10 12:47:47.165 -04:00 [INF] TASK 1 retriggered event 3 of 50 under subscription DHLDAN 47
2025-07-10 12:47:47.165 -04:00 [DBG] 	TASK 1 released the mutex (finished SENDing)
2025-07-10 12:47:47.165 -04:00 [DBG] 	TASK 0 has the mutex (currently SENDing)
2025-07-10 12:47:47.165 -04:00 [DBG] ===Task 1:
	Row 4 of 50:	10092447	|GCXU  5917989	|07/07/2025	|7:06 PM	|VDEP	|GBSOU	|OPL	|HLCULIV250683261	|I	| 	|DHLDAN 47
2025-07-10 12:47:47.673 -04:00 [DBG] TASK 1 finished waiting
2025-07-10 12:47:48.097 -04:00 [DBG] TASK 1 found a valid container!
2025-07-10 12:47:48.097 -04:00 [DBG]  __== TASK 1: instance 2111164682 requesting mutex to run SEND ==__
2025-07-10 12:47:48.770 -04:00 [INF] TASK 0 retriggered event 2 of 50 under subscription DHLDAN 047
2025-07-10 12:47:48.772 -04:00 [DBG] 	TASK 0 released the mutex (finished SENDing)
2025-07-10 12:47:48.772 -04:00 [DBG] 	TASK 2 has the mutex (currently searching)
2025-07-10 12:47:48.772 -04:00 [DBG] ===Task 0:
	Row 3 of 50:	10092447	|FANU  3170727	|07/07/2025	|7:06 PM	|VDEP	|GBSOU	|OPL	|HLCULIV250683261	|I	| 	|DHLDAN 047
2025-07-10 12:47:49.287 -04:00 [DBG] TASK 0 finished waiting
2025-07-10 12:47:49.598 -04:00 [DBG] TASK 0 found a valid container!
2025-07-10 12:47:49.598 -04:00 [DBG]  __== TASK 0: instance 957477799 requesting mutex to run SEND ==__
2025-07-10 12:47:50.258 -04:00 [INF] TASK 2: Searching incomplete events under subscription KONTOO 4
2025-07-10 12:48:47.373 -04:00 [INF] Found 50 events under subscription KONTOO 4
2025-07-10 12:48:47.373 -04:00 [DBG] 	TASK 2 released the mutex (finished SEARCHing)
2025-07-10 12:48:47.373 -04:00 [INF] Finished searching incomplete events for KONTOO 4 in 01:04.10
2025-07-10 12:48:47.373 -04:00 [DBG] 	TASK 4 has the mutex (currently SENDing)
2025-07-10 12:48:48.392 -04:00 [INF] TASK 4 retriggered event 2 of 50 under subscription HOMEDE 156
2025-07-10 12:48:48.396 -04:00 [DBG] 	TASK 4 released the mutex (finished SENDing)
2025-07-10 12:48:48.396 -04:00 [DBG] ===Task 4:
	Row 3 of 50:	12787222	|FANU  1803873	|07/06/2025	|2:00 AM	|DEPD	|USCHS	|SRT	|NONE	|I	| 	|HOMEDE 156
2025-07-10 12:48:48.396 -04:00 [DBG] 	TASK 3 has the mutex (currently SENDing)
2025-07-10 12:48:48.396 -04:00 [INF] TASK 3 found no valid containers in subscription 3MCOMP 11
2025-07-10 12:48:48.397 -04:00 [DBG] 	TASK 1 has the mutex (currently SENDing)
2025-07-10 12:48:48.397 -04:00 [DBG] 	TASK 3 released the mutex (finished SENDing)
2025-07-10 12:48:48.397 -04:00 [INF] 	TASK 3: Searched and retriggered 50 events in 08:00.93
2025-07-10 12:48:48.402 -04:00 [DBG] FISMacro using screeen ID 456066043 now searching incomplete events from subscription LOVESA 4...
2025-07-10 12:48:48.402 -04:00 [DBG]  ====__ TASK 3: instance 456066043 requesting mutex to run SEARCH __====
2025-07-10 12:48:48.907 -04:00 [DBG] TASK 4 finished waiting
2025-07-10 12:48:49.287 -04:00 [DBG] TASK 4 found a valid container!
2025-07-10 12:48:49.287 -04:00 [DBG]  __== TASK 4: instance 1730362117 requesting mutex to run SEND ==__
2025-07-10 12:48:50.383 -04:00 [INF] TASK 1 retriggered event 14 of 50 under subscription DHLDAN 47
2025-07-10 12:48:50.385 -04:00 [DBG] 	TASK 1 released the mutex (finished SENDing)
2025-07-10 12:48:50.385 -04:00 [DBG] ===Task 1:
	Row 15 of 50:	10434776	|HLXU  1275302	|07/09/2025	|2:54 PM	|VDEP	|INNSA	|OPL	|HLCUBO12506BWMY5	|I	| 	|DHLDAN 47
2025-07-10 12:48:50.385 -04:00 [DBG] 	TASK 0 has the mutex (currently SENDing)
2025-07-10 12:48:50.900 -04:00 [DBG] TASK 1 finished waiting
2025-07-10 12:48:51.239 -04:00 [DBG]  __== TASK 2: instance 1039891776 requesting mutex to run SEND ==__
2025-07-10 12:48:51.270 -04:00 [DBG] TASK 1 found a valid container!
2025-07-10 12:48:51.270 -04:00 [DBG]  __== TASK 1: instance 2111164682 requesting mutex to run SEND ==__
2025-07-10 12:48:52.328 -04:00 [INF] TASK 0 retriggered event 3 of 50 under subscription DHLDAN 047
2025-07-10 12:48:52.330 -04:00 [DBG] 	TASK 0 released the mutex (finished SENDing)
2025-07-10 12:48:52.330 -04:00 [DBG] ===Task 0:
	Row 4 of 50:	10092447	|GCXU  5917989	|07/07/2025	|7:06 PM	|VDEP	|GBSOU	|OPL	|HLCULIV250683261	|I	| 	|DHLDAN 047
2025-07-10 12:48:52.330 -04:00 [DBG] 	TASK 3 has the mutex (currently searching)
2025-07-10 12:48:52.845 -04:00 [DBG] TASK 0 finished waiting
2025-07-10 12:48:53.175 -04:00 [DBG] TASK 0 found a valid container!
2025-07-10 12:48:53.175 -04:00 [DBG]  __== TASK 0: instance 957477799 requesting mutex to run SEND ==__
2025-07-10 12:48:53.954 -04:00 [INF] TASK 3: Searching incomplete events under subscription LOVESA 4
2025-07-10 12:49:54.873 -04:00 [INF] Found 1 events under subscription LOVESA 4
2025-07-10 12:49:54.873 -04:00 [DBG] 	TASK 3 released the mutex (finished SEARCHing)
2025-07-10 12:49:54.873 -04:00 [INF] Finished searching incomplete events for LOVESA 4 in 01:06.48
2025-07-10 12:49:54.873 -04:00 [DBG] 	TASK 4 has the mutex (currently SENDing)
2025-07-10 12:49:55.877 -04:00 [INF] TASK 4 retriggered event 3 of 50 under subscription HOMEDE 156
2025-07-10 12:49:55.889 -04:00 [DBG] 	TASK 2 has the mutex (currently SENDing)
2025-07-10 12:49:55.889 -04:00 [INF] TASK 2 found no valid containers in subscription KONTOO 4
2025-07-10 12:49:55.889 -04:00 [DBG] 	TASK 4 released the mutex (finished SENDing)
2025-07-10 12:49:55.889 -04:00 [DBG] ===Task 4:
	Row 4 of 50:	12057044	|FSCU  8243984	|07/06/2025	|7:20 AM	|VDEP	|BDCGP	|SRT	|NONE	|I	| 	|HOMEDE 156
2025-07-10 12:49:55.890 -04:00 [DBG] 	TASK 2 released the mutex (finished SENDing)
2025-07-10 12:49:55.890 -04:00 [DBG] 	TASK 1 has the mutex (currently SENDing)
2025-07-10 12:49:55.890 -04:00 [INF] 	TASK 2: Searched and retriggered 50 events in 02:12.61
2025-07-10 12:49:55.896 -04:00 [DBG] FISMacro using screeen ID 1039891776 now searching incomplete events from subscription MASTER 651...
2025-07-10 12:49:55.897 -04:00 [DBG]  ====__ TASK 2: instance 1039891776 requesting mutex to run SEARCH __====
2025-07-10 12:49:56.432 -04:00 [DBG] TASK 4 finished waiting
2025-07-10 12:49:56.936 -04:00 [DBG] TASK 3 found a valid container!
2025-07-10 12:49:56.936 -04:00 [DBG]  __== TASK 3: instance 456066043 requesting mutex to run SEND ==__
2025-07-10 12:49:57.613 -04:00 [INF] TASK 1 retriggered event 21 of 50 under subscription DHLDAN 47
2025-07-10 12:49:57.625 -04:00 [DBG] 	TASK 1 released the mutex (finished SENDing)
2025-07-10 12:49:57.625 -04:00 [DBG] ===Task 1:
	Row 22 of 50:	10762713	|HLBU  3818150	|07/09/2025	|4:00 PM	|VDEP	|NLRTM	|OPT	|HLCUDUR250529353	|I	| 	|DHLDAN 47
2025-07-10 12:49:57.627 -04:00 [DBG] 	TASK 0 has the mutex (currently SENDing)
2025-07-10 12:49:58.135 -04:00 [DBG] TASK 1 finished waiting
2025-07-10 12:49:58.496 -04:00 [DBG] TASK 4 found a valid container!
2025-07-10 12:49:58.496 -04:00 [DBG]  __== TASK 4: instance 1730362117 requesting mutex to run SEND ==__
2025-07-10 12:49:58.497 -04:00 [DBG] TASK 1 found a valid container!
2025-07-10 12:49:58.497 -04:00 [DBG]  __== TASK 1: instance 2111164682 requesting mutex to run SEND ==__
2025-07-10 12:49:59.332 -04:00 [INF] TASK 0 retriggered event 4 of 50 under subscription DHLDAN 047
2025-07-10 12:49:59.334 -04:00 [DBG] 	TASK 0 released the mutex (finished SENDing)
2025-07-10 12:49:59.334 -04:00 [DBG] 	TASK 2 has the mutex (currently searching)
2025-07-10 12:49:59.334 -04:00 [DBG] ===Task 0:
	Row 5 of 50:	10092447	|GCXU  5917989	|07/07/2025	|7:06 PM	|VDEP	|GBSOU	|OPL	|HLCULIV250683261	|I	| 	|DHLDAN 047
2025-07-10 12:49:59.845 -04:00 [DBG] TASK 0 finished waiting
2025-07-10 12:50:00.050 -04:00 [DBG] TASK 0 found a valid container!
2025-07-10 12:50:00.050 -04:00 [DBG]  __== TASK 0: instance 957477799 requesting mutex to run SEND ==__
2025-07-10 12:50:00.713 -04:00 [INF] TASK 2: Searching incomplete events under subscription MASTER 651
2025-07-10 12:51:02.445 -04:00 [INF] Found 18 events under subscription MASTER 651
2025-07-10 12:51:02.445 -04:00 [DBG] 	TASK 2 released the mutex (finished SEARCHing)
2025-07-10 12:51:02.445 -04:00 [INF] Finished searching incomplete events for MASTER 651 in 01:06.55
2025-07-10 12:51:02.445 -04:00 [DBG] 	TASK 3 has the mutex (currently SENDing)
2025-07-10 12:51:02.760 -04:00 [DBG]  __== TASK 2: instance 1039891776 requesting mutex to run SEND ==__
2025-07-10 12:51:03.601 -04:00 [INF] TASK 3 retriggered event 1 of 1 under subscription LOVESA 4
2025-07-10 12:51:03.602 -04:00 [DBG] 	TASK 3 released the mutex (finished SENDing)
2025-07-10 12:51:03.602 -04:00 [DBG] 	TASK 4 has the mutex (currently SENDing)
2025-07-10 12:51:03.602 -04:00 [DBG] ===Task 3:
	Row 2 of 1:	52132875	|BMOU  5576515	|07/06/2025	|2:42 AM	|VDEP	|CNNGB	|OPT	|HLCUKUL250621599	|I	| 	|LOVESA 4
2025-07-10 12:51:04.118 -04:00 [DBG] TASK 3 finished waiting
2025-07-10 12:51:04.118 -04:00 [INF] 	TASK 3: Searched and retriggered 1 events in 02:15.71
2025-07-10 12:51:04.120 -04:00 [DBG] FISMacro using screeen ID 456066043 now searching incomplete events from subscription TARGET 113...
2025-07-10 12:51:04.120 -04:00 [DBG]  ====__ TASK 3: instance 456066043 requesting mutex to run SEARCH __====
2025-07-10 12:51:05.445 -04:00 [INF] TASK 4 retriggered event 4 of 50 under subscription HOMEDE 156
2025-07-10 12:51:05.445 -04:00 [DBG] 	TASK 4 released the mutex (finished SENDing)
2025-07-10 12:51:05.445 -04:00 [DBG] ===Task 4:
	Row 5 of 50:	10190703	|UACU  5344515	|07/06/2025	|7:20 AM	|VDEP	|KHKOS	|SRT	|NONE	|I	| 	|HOMEDE 156
2025-07-10 12:51:05.445 -04:00 [DBG] 	TASK 1 has the mutex (currently SENDing)
2025-07-10 12:51:05.956 -04:00 [DBG] TASK 4 finished waiting
2025-07-10 12:51:06.194 -04:00 [DBG] TASK 4 found a valid container!
2025-07-10 12:51:06.194 -04:00 [DBG]  __== TASK 4: instance 1730362117 requesting mutex to run SEND ==__
2025-07-10 12:51:07.145 -04:00 [INF] TASK 1 retriggered event 24 of 50 under subscription DHLDAN 47
2025-07-10 12:51:07.147 -04:00 [DBG] 	TASK 1 released the mutex (finished SENDing)
2025-07-10 12:51:07.147 -04:00 [DBG] 	TASK 0 has the mutex (currently SENDing)
2025-07-10 12:51:07.147 -04:00 [DBG] ===Task 1:
	Row 25 of 50:	20297335	|HAMU  3924960	|07/09/2025	|3:54 AM	|VDEP	|CLVAP	|SRT	|NONE	|I	| 	|DHLDAN 47
2025-07-10 12:51:07.658 -04:00 [DBG] TASK 1 finished waiting
2025-07-10 12:51:07.924 -04:00 [DBG] TASK 1 found a valid container!
2025-07-10 12:51:07.924 -04:00 [DBG]  __== TASK 1: instance 2111164682 requesting mutex to run SEND ==__
2025-07-10 12:51:08.912 -04:00 [INF] TASK 0 retriggered event 5 of 50 under subscription DHLDAN 047
2025-07-10 12:51:08.919 -04:00 [DBG] 	TASK 0 released the mutex (finished SENDing)
2025-07-10 12:51:08.919 -04:00 [DBG] ===Task 0:
	Row 6 of 50:	10434776	|HLXU  1275302	|07/09/2025	|2:54 PM	|VDEP	|INNSA	|OPL	|HLCUBO12506BWMY5	|I	| 	|DHLDAN 047
2025-07-10 12:51:08.919 -04:00 [DBG] 	TASK 2 has the mutex (currently SENDing)
2025-07-10 12:51:08.919 -04:00 [INF] TASK 2 found no valid containers in subscription MASTER 651
2025-07-10 12:51:08.920 -04:00 [DBG] 	TASK 2 released the mutex (finished SENDing)
2025-07-10 12:51:08.920 -04:00 [DBG] 	TASK 3 has the mutex (currently searching)
2025-07-10 12:51:08.920 -04:00 [INF] 	TASK 2: Searched and retriggered 18 events in 01:13.02
2025-07-10 12:51:08.925 -04:00 [DBG] FISMacro using screeen ID 1039891776 now searching incomplete events from subscription TARGET 113 GTN...
2025-07-10 12:51:08.925 -04:00 [DBG]  ====__ TASK 2: instance 1039891776 requesting mutex to run SEARCH __====
2025-07-10 12:51:09.423 -04:00 [DBG] TASK 0 finished waiting
2025-07-10 12:51:09.661 -04:00 [DBG] TASK 0 found a valid container!
2025-07-10 12:51:09.661 -04:00 [DBG]  __== TASK 0: instance 957477799 requesting mutex to run SEND ==__
2025-07-10 12:51:10.468 -04:00 [INF] TASK 3: Searching incomplete events under subscription TARGET 113
2025-07-10 12:51:49.767 -04:00 [INF] Found 50 events under subscription TARGET 113
2025-07-10 12:51:49.768 -04:00 [DBG] 	TASK 3 released the mutex (finished SEARCHing)
2025-07-10 12:51:49.768 -04:00 [INF] Finished searching incomplete events for TARGET 113 in 00:45.64
2025-07-10 12:51:49.768 -04:00 [DBG] 	TASK 4 has the mutex (currently SENDing)
2025-07-10 12:51:49.859 -04:00 [DBG] TASK 3 found a valid container!
2025-07-10 12:51:49.859 -04:00 [DBG]  __== TASK 3: instance 456066043 requesting mutex to run SEND ==__
2025-07-10 12:51:50.784 -04:00 [INF] TASK 4 retriggered event 5 of 50 under subscription HOMEDE 156
2025-07-10 12:51:50.788 -04:00 [DBG] 	TASK 1 has the mutex (currently SENDing)
2025-07-10 12:51:50.788 -04:00 [DBG] 	TASK 4 released the mutex (finished SENDing)
2025-07-10 12:51:50.788 -04:00 [DBG] ===Task 4:
	Row 6 of 50:	13085836	|TRLU  8616900	|07/10/2025	|3:11 PM	|VDEP	|CNZJG	|SRT	|HLCUNK2250610670	|I	| 	|HOMEDE 156
2025-07-10 12:51:51.303 -04:00 [DBG] TASK 4 finished waiting
2025-07-10 12:51:51.802 -04:00 [DBG] TASK 4 found a valid container!
2025-07-10 12:51:51.802 -04:00 [DBG]  __== TASK 4: instance 1730362117 requesting mutex to run SEND ==__
2025-07-10 12:51:52.830 -04:00 [INF] TASK 1 retriggered event 27 of 50 under subscription DHLDAN 47
2025-07-10 12:51:52.831 -04:00 [DBG] 	TASK 1 released the mutex (finished SENDing)
2025-07-10 12:51:52.832 -04:00 [DBG] ===Task 1:
	Row 28 of 50:	11054897	|HLBU  1514122	|07/06/2025	|11:54 PM	|VDEP	|NLRTM	|OPT	|HLCULE1250563336	|I	| 	|DHLDAN 47
2025-07-10 12:51:52.831 -04:00 [DBG] 	TASK 2 has the mutex (currently searching)
2025-07-10 12:51:53.344 -04:00 [DBG] TASK 1 finished waiting
2025-07-10 12:51:53.563 -04:00 [DBG] TASK 1 found a valid container!
2025-07-10 12:51:53.563 -04:00 [DBG]  __== TASK 1: instance 2111164682 requesting mutex to run SEND ==__
2025-07-10 12:51:54.246 -04:00 [INF] TASK 2: Searching incomplete events under subscription TARGET 113 GTN
2025-07-10 12:52:35.949 -04:00 [INF] Found 50 events under subscription TARGET 113 GTN
2025-07-10 12:52:35.949 -04:00 [DBG] 	TASK 2 released the mutex (finished SEARCHing)
2025-07-10 12:52:35.949 -04:00 [INF] Finished searching incomplete events for TARGET 113 GTN in 01:27.02
2025-07-10 12:52:35.949 -04:00 [DBG] 	TASK 0 has the mutex (currently SENDing)
2025-07-10 12:52:37.038 -04:00 [INF] TASK 0 retriggered event 6 of 50 under subscription DHLDAN 047
2025-07-10 12:52:37.042 -04:00 [DBG] 	TASK 0 released the mutex (finished SENDing)
2025-07-10 12:52:37.043 -04:00 [DBG] ===Task 0:
	Row 7 of 50:	10762713	|HLBU  3818150	|07/09/2025	|4:00 PM	|VDEP	|NLRTM	|OPT	|HLCUDUR250529353	|I	| 	|DHLDAN 047
2025-07-10 12:52:37.042 -04:00 [DBG] 	TASK 3 has the mutex (currently SENDing)
2025-07-10 12:52:37.557 -04:00 [DBG] TASK 0 finished waiting
2025-07-10 12:52:39.073 -04:00 [INF] TASK 3 retriggered event 5 of 50 under subscription TARGET 113
2025-07-10 12:52:39.079 -04:00 [DBG] 	TASK 3 released the mutex (finished SENDing)
2025-07-10 12:52:39.079 -04:00 [DBG] ===Task 3:
	Row 6 of 50:	15871615	|FANU  1429280	|07/17/2025	|6:30 AM	|DEPD	|INMUN	|OPL	|NONE	|I	| 	|TARGET 113
2025-07-10 12:52:39.079 -04:00 [DBG] 	TASK 4 has the mutex (currently SENDing)
2025-07-10 12:52:39.593 -04:00 [DBG] TASK 3 finished waiting
2025-07-10 12:52:39.877 -04:00 [DBG] TASK 2 found a valid container!
2025-07-10 12:52:39.877 -04:00 [DBG]  __== TASK 2: instance 1039891776 requesting mutex to run SEND ==__
2025-07-10 12:52:39.891 -04:00 [DBG] TASK 0 found a valid container!
2025-07-10 12:52:39.891 -04:00 [DBG]  __== TASK 0: instance 957477799 requesting mutex to run SEND ==__
2025-07-10 12:52:40.146 -04:00 [DBG] TASK 3 found a valid container!
2025-07-10 12:52:40.146 -04:00 [DBG]  __== TASK 3: instance 456066043 requesting mutex to run SEND ==__
2025-07-10 12:52:41.092 -04:00 [INF] TASK 4 retriggered event 17 of 50 under subscription HOMEDE 156
2025-07-10 12:52:41.100 -04:00 [DBG] 	TASK 1 has the mutex (currently SENDing)
2025-07-10 12:52:41.100 -04:00 [DBG] 	TASK 4 released the mutex (finished SENDing)
2025-07-10 12:52:41.100 -04:00 [DBG] ===Task 4:
	Row 18 of 50:	14991564	|HLBU  2809051	|07/06/2025	|3:48 PM	|VDEP	|THLCH	|SRT	|HLCUBKK2505AQPF6	|I	| 	|HOMEDE 156
2025-07-10 12:52:41.612 -04:00 [DBG] TASK 4 finished waiting
2025-07-10 12:52:41.929 -04:00 [DBG] TASK 4 found a valid container!
2025-07-10 12:52:41.929 -04:00 [DBG]  __== TASK 4: instance 1730362117 requesting mutex to run SEND ==__
2025-07-10 12:52:43.291 -04:00 [INF] TASK 1 retriggered event 28 of 50 under subscription DHLDAN 47
2025-07-10 12:52:43.292 -04:00 [DBG] 	TASK 1 released the mutex (finished SENDing)
2025-07-10 12:52:43.292 -04:00 [DBG] ===Task 1:
	Row 29 of 50:	11054897	|HLXU  1312237	|07/06/2025	|11:54 PM	|VDEP	|NLRTM	|OPT	|HLCULE1250563336	|I	| 	|DHLDAN 47
2025-07-10 12:52:43.292 -04:00 [DBG] 	TASK 2 has the mutex (currently SENDing)
2025-07-10 12:52:43.793 -04:00 [DBG] TASK 1 finished waiting
2025-07-10 12:52:44.192 -04:00 [DBG] TASK 1 found a valid container!
2025-07-10 12:52:44.193 -04:00 [DBG]  __== TASK 1: instance 2111164682 requesting mutex to run SEND ==__
2025-07-10 12:52:45.132 -04:00 [INF] TASK 2 retriggered event 13 of 50 under subscription TARGET 113 GTN
2025-07-10 12:52:45.140 -04:00 [DBG] 	TASK 2 released the mutex (finished SENDing)
2025-07-10 12:52:45.140 -04:00 [DBG] ===Task 2:
	Row 14 of 50:	20592913	|FANU  1808670	|07/08/2025	|7:20 AM	|ARRD	|USORF	|END	|HLCUPN7250700384	|I	| 	|TARGET 113 GTN
2025-07-10 12:52:45.140 -04:00 [DBG] 	TASK 0 has the mutex (currently SENDing)
2025-07-10 12:52:45.643 -04:00 [DBG] TASK 2 finished waiting
2025-07-10 12:52:46.902 -04:00 [INF] TASK 0 retriggered event 8 of 50 under subscription DHLDAN 047
2025-07-10 12:52:46.904 -04:00 [DBG] 	TASK 3 has the mutex (currently SENDing)
2025-07-10 12:52:46.904 -04:00 [DBG] 	TASK 0 released the mutex (finished SENDing)
2025-07-10 12:52:46.905 -04:00 [DBG] ===Task 0:
	Row 9 of 50:	11054897	|HLXU  1312237	|07/13/2025	|11:00 AM	|VDEP	|NLRTM	|OPT	|HLCULE1250563336	|I	| 	|DHLDAN 047
2025-07-10 12:52:47.410 -04:00 [DBG] TASK 0 finished waiting
2025-07-10 12:52:47.987 -04:00 [DBG] TASK 0 found a valid container!
2025-07-10 12:52:47.987 -04:00 [DBG]  __== TASK 0: instance 957477799 requesting mutex to run SEND ==__
2025-07-10 12:52:48.292 -04:00 [DBG]  __== TASK 2: instance 1039891776 requesting mutex to run SEND ==__
2025-07-10 12:52:49.010 -04:00 [INF] TASK 3 retriggered event 18 of 50 under subscription TARGET 113
2025-07-10 12:52:49.012 -04:00 [DBG] 	TASK 3 released the mutex (finished SENDing)
2025-07-10 12:52:49.012 -04:00 [DBG] 	TASK 4 has the mutex (currently SENDing)
2025-07-10 12:52:49.012 -04:00 [DBG] ===Task 3:
	Row 19 of 50:	20594471	|HAMU  1807389	|07/17/2025	|6:30 AM	|DEPD	|INMUN	|OPL	|NONE	|I	| 	|TARGET 113
2025-07-10 12:52:49.530 -04:00 [DBG] TASK 3 finished waiting
2025-07-10 12:52:49.696 -04:00 [DBG] TASK 3 found a valid container!
2025-07-10 12:52:49.712 -04:00 [DBG]  __== TASK 3: instance 456066043 requesting mutex to run SEND ==__
2025-07-10 12:52:50.728 -04:00 [INF] TASK 4 retriggered event 18 of 50 under subscription HOMEDE 156
2025-07-10 12:52:50.731 -04:00 [DBG] 	TASK 4 released the mutex (finished SENDing)
2025-07-10 12:52:50.731 -04:00 [DBG] ===Task 4:
	Row 19 of 50:	15551230	|FANU  3389886	|07/06/2025	|7:20 AM	|VDEP	|KHKOS	|SRT	|HLCUPN7250523495	|I	| 	|HOMEDE 156
2025-07-10 12:52:50.731 -04:00 [DBG] 	TASK 1 has the mutex (currently SENDing)
2025-07-10 12:52:51.235 -04:00 [DBG] TASK 4 finished waiting
2025-07-10 12:52:51.433 -04:00 [DBG] TASK 4 found a valid container!
2025-07-10 12:52:51.433 -04:00 [DBG]  __== TASK 4: instance 1730362117 requesting mutex to run SEND ==__
2025-07-10 12:52:52.398 -04:00 [INF] TASK 1 retriggered event 29 of 50 under subscription DHLDAN 47
2025-07-10 12:52:52.404 -04:00 [DBG] 	TASK 1 released the mutex (finished SENDing)
2025-07-10 12:52:52.404 -04:00 [DBG] ===Task 1:
	Row 30 of 50:	11054897	|TCLU  3609909	|07/06/2025	|11:54 PM	|VDEP	|NLRTM	|OPT	|HLCULE1250563336	|I	| 	|DHLDAN 47
2025-07-10 12:52:52.404 -04:00 [DBG] 	TASK 0 has the mutex (currently SENDing)
2025-07-10 12:52:52.914 -04:00 [DBG] TASK 1 finished waiting
2025-07-10 12:52:53.307 -04:00 [DBG] TASK 1 found a valid container!
2025-07-10 12:52:53.307 -04:00 [DBG]  __== TASK 1: instance 2111164682 requesting mutex to run SEND ==__
2025-07-10 12:52:54.556 -04:00 [INF] TASK 0 retriggered event 9 of 50 under subscription DHLDAN 047
2025-07-10 12:52:54.558 -04:00 [DBG] 	TASK 0 released the mutex (finished SENDing)
2025-07-10 12:52:54.558 -04:00 [DBG] 	TASK 2 has the mutex (currently SENDing)
2025-07-10 12:52:54.558 -04:00 [DBG] ===Task 0:
	Row 10 of 50:	11054897	|TCLU  3609909	|07/06/2025	|11:00 AM	|ARRD	|NLRTM	|OPT	|NONE	|I	| 	|DHLDAN 047
2025-07-10 12:52:54.558 -04:00 [INF] TASK 2 found no valid containers in subscription TARGET 113 GTN
2025-07-10 12:52:54.559 -04:00 [DBG] 	TASK 2 released the mutex (finished SENDing)
2025-07-10 12:52:54.559 -04:00 [DBG] 	TASK 3 has the mutex (currently SENDing)
2025-07-10 12:52:54.559 -04:00 [INF] 	TASK 2: Searched and retriggered 50 events in 01:45.63
2025-07-10 12:52:54.561 -04:00 [DBG] FISMacro using screeen ID 1039891776 now searching incomplete events from subscription WALMAR 64...
2025-07-10 12:52:54.561 -04:00 [DBG]  ====__ TASK 2: instance 1039891776 requesting mutex to run SEARCH __====
2025-07-10 12:52:55.071 -04:00 [DBG] TASK 0 finished waiting
2025-07-10 12:52:55.266 -04:00 [DBG] TASK 0 found a valid container!
2025-07-10 12:52:55.266 -04:00 [DBG]  __== TASK 0: instance 957477799 requesting mutex to run SEND ==__
2025-07-10 12:52:56.275 -04:00 [INF] TASK 3 retriggered event 19 of 50 under subscription TARGET 113
2025-07-10 12:52:56.279 -04:00 [DBG] 	TASK 4 has the mutex (currently SENDing)
2025-07-10 12:52:56.279 -04:00 [DBG] 	TASK 3 released the mutex (finished SENDing)
2025-07-10 12:52:56.280 -04:00 [DBG] ===Task 3:
	Row 20 of 50:	20594471	|HAMU  2689911	|07/17/2025	|6:30 AM	|DEPD	|INMUN	|OPL	|NONE	|I	| 	|TARGET 113
2025-07-10 12:52:56.786 -04:00 [DBG] TASK 3 finished waiting
2025-07-10 12:52:57.203 -04:00 [DBG] TASK 3 found a valid container!
2025-07-10 12:52:57.203 -04:00 [DBG]  __== TASK 3: instance 456066043 requesting mutex to run SEND ==__
2025-07-10 12:52:58.062 -04:00 [INF] TASK 4 retriggered event 19 of 50 under subscription HOMEDE 156
2025-07-10 12:52:58.066 -04:00 [DBG] 	TASK 4 released the mutex (finished SENDing)
2025-07-10 12:52:58.066 -04:00 [DBG] 	TASK 1 has the mutex (currently SENDing)
2025-07-10 12:52:58.066 -04:00 [DBG] ===Task 4:
	Row 20 of 50:	16402147	|HLXU  1192975	|07/06/2025	|7:20 AM	|VDEP	|KHKOS	|SRT	|HLCUPN7250600598	|I	| 	|HOMEDE 156
2025-07-10 12:52:58.574 -04:00 [DBG] TASK 4 finished waiting
2025-07-10 12:52:58.808 -04:00 [DBG] TASK 4 found a valid container!
2025-07-10 12:52:58.808 -04:00 [DBG]  __== TASK 4: instance 1730362117 requesting mutex to run SEND ==__
2025-07-10 12:52:59.643 -04:00 [INF] TASK 1 retriggered event 30 of 50 under subscription DHLDAN 47
2025-07-10 12:52:59.645 -04:00 [DBG] 	TASK 2 has the mutex (currently searching)
2025-07-10 12:52:59.645 -04:00 [DBG] 	TASK 1 released the mutex (finished SENDing)
2025-07-10 12:52:59.645 -04:00 [DBG] ===Task 1:
	Row 31 of 50:	11054897	|TEMU  1053510	|07/06/2025	|11:54 PM	|VDEP	|NLRTM	|OPT	|HLCULE1250563336	|I	| 	|DHLDAN 47
2025-07-10 12:53:00.159 -04:00 [DBG] TASK 1 finished waiting
2025-07-10 12:53:00.399 -04:00 [DBG] TASK 1 found a valid container!
2025-07-10 12:53:00.399 -04:00 [DBG]  __== TASK 1: instance 2111164682 requesting mutex to run SEND ==__
2025-07-10 12:53:01.106 -04:00 [INF] TASK 2: Searching incomplete events under subscription WALMAR 64
2025-07-10 12:53:52.863 -04:00 [INF] Found 6 events under subscription WALMAR 64
2025-07-10 12:53:52.863 -04:00 [DBG] 	TASK 2 released the mutex (finished SEARCHing)
2025-07-10 12:53:52.863 -04:00 [INF] Finished searching incomplete events for WALMAR 64 in 00:58.30
2025-07-10 12:53:52.863 -04:00 [DBG] 	TASK 0 has the mutex (currently SENDing)
2025-07-10 12:53:52.869 -04:00 [DBG] TASK 2 found a valid container!
2025-07-10 12:53:52.869 -04:00 [DBG]  __== TASK 2: instance 1039891776 requesting mutex to run SEND ==__
2025-07-10 12:53:54.188 -04:00 [INF] TASK 0 retriggered event 10 of 50 under subscription DHLDAN 047
2025-07-10 12:53:54.189 -04:00 [DBG] 	TASK 0 released the mutex (finished SENDing)
2025-07-10 12:53:54.189 -04:00 [DBG] 	TASK 3 has the mutex (currently SENDing)
2025-07-10 12:53:54.189 -04:00 [DBG] ===Task 0:
	Row 11 of 50:	11054897	|TEMU  1053510	|07/06/2025	|11:54 PM	|VDEP	|NLRTM	|OPT	|HLCULE1250563336	|I	| 	|DHLDAN 047
2025-07-10 12:53:54.703 -04:00 [DBG] TASK 0 finished waiting
2025-07-10 12:53:55.272 -04:00 [DBG] TASK 0 found a valid container!
2025-07-10 12:53:55.272 -04:00 [DBG]  __== TASK 0: instance 957477799 requesting mutex to run SEND ==__
2025-07-10 12:53:56.454 -04:00 [INF] TASK 3 retriggered event 26 of 50 under subscription TARGET 113
2025-07-10 12:53:56.454 -04:00 [DBG] 	TASK 3 released the mutex (finished SENDing)
2025-07-10 12:53:56.454 -04:00 [DBG] 	TASK 4 has the mutex (currently SENDing)
2025-07-10 12:53:56.454 -04:00 [DBG] ===Task 3:
	Row 27 of 50:	22778013	|CAIU  7957228	|07/17/2025	|6:30 AM	|DEPD	|INMUN	|OPL	|NONE	|I	| 	|TARGET 113
2025-07-10 12:53:56.980 -04:00 [DBG] TASK 3 finished waiting
2025-07-10 12:53:57.999 -04:00 [DBG] TASK 3 found a valid container!
2025-07-10 12:53:57.999 -04:00 [DBG]  __== TASK 3: instance 456066043 requesting mutex to run SEND ==__
2025-07-10 12:53:58.734 -04:00 [INF] TASK 4 retriggered event 21 of 50 under subscription HOMEDE 156
2025-07-10 12:53:58.743 -04:00 [DBG] 	TASK 4 released the mutex (finished SENDing)
2025-07-10 12:53:58.743 -04:00 [DBG] ===Task 4:
	Row 22 of 50:	18401349	|FANU  1184700	|07/06/2025	|3:48 PM	|VDEP	|THLCH	|SRT	|HLCUBKK250640750	|I	| 	|HOMEDE 156
2025-07-10 12:53:58.743 -04:00 [DBG] 	TASK 1 has the mutex (currently SENDing)
2025-07-10 12:53:59.246 -04:00 [DBG] TASK 4 finished waiting
2025-07-10 12:53:59.590 -04:00 [DBG] TASK 4 found a valid container!
2025-07-10 12:53:59.591 -04:00 [DBG]  __== TASK 4: instance 1730362117 requesting mutex to run SEND ==__
2025-07-10 12:54:00.639 -04:00 [INF] TASK 1 retriggered event 31 of 50 under subscription DHLDAN 47
2025-07-10 12:54:00.640 -04:00 [DBG] 	TASK 1 released the mutex (finished SENDing)
2025-07-10 12:54:00.640 -04:00 [DBG] ===Task 1:
	Row 32 of 50:	11054897	|UACU  3805860	|07/06/2025	|11:54 PM	|VDEP	|NLRTM	|OPT	|HLCULE1250563336	|I	| 	|DHLDAN 47
2025-07-10 12:54:00.640 -04:00 [DBG] 	TASK 2 has the mutex (currently SENDing)
2025-07-10 12:54:01.143 -04:00 [DBG] TASK 1 finished waiting
2025-07-10 12:54:01.594 -04:00 [DBG] TASK 1 found a valid container!
2025-07-10 12:54:01.594 -04:00 [DBG]  __== TASK 1: instance 2111164682 requesting mutex to run SEND ==__
2025-07-10 12:54:02.487 -04:00 [INF] TASK 2 retriggered event 1 of 6 under subscription WALMAR 64
2025-07-10 12:54:02.489 -04:00 [DBG] 	TASK 2 released the mutex (finished SENDing)
2025-07-10 12:54:02.489 -04:00 [DBG] ===Task 2:
	Row 2 of 6:	24289020	|HLBU  9046624	|07/07/2025	|5:48 PM	|GIFU	|BEANR	|SRT	|NONE	|I	| 	|WALMAR 64
2025-07-10 12:54:02.489 -04:00 [DBG] 	TASK 0 has the mutex (currently SENDing)
2025-07-10 12:54:02.996 -04:00 [DBG] TASK 2 finished waiting
2025-07-10 12:54:03.289 -04:00 [DBG] TASK 2 found a valid container!
2025-07-10 12:54:03.289 -04:00 [DBG]  __== TASK 2: instance 1039891776 requesting mutex to run SEND ==__
2025-07-10 12:54:04.187 -04:00 [INF] TASK 0 retriggered event 11 of 50 under subscription DHLDAN 047
2025-07-10 12:54:04.189 -04:00 [DBG] 	TASK 3 has the mutex (currently SENDing)
2025-07-10 12:54:04.189 -04:00 [DBG] 	TASK 0 released the mutex (finished SENDing)
2025-07-10 12:54:04.189 -04:00 [DBG] ===Task 0:
	Row 12 of 50:	11054897	|UACU  3805860	|07/06/2025	|11:54 PM	|VDEP	|NLRTM	|OPT	|HLCULE1250563336	|I	| 	|DHLDAN 047
2025-07-10 12:54:04.696 -04:00 [DBG] TASK 0 finished waiting
2025-07-10 12:54:05.080 -04:00 [DBG] TASK 0 found a valid container!
2025-07-10 12:54:05.080 -04:00 [DBG]  __== TASK 0: instance 957477799 requesting mutex to run SEND ==__
2025-07-10 12:54:06.106 -04:00 [INF] TASK 3 retriggered event 27 of 50 under subscription TARGET 113
2025-07-10 12:54:06.112 -04:00 [DBG] 	TASK 3 released the mutex (finished SENDing)
2025-07-10 12:54:06.112 -04:00 [DBG] 	TASK 4 has the mutex (currently SENDing)
2025-07-10 12:54:06.112 -04:00 [DBG] ===Task 3:
	Row 28 of 50:	22778013	|TEMU  7432932	|07/17/2025	|6:30 AM	|DEPD	|INMUN	|OPL	|NONE	|I	| 	|TARGET 113
2025-07-10 12:54:06.615 -04:00 [DBG] TASK 3 finished waiting
2025-07-10 12:54:07.075 -04:00 [DBG] TASK 3 found a valid container!
2025-07-10 12:54:07.075 -04:00 [DBG]  __== TASK 3: instance 456066043 requesting mutex to run SEND ==__
2025-07-10 12:54:08.112 -04:00 [INF] TASK 4 retriggered event 23 of 50 under subscription HOMEDE 156
2025-07-10 12:54:08.114 -04:00 [DBG] 	TASK 1 has the mutex (currently SENDing)
2025-07-10 12:54:08.114 -04:00 [DBG] 	TASK 4 released the mutex (finished SENDing)
2025-07-10 12:54:08.115 -04:00 [DBG] ===Task 4:
	Row 24 of 50:	20114402	|TCLU  1772814	|07/06/2025	|7:20 AM	|VDEP	|KHKOS	|SRT	|HLCUPN7250611966	|I	| 	|HOMEDE 156
2025-07-10 12:54:08.616 -04:00 [DBG] TASK 4 finished waiting
2025-07-10 12:54:09.053 -04:00 [DBG] TASK 4 found a valid container!
2025-07-10 12:54:09.053 -04:00 [DBG]  __== TASK 4: instance 1730362117 requesting mutex to run SEND ==__
2025-07-10 12:54:10.369 -04:00 [INF] TASK 1 retriggered event 36 of 50 under subscription DHLDAN 47
2025-07-10 12:54:10.369 -04:00 [DBG] 	TASK 1 released the mutex (finished SENDing)
2025-07-10 12:54:10.369 -04:00 [DBG] 	TASK 2 has the mutex (currently SENDing)
2025-07-10 12:54:10.369 -04:00 [DBG] ===Task 1:
	Row 37 of 50:	11215255	|TCLU  8230728	|07/07/2025	|6:12 AM	|VDEP	|DEHAM	|SRT	|HLCUHAM250608519	|I	| 	|DHLDAN 47
2025-07-10 12:54:10.881 -04:00 [DBG] TASK 1 finished waiting
2025-07-10 12:54:11.318 -04:00 [DBG] TASK 1 found a valid container!
2025-07-10 12:54:11.318 -04:00 [DBG]  __== TASK 1: instance 2111164682 requesting mutex to run SEND ==__
2025-07-10 12:54:12.286 -04:00 [INF] TASK 2 retriggered event 2 of 6 under subscription WALMAR 64
2025-07-10 12:54:12.292 -04:00 [DBG] 	TASK 2 released the mutex (finished SENDing)
2025-07-10 12:54:12.292 -04:00 [DBG] 	TASK 0 has the mutex (currently SENDing)
2025-07-10 12:54:12.292 -04:00 [DBG] ===Task 2:
	Row 3 of 6:	28610422	|HAMU  4632509	|07/09/2025	|8:41 AM	|GOFU	|VNSGN	|SRT	|HLCUSGN2506AQSR6	|I	| 	|WALMAR 64
2025-07-10 12:54:12.806 -04:00 [DBG] TASK 2 finished waiting
2025-07-10 12:54:13.916 -04:00 [DBG] TASK 2 found a valid container!
2025-07-10 12:54:13.917 -04:00 [DBG]  __== TASK 2: instance 1039891776 requesting mutex to run SEND ==__
2025-07-10 12:54:14.963 -04:00 [INF] TASK 0 retriggered event 12 of 50 under subscription DHLDAN 047
2025-07-10 12:54:14.964 -04:00 [DBG] 	TASK 0 released the mutex (finished SENDing)
2025-07-10 12:54:14.965 -04:00 [DBG] ===Task 0:
	Row 13 of 50:	11215255	|TCLU  8230728	|07/07/2025	|6:12 AM	|VDEP	|DEHAM	|SRT	|HLCUHAM250608519	|I	| 	|DHLDAN 047
2025-07-10 12:54:14.965 -04:00 [DBG] 	TASK 3 has the mutex (currently SENDing)
2025-07-10 12:54:15.475 -04:00 [DBG] TASK 0 finished waiting
2025-07-10 12:54:15.772 -04:00 [DBG] TASK 0 found a valid container!
2025-07-10 12:54:15.772 -04:00 [DBG]  __== TASK 0: instance 957477799 requesting mutex to run SEND ==__
2025-07-10 12:54:17.136 -04:00 [INF] TASK 3 retriggered event 33 of 50 under subscription TARGET 113
2025-07-10 12:54:17.136 -04:00 [DBG] 	TASK 3 released the mutex (finished SENDing)
2025-07-10 12:54:17.136 -04:00 [DBG] 	TASK 4 has the mutex (currently SENDing)
2025-07-10 12:54:17.136 -04:00 [DBG] ===Task 3:
	Row 34 of 50:	25264170	|HAMU  1757082	|07/17/2025	|6:30 AM	|DEPD	|INMUN	|OPL	|NONE	|I	| 	|TARGET 113
2025-07-10 12:54:17.653 -04:00 [DBG] TASK 3 finished waiting
2025-07-10 12:54:17.935 -04:00 [DBG] TASK 3 found a valid container!
2025-07-10 12:54:17.935 -04:00 [DBG]  __== TASK 3: instance 456066043 requesting mutex to run SEND ==__
2025-07-10 12:54:19.153 -04:00 [INF] TASK 4 retriggered event 24 of 50 under subscription HOMEDE 156
2025-07-10 12:54:19.153 -04:00 [DBG] 	TASK 4 released the mutex (finished SENDing)
2025-07-10 12:54:19.153 -04:00 [DBG] ===Task 4:
	Row 25 of 50:	20297335	|HAMU  3924960	|07/09/2025	|3:54 AM	|VDEP	|CNTXG	|SRT	|HLCUEUR250610278	|I	| 	|HOMEDE 156
2025-07-10 12:54:19.153 -04:00 [DBG] 	TASK 1 has the mutex (currently SENDing)
2025-07-10 12:54:19.677 -04:00 [DBG] TASK 4 finished waiting
2025-07-10 12:54:20.032 -04:00 [DBG] TASK 4 found a valid container!
2025-07-10 12:54:20.032 -04:00 [DBG]  __== TASK 4: instance 1730362117 requesting mutex to run SEND ==__
2025-07-10 12:54:21.102 -04:00 [INF] TASK 1 retriggered event 37 of 50 under subscription DHLDAN 47
2025-07-10 12:54:21.106 -04:00 [DBG] 	TASK 1 released the mutex (finished SENDing)
2025-07-10 12:54:21.107 -04:00 [DBG] ===Task 1:
	Row 38 of 50:	11260393	|FANU  1808670	|07/06/2025	|7:20 AM	|VDEP	|KHKOS	|SRT	|HLCUPN7250700384	|I	| 	|DHLDAN 47
2025-07-10 12:54:21.107 -04:00 [DBG] 	TASK 2 has the mutex (currently SENDing)
2025-07-10 12:54:21.621 -04:00 [DBG] TASK 1 finished waiting
2025-07-10 12:54:22.123 -04:00 [DBG] TASK 1 found a valid container!
2025-07-10 12:54:22.123 -04:00 [DBG]  __== TASK 1: instance 2111164682 requesting mutex to run SEND ==__
2025-07-10 12:54:23.427 -04:00 [INF] TASK 2 retriggered event 3 of 6 under subscription WALMAR 64
2025-07-10 12:54:23.429 -04:00 [DBG] 	TASK 2 released the mutex (finished SENDing)
2025-07-10 12:54:23.429 -04:00 [DBG] ===Task 2:
	Row 4 of 6:	28610422	|HAMU  4632690	|07/09/2025	|10:10 AM	|GOFU	|VNSGN	|SRT	|HLCUSGN2506AQSR6	|I	| 	|WALMAR 64
2025-07-10 12:54:23.429 -04:00 [DBG] 	TASK 0 has the mutex (currently SENDing)
2025-07-10 12:54:23.935 -04:00 [DBG] TASK 2 finished waiting
2025-07-10 12:54:24.219 -04:00 [DBG] TASK 2 found a valid container!
2025-07-10 12:54:24.219 -04:00 [DBG]  __== TASK 2: instance 1039891776 requesting mutex to run SEND ==__
2025-07-10 12:54:25.143 -04:00 [INF] TASK 0 retriggered event 13 of 50 under subscription DHLDAN 047
2025-07-10 12:54:25.147 -04:00 [DBG] 	TASK 0 released the mutex (finished SENDing)
2025-07-10 12:54:25.147 -04:00 [DBG] ===Task 0:
	Row 14 of 50:	11260393	|FANU  1808670	|07/06/2025	|7:20 AM	|VDEP	|KHKOS	|SRT	|HLCUPN7250700384	|I	| 	|DHLDAN 047
2025-07-10 12:54:25.147 -04:00 [DBG] 	TASK 3 has the mutex (currently SENDing)
2025-07-10 12:54:25.650 -04:00 [DBG] TASK 0 finished waiting
2025-07-10 12:54:26.020 -04:00 [DBG] TASK 0 found a valid container!
2025-07-10 12:54:26.020 -04:00 [DBG]  __== TASK 0: instance 957477799 requesting mutex to run SEND ==__
2025-07-10 12:54:27.367 -04:00 [INF] TASK 3 retriggered event 34 of 50 under subscription TARGET 113
2025-07-10 12:54:27.367 -04:00 [DBG] 	TASK 3 released the mutex (finished SENDing)
2025-07-10 12:54:27.367 -04:00 [DBG] 	TASK 4 has the mutex (currently SENDing)
2025-07-10 12:54:27.367 -04:00 [DBG] ===Task 3:
	Row 35 of 50:	25264170	|HAMU  2575164	|07/17/2025	|6:30 AM	|DEPD	|INMUN	|OPL	|NONE	|I	| 	|TARGET 113
2025-07-10 12:54:27.883 -04:00 [DBG] TASK 3 finished waiting
2025-07-10 12:54:28.231 -04:00 [DBG] TASK 3 found a valid container!
2025-07-10 12:54:28.231 -04:00 [DBG]  __== TASK 3: instance 456066043 requesting mutex to run SEND ==__
2025-07-10 12:54:29.362 -04:00 [INF] TASK 4 retriggered event 25 of 50 under subscription HOMEDE 156
2025-07-10 12:54:29.362 -04:00 [DBG] 	TASK 4 released the mutex (finished SENDing)
2025-07-10 12:54:29.362 -04:00 [DBG] ===Task 4:
	Row 26 of 50:	20297335	|HLXU  8312244	|07/09/2025	|3:54 AM	|VDEP	|CNTXG	|SRT	|HLCUEUR250610278	|I	| 	|HOMEDE 156
2025-07-10 12:54:29.362 -04:00 [DBG] 	TASK 1 has the mutex (currently SENDing)
2025-07-10 12:54:29.875 -04:00 [DBG] TASK 4 finished waiting
2025-07-10 12:54:30.178 -04:00 [DBG] TASK 4 found a valid container!
2025-07-10 12:54:30.178 -04:00 [DBG]  __== TASK 4: instance 1730362117 requesting mutex to run SEND ==__
2025-07-10 12:54:31.076 -04:00 [INF] TASK 1 retriggered event 38 of 50 under subscription DHLDAN 47
2025-07-10 12:54:31.086 -04:00 [DBG] 	TASK 1 released the mutex (finished SENDing)
2025-07-10 12:54:31.087 -04:00 [DBG] ===Task 1:
	Row 39 of 50:	11390371	|HAMU  4607424	|07/06/2025	|7:20 AM	|VDEP	|KHKOS	|SRT	|HLCUPN7250700402	|I	| 	|DHLDAN 47
2025-07-10 12:54:31.086 -04:00 [DBG] 	TASK 2 has the mutex (currently SENDing)
2025-07-10 12:54:31.608 -04:00 [DBG] TASK 1 finished waiting
2025-07-10 12:54:32.011 -04:00 [DBG] TASK 1 found a valid container!
2025-07-10 12:54:32.011 -04:00 [DBG]  __== TASK 1: instance 2111164682 requesting mutex to run SEND ==__
2025-07-10 12:54:32.882 -04:00 [INF] TASK 2 retriggered event 4 of 6 under subscription WALMAR 64
2025-07-10 12:54:32.888 -04:00 [DBG] 	TASK 2 released the mutex (finished SENDing)
2025-07-10 12:54:32.888 -04:00 [DBG] 	TASK 0 has the mutex (currently SENDing)
2025-07-10 12:54:32.888 -04:00 [DBG] ===Task 2:
	Row 5 of 6:	28610422	|HAMU  4632788	|07/09/2025	|8:47 AM	|GOFU	|VNSGN	|SRT	|HLCUSGN2506AQSR6	|I	| 	|WALMAR 64
2025-07-10 12:54:33.395 -04:00 [DBG] TASK 2 finished waiting
2025-07-10 12:54:33.711 -04:00 [DBG] TASK 2 found a valid container!
2025-07-10 12:54:33.711 -04:00 [DBG]  __== TASK 2: instance 1039891776 requesting mutex to run SEND ==__
2025-07-10 12:54:34.613 -04:00 [INF] TASK 0 retriggered event 14 of 50 under subscription DHLDAN 047
2025-07-10 12:54:34.615 -04:00 [DBG] 	TASK 0 released the mutex (finished SENDing)
2025-07-10 12:54:34.615 -04:00 [DBG] 	TASK 3 has the mutex (currently SENDing)
2025-07-10 12:54:34.615 -04:00 [DBG] ===Task 0:
	Row 15 of 50:	11390371	|HAMU  4607424	|07/06/2025	|7:20 AM	|VDEP	|KHKOS	|SRT	|HLCUPN7250700402	|I	| 	|DHLDAN 047
2025-07-10 12:54:35.117 -04:00 [DBG] TASK 0 finished waiting
2025-07-10 12:54:35.371 -04:00 [DBG] TASK 0 found a valid container!
2025-07-10 12:54:35.371 -04:00 [DBG]  __== TASK 0: instance 957477799 requesting mutex to run SEND ==__
2025-07-10 12:54:36.369 -04:00 [INF] TASK 3 retriggered event 35 of 50 under subscription TARGET 113
2025-07-10 12:54:36.372 -04:00 [DBG] 	TASK 3 released the mutex (finished SENDing)
2025-07-10 12:54:36.372 -04:00 [DBG] 	TASK 4 has the mutex (currently SENDing)
2025-07-10 12:54:36.373 -04:00 [DBG] ===Task 3:
	Row 36 of 50:	25264170	|HLBU  3133763	|07/17/2025	|6:30 AM	|DEPD	|INMUN	|OPL	|NONE	|I	| 	|TARGET 113
2025-07-10 12:54:36.877 -04:00 [DBG] TASK 3 finished waiting
2025-07-10 12:54:37.384 -04:00 [DBG] TASK 3 found a valid container!
2025-07-10 12:54:37.384 -04:00 [DBG]  __== TASK 3: instance 456066043 requesting mutex to run SEND ==__
2025-07-10 12:54:38.160 -04:00 [INF] TASK 4 retriggered event 28 of 50 under subscription HOMEDE 156
2025-07-10 12:54:38.162 -04:00 [DBG] 	TASK 4 released the mutex (finished SENDing)
2025-07-10 12:54:38.162 -04:00 [DBG] 	TASK 1 has the mutex (currently SENDing)
2025-07-10 12:54:38.162 -04:00 [DBG] ===Task 4:
	Row 29 of 50:	22778917	|HLBU  3813349	|07/06/2025	|2:42 AM	|VDEP	|CNNGB	|SRT	|HLCUNG12412VPSU9	|I	| 	|HOMEDE 156
2025-07-10 12:54:38.673 -04:00 [DBG] TASK 4 finished waiting
2025-07-10 12:54:39.049 -04:00 [DBG] TASK 4 found a valid container!
2025-07-10 12:54:39.049 -04:00 [DBG]  __== TASK 4: instance 1730362117 requesting mutex to run SEND ==__
2025-07-10 12:54:40.103 -04:00 [INF] TASK 1 retriggered event 47 of 50 under subscription DHLDAN 47
2025-07-10 12:54:40.104 -04:00 [DBG] 	TASK 1 released the mutex (finished SENDing)
2025-07-10 12:54:40.104 -04:00 [DBG] ===Task 1:
	Row 48 of 50:	11741281	|HAMU  1920760	|07/07/2025	|8:24 AM	|VDEP	|NLRTM	|SRT	|HLCUHAM2506APTP0	|I	| 	|DHLDAN 47
2025-07-10 12:54:40.104 -04:00 [DBG] 	TASK 2 has the mutex (currently SENDing)
2025-07-10 12:54:40.637 -04:00 [DBG] TASK 1 finished waiting
2025-07-10 12:54:40.975 -04:00 [DBG] TASK 1 found a valid container!
2025-07-10 12:54:40.975 -04:00 [DBG]  __== TASK 1: instance 2111164682 requesting mutex to run SEND ==__
2025-07-10 12:54:42.037 -04:00 [INF] TASK 2 retriggered event 5 of 6 under subscription WALMAR 64
2025-07-10 12:54:42.040 -04:00 [DBG] 	TASK 2 released the mutex (finished SENDing)
2025-07-10 12:54:42.040 -04:00 [DBG] ===Task 2:
	Row 6 of 6:	70045415	|HAMU  4631230	|07/09/2025	|10:00 AM	|GOFU	|VNSGN	|SRT	|HLCUSGN250680095	|I	| 	|WALMAR 64
2025-07-10 12:54:42.040 -04:00 [DBG] 	TASK 0 has the mutex (currently SENDing)
2025-07-10 12:54:42.541 -04:00 [DBG] TASK 2 finished waiting
2025-07-10 12:54:42.865 -04:00 [DBG] TASK 2 found a valid container!
2025-07-10 12:54:42.865 -04:00 [DBG]  __== TASK 2: instance 1039891776 requesting mutex to run SEND ==__
2025-07-10 12:54:43.807 -04:00 [INF] TASK 0 retriggered event 15 of 50 under subscription DHLDAN 047
2025-07-10 12:54:43.809 -04:00 [DBG] 	TASK 3 has the mutex (currently SENDing)
2025-07-10 12:54:43.809 -04:00 [DBG] 	TASK 0 released the mutex (finished SENDing)
2025-07-10 12:54:43.809 -04:00 [DBG] ===Task 0:
	Row 16 of 50:	11751993	|TCKU  3548426	|07/09/2025	|3:30 PM	|VDEP	|INMUN	|OPL	|HLCUDE1250641920	|I	| 	|DHLDAN 047
2025-07-10 12:54:44.315 -04:00 [DBG] TASK 0 finished waiting
2025-07-10 12:54:44.529 -04:00 [DBG] TASK 0 found a valid container!
2025-07-10 12:54:44.529 -04:00 [DBG]  __== TASK 0: instance 957477799 requesting mutex to run SEND ==__
2025-07-10 12:54:45.563 -04:00 [INF] TASK 3 retriggered event 45 of 50 under subscription TARGET 113
2025-07-10 12:54:45.565 -04:00 [DBG] 	TASK 3 released the mutex (finished SENDing)
2025-07-10 12:54:45.565 -04:00 [DBG] 	TASK 4 has the mutex (currently SENDing)
2025-07-10 12:54:45.566 -04:00 [DBG] ===Task 3:
	Row 46 of 50:	26483192	|HLBU  1087400	|07/06/2025	|4:00 AM	|DEPD	|OMSLL	|OPT	|NONE	|I	| 	|TARGET 113
2025-07-10 12:54:46.078 -04:00 [DBG] TASK 3 finished waiting
2025-07-10 12:54:46.471 -04:00 [DBG] TASK 3 found a valid container!
2025-07-10 12:54:46.471 -04:00 [DBG]  __== TASK 3: instance 456066043 requesting mutex to run SEND ==__
2025-07-10 12:54:47.684 -04:00 [INF] TASK 4 retriggered event 33 of 50 under subscription HOMEDE 156
2025-07-10 12:54:47.684 -04:00 [DBG] 	TASK 4 released the mutex (finished SENDing)
2025-07-10 12:54:47.684 -04:00 [DBG] ===Task 4:
	Row 34 of 50:	25107506	|HLBU  2843307	|07/06/2025	|3:48 PM	|VDEP	|THLCH	|SRT	|NONE	|I	| 	|HOMEDE 156
2025-07-10 12:54:47.684 -04:00 [DBG] 	TASK 1 has the mutex (currently SENDing)
2025-07-10 12:54:48.191 -04:00 [DBG] TASK 4 finished waiting
2025-07-10 12:54:48.464 -04:00 [DBG] TASK 4 found a valid container!
2025-07-10 12:54:48.464 -04:00 [DBG]  __== TASK 4: instance 1730362117 requesting mutex to run SEND ==__
2025-07-10 12:54:49.431 -04:00 [INF] TASK 1 retriggered event 49 of 50 under subscription DHLDAN 47
2025-07-10 12:54:49.434 -04:00 [DBG] 	TASK 1 released the mutex (finished SENDing)
2025-07-10 12:54:49.435 -04:00 [DBG] ===Task 1:
	Row 50 of 50:	11751993	|TCKU  3548426	|07/09/2025	|3:30 PM	|VDEP	|INMUN	|OPL	|HLCUDE1250641920	|I	| 	|DHLDAN 47
2025-07-10 12:54:49.434 -04:00 [DBG] 	TASK 2 has the mutex (currently SENDing)
2025-07-10 12:54:49.947 -04:00 [DBG] TASK 1 finished waiting
2025-07-10 12:54:50.171 -04:00 [DBG]  __== TASK 1: instance 2111164682 requesting mutex to run SEND ==__
2025-07-10 12:54:51.074 -04:00 [INF] TASK 2 retriggered event 6 of 6 under subscription WALMAR 64
2025-07-10 12:54:51.075 -04:00 [DBG] 	TASK 2 released the mutex (finished SENDing)
2025-07-10 12:54:51.075 -04:00 [DBG] ===Task 2:
	Row 7 of 6:	70045415	|HAMU  4637310	|07/09/2025	|8:47 AM	|GOFU	|VNSGN	|SRT	|HLCUSGN250680095	|I	| 	|WALMAR 64
2025-07-10 12:54:51.075 -04:00 [DBG] 	TASK 0 has the mutex (currently SENDing)
2025-07-10 12:54:51.586 -04:00 [DBG] TASK 2 finished waiting
2025-07-10 12:54:51.586 -04:00 [INF] 	TASK 2: Searched and retriggered 6 events in 01:57.02
2025-07-10 12:54:51.594 -04:00 [INF] 
==========
Task 2 has finished all its events
==========
2025-07-10 12:54:52.831 -04:00 [INF] TASK 0 retriggered event 16 of 50 under subscription DHLDAN 047
2025-07-10 12:54:52.835 -04:00 [DBG] 	TASK 0 released the mutex (finished SENDing)
2025-07-10 12:54:52.835 -04:00 [DBG] 	TASK 3 has the mutex (currently SENDing)
2025-07-10 12:54:52.835 -04:00 [DBG] ===Task 0:
	Row 17 of 50:	12087958	|HAMU  2805708	|07/09/2025	|8:12 PM	|VDEP	|MYTPP	|OPT	|HLCUEUR2505AWTV5	|I	| 	|DHLDAN 047
2025-07-10 12:54:53.343 -04:00 [DBG] TASK 0 finished waiting
2025-07-10 12:54:53.517 -04:00 [DBG] TASK 0 found a valid container!
2025-07-10 12:54:53.517 -04:00 [DBG]  __== TASK 0: instance 957477799 requesting mutex to run SEND ==__
2025-07-10 12:54:54.544 -04:00 [INF] TASK 3 retriggered event 46 of 50 under subscription TARGET 113
2025-07-10 12:54:54.544 -04:00 [DBG] 	TASK 3 released the mutex (finished SENDing)
2025-07-10 12:54:54.544 -04:00 [DBG] 	TASK 4 has the mutex (currently SENDing)
2025-07-10 12:54:54.544 -04:00 [DBG] ===Task 3:
	Row 47 of 50:	26483192	|HLBU  1087400	|07/09/2025	|2:00 AM	|ARRD	|USSAV	|END	|NONE	|I	| 	|TARGET 113
2025-07-10 12:54:55.056 -04:00 [DBG] TASK 3 finished waiting
2025-07-10 12:54:55.277 -04:00 [DBG] TASK 3 found a valid container!
2025-07-10 12:54:55.277 -04:00 [DBG]  __== TASK 3: instance 456066043 requesting mutex to run SEND ==__
2025-07-10 12:54:56.137 -04:00 [INF] TASK 4 retriggered event 35 of 50 under subscription HOMEDE 156
2025-07-10 12:54:56.140 -04:00 [DBG] 	TASK 4 released the mutex (finished SENDing)
2025-07-10 12:54:56.141 -04:00 [DBG] ===Task 4:
	Row 36 of 50:	27471916	|HAMU  1885490	|07/06/2025	|3:48 PM	|VDEP	|THLCH	|SRT	|HLCUBKK2505AQPW3	|I	| 	|HOMEDE 156
2025-07-10 12:54:56.141 -04:00 [DBG] 	TASK 1 has the mutex (currently SENDing)
2025-07-10 12:54:56.141 -04:00 [INF] TASK 1 found no valid containers in subscription DHLDAN 47
2025-07-10 12:54:56.143 -04:00 [DBG] 	TASK 1 released the mutex (finished SENDing)
2025-07-10 12:54:56.143 -04:00 [INF] 	TASK 1: Searched and retriggered 50 events in 14:08.67
2025-07-10 12:54:56.143 -04:00 [DBG] 	TASK 0 has the mutex (currently SENDing)
2025-07-10 12:54:56.148 -04:00 [INF] 
==========
Task 1 has finished all its events
==========
2025-07-10 12:54:56.646 -04:00 [DBG] TASK 4 finished waiting
2025-07-10 12:54:56.868 -04:00 [DBG] TASK 4 found a valid container!
2025-07-10 12:54:56.868 -04:00 [DBG]  __== TASK 4: instance 1730362117 requesting mutex to run SEND ==__
2025-07-10 12:54:57.892 -04:00 [INF] TASK 0 retriggered event 17 of 50 under subscription DHLDAN 047
2025-07-10 12:54:57.895 -04:00 [DBG] 	TASK 0 released the mutex (finished SENDing)
2025-07-10 12:54:57.895 -04:00 [DBG] ===Task 0:
	Row 18 of 50:	12087958	|HAMU  3448842	|07/09/2025	|8:12 PM	|VDEP	|MYTPP	|OPT	|HLCUEUR2505AWTV5	|I	| 	|DHLDAN 047
2025-07-10 12:54:57.895 -04:00 [DBG] 	TASK 3 has the mutex (currently SENDing)
2025-07-10 12:54:58.399 -04:00 [DBG] TASK 0 finished waiting
2025-07-10 12:54:58.747 -04:00 [DBG] TASK 0 found a valid container!
2025-07-10 12:54:58.747 -04:00 [DBG]  __== TASK 0: instance 957477799 requesting mutex to run SEND ==__
2025-07-10 12:54:59.999 -04:00 [INF] TASK 3 retriggered event 47 of 50 under subscription TARGET 113
2025-07-10 12:55:00.000 -04:00 [DBG] 	TASK 4 has the mutex (currently SENDing)
2025-07-10 12:55:00.000 -04:00 [DBG] 	TASK 3 released the mutex (finished SENDing)
2025-07-10 12:55:00.000 -04:00 [DBG] ===Task 3:
	Row 48 of 50:	26483192	|HLBU  1087400	|07/10/2025	|4:30 AM	|VDEP	|PKBQM	|SRT	|NONE	|I	| 	|TARGET 113
2025-07-10 12:55:00.516 -04:00 [DBG] TASK 3 finished waiting
2025-07-10 12:55:00.834 -04:00 [DBG]  __== TASK 3: instance 456066043 requesting mutex to run SEND ==__
2025-07-10 12:55:01.750 -04:00 [INF] TASK 4 retriggered event 36 of 50 under subscription HOMEDE 156
2025-07-10 12:55:01.754 -04:00 [DBG] 	TASK 4 released the mutex (finished SENDing)
2025-07-10 12:55:01.755 -04:00 [DBG] ===Task 4:
	Row 37 of 50:	27627240	|BEAU  6002780	|07/06/2025	|3:48 PM	|VDEP	|THLCH	|SRT	|HLCUBKK250640772	|I	| 	|HOMEDE 156
2025-07-10 12:55:01.754 -04:00 [DBG] 	TASK 0 has the mutex (currently SENDing)
2025-07-10 12:55:02.267 -04:00 [DBG] TASK 4 finished waiting
2025-07-10 12:55:02.520 -04:00 [DBG] TASK 4 found a valid container!
2025-07-10 12:55:02.520 -04:00 [DBG]  __== TASK 4: instance 1730362117 requesting mutex to run SEND ==__
2025-07-10 12:55:03.377 -04:00 [INF] TASK 0 retriggered event 18 of 50 under subscription DHLDAN 047
2025-07-10 12:55:03.379 -04:00 [DBG] 	TASK 0 released the mutex (finished SENDing)
2025-07-10 12:55:03.379 -04:00 [DBG] 	TASK 3 has the mutex (currently SENDing)
2025-07-10 12:55:03.379 -04:00 [INF] TASK 3 found no valid containers in subscription TARGET 113
2025-07-10 12:55:03.379 -04:00 [DBG] ===Task 0:
	Row 19 of 50:	12213109	|MAGU  5575492	|07/06/2025	|11:54 PM	|VDEP	|CNSHA	|SRT	|HLCUSHA240808347	|I	| 	|DHLDAN 047
2025-07-10 12:55:03.381 -04:00 [DBG] 	TASK 3 released the mutex (finished SENDing)
2025-07-10 12:55:03.381 -04:00 [DBG] 	TASK 4 has the mutex (currently SENDing)
2025-07-10 12:55:03.381 -04:00 [INF] 	TASK 3: Searched and retriggered 50 events in 03:59.25
2025-07-10 12:55:03.390 -04:00 [INF] 
==========
Task 3 has finished all its events
==========
2025-07-10 12:55:03.890 -04:00 [DBG] TASK 0 finished waiting
2025-07-10 12:55:04.306 -04:00 [DBG] TASK 0 found a valid container!
2025-07-10 12:55:04.306 -04:00 [DBG]  __== TASK 0: instance 957477799 requesting mutex to run SEND ==__
2025-07-10 12:55:05.326 -04:00 [INF] TASK 4 retriggered event 37 of 50 under subscription HOMEDE 156
2025-07-10 12:55:05.328 -04:00 [DBG] 	TASK 4 released the mutex (finished SENDing)
2025-07-10 12:55:05.328 -04:00 [DBG] ===Task 4:
	Row 38 of 50:	28207454	|HAMU  3379588	|07/06/2025	|7:20 AM	|VDEP	|KHKOS	|SRT	|HLCUPN7250612015	|I	| 	|HOMEDE 156
2025-07-10 12:55:05.328 -04:00 [DBG] 	TASK 0 has the mutex (currently SENDing)
2025-07-10 12:55:05.838 -04:00 [DBG] TASK 4 finished waiting
2025-07-10 12:55:06.113 -04:00 [DBG] TASK 4 found a valid container!
2025-07-10 12:55:06.113 -04:00 [DBG]  __== TASK 4: instance 1730362117 requesting mutex to run SEND ==__
2025-07-10 12:55:07.198 -04:00 [INF] TASK 0 retriggered event 19 of 50 under subscription DHLDAN 047
2025-07-10 12:55:07.200 -04:00 [DBG] 	TASK 4 has the mutex (currently SENDing)
2025-07-10 12:55:07.200 -04:00 [DBG] 	TASK 0 released the mutex (finished SENDing)
2025-07-10 12:55:07.200 -04:00 [DBG] ===Task 0:
	Row 20 of 50:	12398690	|CAXU  5549975	|07/05/2025	|10:00 AM	|VDEP	|BBBGI	|OPT	|HLCUSHA2411GEWI4	|I	|Y	|DHLDAN 047
2025-07-10 12:55:07.702 -04:00 [DBG] TASK 0 finished waiting
2025-07-10 12:55:07.955 -04:00 [DBG] TASK 0 found a valid container!
2025-07-10 12:55:07.955 -04:00 [DBG]  __== TASK 0: instance 957477799 requesting mutex to run SEND ==__
2025-07-10 12:55:08.902 -04:00 [INF] TASK 4 retriggered event 38 of 50 under subscription HOMEDE 156
2025-07-10 12:55:08.905 -04:00 [DBG] 	TASK 4 released the mutex (finished SENDing)
2025-07-10 12:55:08.905 -04:00 [DBG] 	TASK 0 has the mutex (currently SENDing)
2025-07-10 12:55:08.905 -04:00 [DBG] ===Task 4:
	Row 39 of 50:	28426864	|TEMU  7529368	|07/06/2025	|7:20 AM	|VDEP	|KHKOS	|SRT	|HLCUPN7250611955	|I	| 	|HOMEDE 156
2025-07-10 12:55:09.414 -04:00 [DBG] TASK 4 finished waiting
2025-07-10 12:55:09.635 -04:00 [DBG] TASK 4 found a valid container!
2025-07-10 12:55:09.635 -04:00 [DBG]  __== TASK 4: instance 1730362117 requesting mutex to run SEND ==__
2025-07-10 12:55:10.446 -04:00 [INF] TASK 0 retriggered event 20 of 50 under subscription DHLDAN 047
2025-07-10 12:55:10.448 -04:00 [DBG] 	TASK 0 released the mutex (finished SENDing)
2025-07-10 12:55:10.448 -04:00 [DBG] 	TASK 4 has the mutex (currently SENDing)
2025-07-10 12:55:10.448 -04:00 [DBG] ===Task 0:
	Row 21 of 50:	12419345	|FANU  3834744	|07/10/2025	|3:50 PM	|VDEP	|CNTAC	|SRT	|HLCUNK2250605221	|I	| 	|DHLDAN 047
2025-07-10 12:55:10.951 -04:00 [DBG] TASK 0 finished waiting
2025-07-10 12:55:11.235 -04:00 [DBG] TASK 0 found a valid container!
2025-07-10 12:55:11.235 -04:00 [DBG]  __== TASK 0: instance 957477799 requesting mutex to run SEND ==__
2025-07-10 12:55:12.193 -04:00 [INF] TASK 4 retriggered event 40 of 50 under subscription HOMEDE 156
2025-07-10 12:55:12.194 -04:00 [DBG] 	TASK 4 released the mutex (finished SENDing)
2025-07-10 12:55:12.195 -04:00 [DBG] ===Task 4:
	Row 41 of 50:	28748001	|TCLU  8609157	|07/10/2025	|6:36 AM	|VDEP	|DEBRV	|OPL	|HLCUHAM2505BDUD2	|I	| 	|HOMEDE 156
2025-07-10 12:55:12.194 -04:00 [DBG] 	TASK 0 has the mutex (currently SENDing)
2025-07-10 12:55:12.701 -04:00 [DBG] TASK 4 finished waiting
2025-07-10 12:55:12.991 -04:00 [DBG] TASK 4 found a valid container!
2025-07-10 12:55:12.991 -04:00 [DBG]  __== TASK 4: instance 1730362117 requesting mutex to run SEND ==__
2025-07-10 12:55:13.803 -04:00 [INF] TASK 0 retriggered event 21 of 50 under subscription DHLDAN 047
2025-07-10 12:55:13.806 -04:00 [DBG] 	TASK 0 released the mutex (finished SENDing)
2025-07-10 12:55:13.806 -04:00 [DBG] ===Task 0:
	Row 22 of 50:	12533672	|HLBU  2188709	|07/09/2025	|7:54 PM	|VDEP	|CNNGB	|SRT	|HLCUNG12506DNUS3	|I	| 	|DHLDAN 047
2025-07-10 12:55:13.806 -04:00 [DBG] 	TASK 4 has the mutex (currently SENDing)
2025-07-10 12:55:14.312 -04:00 [DBG] TASK 0 finished waiting
2025-07-10 12:55:14.497 -04:00 [DBG] TASK 0 found a valid container!
2025-07-10 12:55:14.497 -04:00 [DBG]  __== TASK 0: instance 957477799 requesting mutex to run SEND ==__
2025-07-10 12:55:15.328 -04:00 [INF] TASK 4 retriggered event 44 of 50 under subscription HOMEDE 156
2025-07-10 12:55:15.332 -04:00 [DBG] 	TASK 4 released the mutex (finished SENDing)
2025-07-10 12:55:15.332 -04:00 [DBG] ===Task 4:
	Row 45 of 50:	29941212	|FTAU  1190327	|07/07/2025	|3:04 PM	|VDEP	|CNZHE	|SRT	|HLCUNK2250706255	|I	| 	|HOMEDE 156
2025-07-10 12:55:15.332 -04:00 [DBG] 	TASK 0 has the mutex (currently SENDing)
2025-07-10 12:55:15.838 -04:00 [DBG] TASK 4 finished waiting
2025-07-10 12:55:16.068 -04:00 [DBG] TASK 4 found a valid container!
2025-07-10 12:55:16.068 -04:00 [DBG]  __== TASK 4: instance 1730362117 requesting mutex to run SEND ==__
2025-07-10 12:55:16.984 -04:00 [INF] TASK 0 retriggered event 22 of 50 under subscription DHLDAN 047
2025-07-10 12:55:16.986 -04:00 [DBG] 	TASK 0 released the mutex (finished SENDing)
2025-07-10 12:55:16.987 -04:00 [DBG] ===Task 0:
	Row 23 of 50:	12771369	|HLBU  9768231	|07/09/2025	|2:54 PM	|VDEP	|INNSA	|SRT	|HLCUBO12506BJEP6	|I	| 	|DHLDAN 047
2025-07-10 12:55:16.987 -04:00 [DBG] 	TASK 4 has the mutex (currently SENDing)
2025-07-10 12:55:17.498 -04:00 [DBG] TASK 0 finished waiting
2025-07-10 12:55:17.668 -04:00 [DBG] TASK 0 found a valid container!
2025-07-10 12:55:17.668 -04:00 [DBG]  __== TASK 0: instance 957477799 requesting mutex to run SEND ==__
2025-07-10 12:55:18.607 -04:00 [INF] TASK 4 retriggered event 45 of 50 under subscription HOMEDE 156
2025-07-10 12:55:18.608 -04:00 [DBG] 	TASK 0 has the mutex (currently SENDing)
2025-07-10 12:55:18.608 -04:00 [DBG] 	TASK 4 released the mutex (finished SENDing)
2025-07-10 12:55:18.609 -04:00 [DBG] ===Task 4:
	Row 46 of 50:	29941212	|HLBU  2757261	|07/07/2025	|3:04 PM	|VDEP	|CNZHE	|SRT	|HLCUNK2250706255	|I	| 	|HOMEDE 156
2025-07-10 12:55:19.113 -04:00 [DBG] TASK 4 finished waiting
2025-07-10 12:55:19.443 -04:00 [DBG] TASK 4 found a valid container!
2025-07-10 12:55:19.443 -04:00 [DBG]  __== TASK 4: instance 1730362117 requesting mutex to run SEND ==__
2025-07-10 12:55:20.339 -04:00 [INF] TASK 0 retriggered event 23 of 50 under subscription DHLDAN 047
2025-07-10 12:55:20.341 -04:00 [DBG] 	TASK 0 released the mutex (finished SENDing)
2025-07-10 12:55:20.341 -04:00 [DBG] 	TASK 4 has the mutex (currently SENDing)
2025-07-10 12:55:20.341 -04:00 [DBG] ===Task 0:
	Row 24 of 50:	13071965	|HAMU  1383064	|07/09/2025	|7:54 PM	|VDEP	|CNNGB	|SRT	|HLCUNG12506DSVV1	|I	| 	|DHLDAN 047
2025-07-10 12:55:20.852 -04:00 [DBG] TASK 0 finished waiting
2025-07-10 12:55:21.087 -04:00 [DBG] TASK 0 found a valid container!
2025-07-10 12:55:21.087 -04:00 [DBG]  __== TASK 0: instance 957477799 requesting mutex to run SEND ==__
2025-07-10 12:55:21.960 -04:00 [INF] TASK 4 retriggered event 46 of 50 under subscription HOMEDE 156
2025-07-10 12:55:21.963 -04:00 [DBG] 	TASK 4 released the mutex (finished SENDing)
2025-07-10 12:55:21.963 -04:00 [DBG] ===Task 4:
	Row 47 of 50:	29941212	|TGHU  1153737	|07/07/2025	|3:04 PM	|VDEP	|CNZHE	|SRT	|HLCUNK2250706255	|I	| 	|HOMEDE 156
2025-07-10 12:55:21.964 -04:00 [DBG] 	TASK 0 has the mutex (currently SENDing)
2025-07-10 12:55:22.476 -04:00 [DBG] TASK 4 finished waiting
2025-07-10 12:55:22.739 -04:00 [DBG] TASK 4 found a valid container!
2025-07-10 12:55:22.739 -04:00 [DBG]  __== TASK 4: instance 1730362117 requesting mutex to run SEND ==__
2025-07-10 12:55:23.603 -04:00 [INF] TASK 0 retriggered event 24 of 50 under subscription DHLDAN 047
2025-07-10 12:55:23.605 -04:00 [DBG] 	TASK 0 released the mutex (finished SENDing)
2025-07-10 12:55:23.605 -04:00 [DBG] ===Task 0:
	Row 25 of 50:	13071965	|HLBU  2106315	|07/09/2025	|7:54 PM	|VDEP	|CNNGB	|SRT	|HLCUNG12506DSVV1	|I	| 	|DHLDAN 047
2025-07-10 12:55:23.605 -04:00 [DBG] 	TASK 4 has the mutex (currently SENDing)
2025-07-10 12:55:24.112 -04:00 [DBG] TASK 0 finished waiting
2025-07-10 12:55:24.496 -04:00 [DBG] TASK 0 found a valid container!
2025-07-10 12:55:24.496 -04:00 [DBG]  __== TASK 0: instance 957477799 requesting mutex to run SEND ==__
2025-07-10 12:55:25.466 -04:00 [INF] TASK 4 retriggered event 47 of 50 under subscription HOMEDE 156
2025-07-10 12:55:25.468 -04:00 [DBG] 	TASK 4 released the mutex (finished SENDing)
2025-07-10 12:55:25.468 -04:00 [DBG] ===Task 4:
	Row 48 of 50:	30094790	|UETU  6894932	|07/06/2025	|3:48 PM	|VDEP	|THLCH	|SRT	|HLCUBKK250640794	|I	| 	|HOMEDE 156
2025-07-10 12:55:25.468 -04:00 [DBG] 	TASK 0 has the mutex (currently SENDing)
2025-07-10 12:55:25.975 -04:00 [DBG] TASK 4 finished waiting
2025-07-10 12:55:26.166 -04:00 [DBG] TASK 4 found a valid container!
2025-07-10 12:55:26.166 -04:00 [DBG]  __== TASK 4: instance 1730362117 requesting mutex to run SEND ==__
2025-07-10 12:55:27.340 -04:00 [INF] TASK 0 retriggered event 25 of 50 under subscription DHLDAN 047
2025-07-10 12:55:27.340 -04:00 [DBG] 	TASK 0 released the mutex (finished SENDing)
2025-07-10 12:55:27.340 -04:00 [DBG] 	TASK 4 has the mutex (currently SENDing)
2025-07-10 12:55:27.340 -04:00 [DBG] ===Task 0:
	Row 26 of 50:	13079738	|CAIU  6975973	|07/06/2025	|11:54 PM	|VDEP	|CNSHA	|SRT	|HLCUSHA240803354	|I	| 	|DHLDAN 047
2025-07-10 12:55:27.853 -04:00 [DBG] TASK 0 finished waiting
2025-07-10 12:55:28.200 -04:00 [DBG] TASK 0 found a valid container!
2025-07-10 12:55:28.200 -04:00 [DBG]  __== TASK 0: instance 957477799 requesting mutex to run SEND ==__
2025-07-10 12:55:29.432 -04:00 [INF] TASK 4 retriggered event 48 of 50 under subscription HOMEDE 156
2025-07-10 12:55:29.433 -04:00 [DBG] 	TASK 4 released the mutex (finished SENDing)
2025-07-10 12:55:29.434 -04:00 [DBG] ===Task 4:
	Row 49 of 50:	31261786	|HLBU  2509650	|07/09/2025	|3:54 AM	|VDEP	|CNTXG	|SRT	|HLCUTS1250700637	|I	| 	|HOMEDE 156
2025-07-10 12:55:29.433 -04:00 [DBG] 	TASK 0 has the mutex (currently SENDing)
2025-07-10 12:55:29.944 -04:00 [DBG] TASK 4 finished waiting
2025-07-10 12:55:30.367 -04:00 [DBG] TASK 4 found a valid container!
2025-07-10 12:55:30.367 -04:00 [DBG]  __== TASK 4: instance 1730362117 requesting mutex to run SEND ==__
2025-07-10 12:55:31.334 -04:00 [INF] TASK 0 retriggered event 26 of 50 under subscription DHLDAN 047
2025-07-10 12:55:31.338 -04:00 [DBG] 	TASK 0 released the mutex (finished SENDing)
2025-07-10 12:55:31.338 -04:00 [DBG] ===Task 0:
	Row 27 of 50:	13220311	|TXGU  7033262	|07/08/2025	|3:11 PM	|VDEP	|CNAQG	|SRT	|HLCUNK2250608698	|I	| 	|DHLDAN 047
2025-07-10 12:55:31.338 -04:00 [DBG] 	TASK 4 has the mutex (currently SENDing)
2025-07-10 12:55:31.848 -04:00 [DBG] TASK 0 finished waiting
2025-07-10 12:55:32.056 -04:00 [DBG] TASK 0 found a valid container!
2025-07-10 12:55:32.056 -04:00 [DBG]  __== TASK 0: instance 957477799 requesting mutex to run SEND ==__
2025-07-10 12:55:32.975 -04:00 [INF] TASK 4 retriggered event 49 of 50 under subscription HOMEDE 156
2025-07-10 12:55:32.979 -04:00 [DBG] 	TASK 4 released the mutex (finished SENDing)
2025-07-10 12:55:32.980 -04:00 [DBG] ===Task 4:
	Row 50 of 50:	31261786	|HLXU  8275900	|07/09/2025	|3:54 AM	|VDEP	|CNTXG	|SRT	|HLCUTS1250700637	|I	| 	|HOMEDE 156
2025-07-10 12:55:32.980 -04:00 [DBG] 	TASK 0 has the mutex (currently SENDing)
2025-07-10 12:55:33.482 -04:00 [DBG] TASK 4 finished waiting
2025-07-10 12:55:33.735 -04:00 [DBG] TASK 4 found a valid container!
2025-07-10 12:55:33.735 -04:00 [DBG]  __== TASK 4: instance 1730362117 requesting mutex to run SEND ==__
2025-07-10 12:55:34.561 -04:00 [INF] TASK 0 retriggered event 27 of 50 under subscription DHLDAN 047
2025-07-10 12:55:34.564 -04:00 [DBG] 	TASK 4 has the mutex (currently SENDing)
2025-07-10 12:55:34.564 -04:00 [DBG] 	TASK 0 released the mutex (finished SENDing)
2025-07-10 12:55:34.565 -04:00 [DBG] ===Task 0:
	Row 28 of 50:	13386093	|FCIU  7042142	|07/06/2025	|11:54 PM	|VDEP	|CNSHA	|SRT	|HLCUSHA240808380	|I	| 	|DHLDAN 047
2025-07-10 12:55:35.068 -04:00 [DBG] TASK 0 finished waiting
2025-07-10 12:55:35.554 -04:00 [DBG] TASK 0 found a valid container!
2025-07-10 12:55:35.554 -04:00 [DBG]  __== TASK 0: instance 957477799 requesting mutex to run SEND ==__
2025-07-10 12:55:36.435 -04:00 [INF] TASK 4 retriggered event 50 of 50 under subscription HOMEDE 156
2025-07-10 12:55:36.440 -04:00 [DBG] 	TASK 0 has the mutex (currently SENDing)
2025-07-10 12:55:36.440 -04:00 [DBG] 	TASK 4 released the mutex (finished SENDing)
2025-07-10 12:55:36.440 -04:00 [DBG] ===Task 4:
	Row 51 of 50:	31392541	|HAMU  3951060	|07/06/2025	|7:20 AM	|VDEP	|KHKOS	|SRT	|HLCUPN7250612512	|I	| 	|HOMEDE 156
2025-07-10 12:55:36.954 -04:00 [DBG] TASK 4 finished waiting
2025-07-10 12:55:36.955 -04:00 [INF] 	TASK 4: Searched and retriggered 50 events in 11:55.55
2025-07-10 12:55:36.959 -04:00 [INF] 
==========
Task 4 has finished all its events
==========
2025-07-10 12:55:38.346 -04:00 [INF] TASK 0 retriggered event 28 of 50 under subscription DHLDAN 047
2025-07-10 12:55:38.347 -04:00 [DBG] 	TASK 0 released the mutex (finished SENDing)
2025-07-10 12:55:38.348 -04:00 [DBG] ===Task 0:
	Row 29 of 50:	13391137	|HLBU  1824494	|07/05/2025	|2:24 AM	|VDEP	|SEHEL	|SRT	|HLCUGOT250515819	|I	| 	|DHLDAN 047
2025-07-10 12:55:38.856 -04:00 [DBG] TASK 0 finished waiting
2025-07-10 12:55:39.357 -04:00 [DBG] TASK 0 found a valid container!
2025-07-10 12:55:39.357 -04:00 [DBG]  __== TASK 0: instance 957477799 requesting mutex to run SEND ==__
2025-07-10 12:55:39.357 -04:00 [DBG] 	TASK 0 has the mutex (currently SENDing)
2025-07-10 12:55:40.555 -04:00 [INF] TASK 0 retriggered event 29 of 50 under subscription DHLDAN 047
2025-07-10 12:55:40.557 -04:00 [DBG] 	TASK 0 released the mutex (finished SENDing)
2025-07-10 12:55:40.557 -04:00 [DBG] ===Task 0:
	Row 30 of 50:	13391137	|HLXU  1129817	|07/05/2025	|2:24 AM	|VDEP	|SEHEL	|SRT	|HLCUGOT250515819	|I	| 	|DHLDAN 047
2025-07-10 12:55:41.063 -04:00 [DBG] TASK 0 finished waiting
2025-07-10 12:55:41.331 -04:00 [DBG] TASK 0 found a valid container!
2025-07-10 12:55:41.332 -04:00 [DBG]  __== TASK 0: instance 957477799 requesting mutex to run SEND ==__
2025-07-10 12:55:41.332 -04:00 [DBG] 	TASK 0 has the mutex (currently SENDing)
2025-07-10 12:55:42.447 -04:00 [INF] TASK 0 retriggered event 30 of 50 under subscription DHLDAN 047
2025-07-10 12:55:42.453 -04:00 [DBG] 	TASK 0 released the mutex (finished SENDing)
2025-07-10 12:55:42.454 -04:00 [DBG] ===Task 0:
	Row 31 of 50:	13522546	|HLBU  9982583	|07/09/2025	|1:42 PM	|VDEP	|ESVLC	|SRT	|HLCUBC1250701324	|I	| 	|DHLDAN 047
2025-07-10 12:55:42.977 -04:00 [DBG] TASK 0 finished waiting
2025-07-10 12:55:43.289 -04:00 [DBG] TASK 0 found a valid container!
2025-07-10 12:55:43.289 -04:00 [DBG]  __== TASK 0: instance 957477799 requesting mutex to run SEND ==__
2025-07-10 12:55:43.289 -04:00 [DBG] 	TASK 0 has the mutex (currently SENDing)
2025-07-10 12:55:44.647 -04:00 [INF] TASK 0 retriggered event 31 of 50 under subscription DHLDAN 047
2025-07-10 12:55:44.649 -04:00 [DBG] 	TASK 0 released the mutex (finished SENDing)
2025-07-10 12:55:44.649 -04:00 [DBG] ===Task 0:
	Row 32 of 50:	13530468	|TXGU  6832454	|07/08/2025	|3:02 PM	|VDEP	|CNNJI	|SRT	|HLCUNK2250646855	|I	| 	|DHLDAN 047
2025-07-10 12:55:45.154 -04:00 [DBG] TASK 0 finished waiting
2025-07-10 12:55:45.355 -04:00 [DBG] TASK 0 found a valid container!
2025-07-10 12:55:45.355 -04:00 [DBG]  __== TASK 0: instance 957477799 requesting mutex to run SEND ==__
2025-07-10 12:55:45.355 -04:00 [DBG] 	TASK 0 has the mutex (currently SENDing)
2025-07-10 12:55:46.431 -04:00 [INF] TASK 0 retriggered event 32 of 50 under subscription DHLDAN 047
2025-07-10 12:55:46.432 -04:00 [DBG] 	TASK 0 released the mutex (finished SENDing)
2025-07-10 12:55:46.432 -04:00 [DBG] ===Task 0:
	Row 33 of 50:	13752594	|FDCU  0335621	|07/09/2025	|8:12 PM	|VDEP	|MYTPP	|OPT	|HLCUPN7250523334	|I	| 	|DHLDAN 047
2025-07-10 12:55:46.948 -04:00 [DBG] TASK 0 finished waiting
2025-07-10 12:55:47.254 -04:00 [DBG] TASK 0 found a valid container!
2025-07-10 12:55:47.254 -04:00 [DBG]  __== TASK 0: instance 957477799 requesting mutex to run SEND ==__
2025-07-10 12:55:47.254 -04:00 [DBG] 	TASK 0 has the mutex (currently SENDing)
2025-07-10 12:55:48.291 -04:00 [INF] TASK 0 retriggered event 33 of 50 under subscription DHLDAN 047
2025-07-10 12:55:48.295 -04:00 [DBG] 	TASK 0 released the mutex (finished SENDing)
2025-07-10 12:55:48.295 -04:00 [DBG] ===Task 0:
	Row 34 of 50:	13752594	|HAMU  2345198	|07/09/2025	|8:12 PM	|VDEP	|MYTPP	|OPT	|HLCUPN7250523334	|I	| 	|DHLDAN 047
2025-07-10 12:55:48.811 -04:00 [DBG] TASK 0 finished waiting
2025-07-10 12:55:49.262 -04:00 [DBG] TASK 0 found a valid container!
2025-07-10 12:55:49.262 -04:00 [DBG]  __== TASK 0: instance 957477799 requesting mutex to run SEND ==__
2025-07-10 12:55:49.262 -04:00 [DBG] 	TASK 0 has the mutex (currently SENDing)
2025-07-10 12:55:50.381 -04:00 [INF] TASK 0 retriggered event 34 of 50 under subscription DHLDAN 047
2025-07-10 12:55:50.383 -04:00 [DBG] 	TASK 0 released the mutex (finished SENDing)
2025-07-10 12:55:50.383 -04:00 [DBG] ===Task 0:
	Row 35 of 50:	13752594	|HLBU  2547692	|07/09/2025	|8:12 PM	|VDEP	|MYTPP	|OPT	|HLCUPN7250523334	|I	| 	|DHLDAN 047
2025-07-10 12:55:50.890 -04:00 [DBG] TASK 0 finished waiting
2025-07-10 12:55:51.148 -04:00 [DBG] TASK 0 found a valid container!
2025-07-10 12:55:51.148 -04:00 [DBG]  __== TASK 0: instance 957477799 requesting mutex to run SEND ==__
2025-07-10 12:55:51.148 -04:00 [DBG] 	TASK 0 has the mutex (currently SENDing)
2025-07-10 12:55:52.163 -04:00 [INF] TASK 0 retriggered event 35 of 50 under subscription DHLDAN 047
2025-07-10 12:55:52.169 -04:00 [DBG] 	TASK 0 released the mutex (finished SENDing)
2025-07-10 12:55:52.169 -04:00 [DBG] ===Task 0:
	Row 36 of 50:	13752594	|HLBU  3432620	|07/09/2025	|8:12 PM	|VDEP	|MYTPP	|OPT	|HLCUPN7250523334	|I	| 	|DHLDAN 047
2025-07-10 12:55:52.686 -04:00 [DBG] TASK 0 finished waiting
2025-07-10 12:55:53.016 -04:00 [DBG] TASK 0 found a valid container!
2025-07-10 12:55:53.017 -04:00 [DBG]  __== TASK 0: instance 957477799 requesting mutex to run SEND ==__
2025-07-10 12:55:53.017 -04:00 [DBG] 	TASK 0 has the mutex (currently SENDing)
2025-07-10 12:55:54.071 -04:00 [INF] TASK 0 retriggered event 36 of 50 under subscription DHLDAN 047
2025-07-10 12:55:54.071 -04:00 [DBG] 	TASK 0 released the mutex (finished SENDing)
2025-07-10 12:55:54.071 -04:00 [DBG] ===Task 0:
	Row 37 of 50:	13752594	|TCKU  6554280	|07/09/2025	|8:12 PM	|VDEP	|MYTPP	|OPT	|HLCUPN7250523334	|I	| 	|DHLDAN 047
2025-07-10 12:55:54.580 -04:00 [DBG] TASK 0 finished waiting
2025-07-10 12:55:54.988 -04:00 [DBG] TASK 0 found a valid container!
2025-07-10 12:55:54.988 -04:00 [DBG]  __== TASK 0: instance 957477799 requesting mutex to run SEND ==__
2025-07-10 12:55:54.988 -04:00 [DBG] 	TASK 0 has the mutex (currently SENDing)
2025-07-10 12:55:56.132 -04:00 [INF] TASK 0 retriggered event 37 of 50 under subscription DHLDAN 047
2025-07-10 12:55:56.137 -04:00 [DBG] 	TASK 0 released the mutex (finished SENDing)
2025-07-10 12:55:56.137 -04:00 [DBG] ===Task 0:
	Row 38 of 50:	13944145	|CAAU  7799768	|07/09/2025	|4:24 PM	|VDEP	|USPHL	|OPL	|HLCUBSC2506CHHC1	|I	| 	|DHLDAN 047
2025-07-10 12:55:56.653 -04:00 [DBG] TASK 0 finished waiting
2025-07-10 12:55:56.914 -04:00 [DBG] TASK 0 found a valid container!
2025-07-10 12:55:56.914 -04:00 [DBG]  __== TASK 0: instance 957477799 requesting mutex to run SEND ==__
2025-07-10 12:55:56.914 -04:00 [DBG] 	TASK 0 has the mutex (currently SENDing)
2025-07-10 12:55:57.861 -04:00 [INF] TASK 0 retriggered event 38 of 50 under subscription DHLDAN 047
2025-07-10 12:55:57.863 -04:00 [DBG] 	TASK 0 released the mutex (finished SENDing)
2025-07-10 12:55:57.863 -04:00 [DBG] ===Task 0:
	Row 39 of 50:	14071026	|FANU  3248975	|07/09/2025	|7:54 PM	|VDEP	|CNNGB	|SRT	|HLCUNG12506DYKF3	|I	| 	|DHLDAN 047
2025-07-10 12:55:58.376 -04:00 [DBG] TASK 0 finished waiting
2025-07-10 12:55:58.647 -04:00 [DBG] TASK 0 found a valid container!
2025-07-10 12:55:58.647 -04:00 [DBG]  __== TASK 0: instance 957477799 requesting mutex to run SEND ==__
2025-07-10 12:55:58.647 -04:00 [DBG] 	TASK 0 has the mutex (currently SENDing)
2025-07-10 12:55:59.626 -04:00 [INF] TASK 0 retriggered event 39 of 50 under subscription DHLDAN 047
2025-07-10 12:55:59.630 -04:00 [DBG] 	TASK 0 released the mutex (finished SENDing)
2025-07-10 12:55:59.631 -04:00 [DBG] ===Task 0:
	Row 40 of 50:	14086313	|HLBU  1785870	|07/05/2025	|6:00 AM	|VDEP	|CLSAI	|OPT	|HLCUHAM250535500	|I	|Y	|DHLDAN 047
2025-07-10 12:56:00.142 -04:00 [DBG] TASK 0 finished waiting
2025-07-10 12:56:00.417 -04:00 [DBG] TASK 0 found a valid container!
2025-07-10 12:56:00.417 -04:00 [DBG]  __== TASK 0: instance 957477799 requesting mutex to run SEND ==__
2025-07-10 12:56:00.417 -04:00 [DBG] 	TASK 0 has the mutex (currently SENDing)
2025-07-10 12:56:01.843 -04:00 [INF] TASK 0 retriggered event 40 of 50 under subscription DHLDAN 047
2025-07-10 12:56:01.844 -04:00 [DBG] 	TASK 0 released the mutex (finished SENDing)
2025-07-10 12:56:01.845 -04:00 [DBG] ===Task 0:
	Row 41 of 50:	14104165	|GCXU  6163184	|07/08/2025	|7:18 AM	|VDEP	|USHOU	|OPL	|HLCUBSC2506AWSC4	|I	| 	|DHLDAN 047
2025-07-10 12:56:02.353 -04:00 [DBG] TASK 0 finished waiting
2025-07-10 12:56:02.691 -04:00 [DBG] TASK 0 found a valid container!
2025-07-10 12:56:02.691 -04:00 [DBG]  __== TASK 0: instance 957477799 requesting mutex to run SEND ==__
2025-07-10 12:56:02.691 -04:00 [DBG] 	TASK 0 has the mutex (currently SENDing)
2025-07-10 12:56:03.920 -04:00 [INF] TASK 0 retriggered event 41 of 50 under subscription DHLDAN 047
2025-07-10 12:56:03.920 -04:00 [DBG] 	TASK 0 released the mutex (finished SENDing)
2025-07-10 12:56:03.920 -04:00 [DBG] ===Task 0:
	Row 42 of 50:	14199952	|FANU  1859297	|07/09/2025	|7:54 PM	|VDEP	|CNNGB	|SRT	|HLCUNG12506DUGD6	|I	| 	|DHLDAN 047
2025-07-10 12:56:04.435 -04:00 [DBG] TASK 0 finished waiting
2025-07-10 12:56:04.753 -04:00 [DBG] TASK 0 found a valid container!
2025-07-10 12:56:04.753 -04:00 [DBG]  __== TASK 0: instance 957477799 requesting mutex to run SEND ==__
2025-07-10 12:56:04.753 -04:00 [DBG] 	TASK 0 has the mutex (currently SENDing)
2025-07-10 12:56:05.838 -04:00 [INF] TASK 0 retriggered event 42 of 50 under subscription DHLDAN 047
2025-07-10 12:56:05.843 -04:00 [DBG] 	TASK 0 released the mutex (finished SENDing)
2025-07-10 12:56:05.843 -04:00 [DBG] ===Task 0:
	Row 43 of 50:	14401429	|HLBU  1632547	|07/09/2025	|7:54 PM	|VDEP	|CNNGB	|SRT	|HLCUNG12506DNXD0	|I	| 	|DHLDAN 047
2025-07-10 12:56:06.348 -04:00 [DBG] TASK 0 finished waiting
2025-07-10 12:56:06.591 -04:00 [DBG] TASK 0 found a valid container!
2025-07-10 12:56:06.591 -04:00 [DBG]  __== TASK 0: instance 957477799 requesting mutex to run SEND ==__
2025-07-10 12:56:06.591 -04:00 [DBG] 	TASK 0 has the mutex (currently SENDing)
2025-07-10 12:56:07.655 -04:00 [INF] TASK 0 retriggered event 43 of 50 under subscription DHLDAN 047
2025-07-10 12:56:07.660 -04:00 [DBG] 	TASK 0 released the mutex (finished SENDing)
2025-07-10 12:56:07.660 -04:00 [DBG] ===Task 0:
	Row 44 of 50:	14427866	|HAMU  1133743	|07/09/2025	|8:12 PM	|VDEP	|MYTPP	|OPT	|HLCUNG12505EGGX3	|I	| 	|DHLDAN 047
2025-07-10 12:56:08.165 -04:00 [DBG] TASK 0 finished waiting
2025-07-10 12:56:08.395 -04:00 [DBG] TASK 0 found a valid container!
2025-07-10 12:56:08.395 -04:00 [DBG]  __== TASK 0: instance 957477799 requesting mutex to run SEND ==__
2025-07-10 12:56:08.395 -04:00 [DBG] 	TASK 0 has the mutex (currently SENDing)
2025-07-10 12:56:09.591 -04:00 [INF] TASK 0 retriggered event 44 of 50 under subscription DHLDAN 047
2025-07-10 12:56:09.592 -04:00 [DBG] 	TASK 0 released the mutex (finished SENDing)
2025-07-10 12:56:09.592 -04:00 [DBG] ===Task 0:
	Row 45 of 50:	14427866	|TLLU  5398547	|07/09/2025	|8:12 PM	|VDEP	|MYTPP	|OPT	|HLCUNG12505EGGX3	|I	| 	|DHLDAN 047
2025-07-10 12:56:10.100 -04:00 [DBG] TASK 0 finished waiting
2025-07-10 12:56:10.293 -04:00 [DBG] TASK 0 found a valid container!
2025-07-10 12:56:10.293 -04:00 [DBG]  __== TASK 0: instance 957477799 requesting mutex to run SEND ==__
2025-07-10 12:56:10.293 -04:00 [DBG] 	TASK 0 has the mutex (currently SENDing)
2025-07-10 12:56:11.272 -04:00 [INF] TASK 0 retriggered event 45 of 50 under subscription DHLDAN 047
2025-07-10 12:56:11.273 -04:00 [DBG] 	TASK 0 released the mutex (finished SENDing)
2025-07-10 12:56:11.273 -04:00 [DBG] ===Task 0:
	Row 46 of 50:	14434782	|BMOU  4527476	|07/06/2025	|7:20 AM	|VDEP	|KHKOS	|SRT	|HLCUPN7250615236	|I	| 	|DHLDAN 047
2025-07-10 12:56:11.790 -04:00 [DBG] TASK 0 finished waiting
2025-07-10 12:56:12.137 -04:00 [DBG] TASK 0 found a valid container!
2025-07-10 12:56:12.137 -04:00 [DBG]  __== TASK 0: instance 957477799 requesting mutex to run SEND ==__
2025-07-10 12:56:12.137 -04:00 [DBG] 	TASK 0 has the mutex (currently SENDing)
2025-07-10 12:56:13.136 -04:00 [INF] TASK 0 retriggered event 46 of 50 under subscription DHLDAN 047
2025-07-10 12:56:13.136 -04:00 [DBG] 	TASK 0 released the mutex (finished SENDing)
2025-07-10 12:56:13.136 -04:00 [DBG] ===Task 0:
	Row 47 of 50:	14434782	|CXDU  2128305	|07/06/2025	|7:20 AM	|VDEP	|KHKOS	|SRT	|HLCUPN7250615236	|I	| 	|DHLDAN 047
2025-07-10 12:56:13.653 -04:00 [DBG] TASK 0 finished waiting
2025-07-10 12:56:13.913 -04:00 [DBG] TASK 0 found a valid container!
2025-07-10 12:56:13.913 -04:00 [DBG]  __== TASK 0: instance 957477799 requesting mutex to run SEND ==__
2025-07-10 12:56:13.913 -04:00 [DBG] 	TASK 0 has the mutex (currently SENDing)
2025-07-10 12:56:14.955 -04:00 [INF] TASK 0 retriggered event 47 of 50 under subscription DHLDAN 047
2025-07-10 12:56:14.959 -04:00 [DBG] 	TASK 0 released the mutex (finished SENDing)
2025-07-10 12:56:14.959 -04:00 [DBG] ===Task 0:
	Row 48 of 50:	14434782	|FCIU  7487420	|07/06/2025	|7:20 AM	|VDEP	|KHKOS	|SRT	|HLCUPN7250615236	|I	| 	|DHLDAN 047
2025-07-10 12:56:15.469 -04:00 [DBG] TASK 0 finished waiting
2025-07-10 12:56:15.897 -04:00 [DBG] TASK 0 found a valid container!
2025-07-10 12:56:15.897 -04:00 [DBG]  __== TASK 0: instance 957477799 requesting mutex to run SEND ==__
2025-07-10 12:56:15.897 -04:00 [DBG] 	TASK 0 has the mutex (currently SENDing)
2025-07-10 12:56:17.035 -04:00 [INF] TASK 0 retriggered event 48 of 50 under subscription DHLDAN 047
2025-07-10 12:56:17.040 -04:00 [DBG] 	TASK 0 released the mutex (finished SENDing)
2025-07-10 12:56:17.040 -04:00 [DBG] ===Task 0:
	Row 49 of 50:	14434782	|HAMU  3113453	|07/06/2025	|7:20 AM	|VDEP	|KHKOS	|SRT	|HLCUPN7250615236	|I	| 	|DHLDAN 047
2025-07-10 12:56:17.558 -04:00 [DBG] TASK 0 finished waiting
2025-07-10 12:56:17.826 -04:00 [DBG] TASK 0 found a valid container!
2025-07-10 12:56:17.826 -04:00 [DBG]  __== TASK 0: instance 957477799 requesting mutex to run SEND ==__
2025-07-10 12:56:17.826 -04:00 [DBG] 	TASK 0 has the mutex (currently SENDing)
2025-07-10 12:56:18.883 -04:00 [INF] TASK 0 retriggered event 49 of 50 under subscription DHLDAN 047
2025-07-10 12:56:18.887 -04:00 [DBG] 	TASK 0 released the mutex (finished SENDing)
2025-07-10 12:56:18.887 -04:00 [DBG] ===Task 0:
	Row 50 of 50:	14434782	|HAMU  4544579	|07/06/2025	|7:20 AM	|VDEP	|KHKOS	|SRT	|HLCUPN7250615236	|I	| 	|DHLDAN 047
2025-07-10 12:56:19.399 -04:00 [DBG] TASK 0 finished waiting
2025-07-10 12:56:19.604 -04:00 [DBG] TASK 0 found a valid container!
2025-07-10 12:56:19.604 -04:00 [DBG]  __== TASK 0: instance 957477799 requesting mutex to run SEND ==__
2025-07-10 12:56:19.604 -04:00 [DBG] 	TASK 0 has the mutex (currently SENDing)
2025-07-10 12:56:20.672 -04:00 [INF] TASK 0 retriggered event 50 of 50 under subscription DHLDAN 047
2025-07-10 12:56:20.677 -04:00 [DBG] 	TASK 0 released the mutex (finished SENDing)
2025-07-10 12:56:20.678 -04:00 [DBG] ===Task 0:
	Row 51 of 50:	14441184	|CAAU  6691980	|07/05/2025	|7:42 AM	|VDEP	|AEJEA	|SRT	|HLCUDX3250655798	|I	| 	|DHLDAN 047
2025-07-10 12:56:21.198 -04:00 [DBG] TASK 0 finished waiting
2025-07-10 12:56:21.198 -04:00 [INF] 	TASK 0: Searched and retriggered 50 events in 15:33.73
2025-07-10 12:56:21.198 -04:00 [INF] 
==========
Task 0 has finished all its events
==========
2025-07-10 12:56:21.198 -04:00 [INF] Macro spent 15:39.41 in total.
2025-07-10 12:56:21.214 -04:00 [INF] Total subscriptions: 13
2025-07-10 12:56:21.214 -04:00 [INF] Concurrent tasks: 5
2025-07-10 12:56:21.214 -04:00 [INF] Macro found a total of 382 incomplete events and retriggered 111
2025-07-10 12:56:21.214 -04:00 [INF] Macro skipped the dummy containers
