2025-07-10 12:11:55.402 -04:00 [INF] Logger has been set up
2025-07-10 12:11:55.445 -04:00 [DBG] .\Program.cs, -o, concurrent_7_10.csv, -t, 5
2025-07-10 12:11:55.446 -04:00 [INF] Input file found at input.txt. Now loading inputs...
2025-07-10 12:11:55.453 -04:00 [INF] Inputs: 3MCOMP 11, CRATE&BARREL GTN, DEERE 008 RAIL, DHLDAN 047, DHLDAN 47, FORTUNEBRANDS, HOMEDE 156, KONTOO 4, LOVESA 4, MASTER 651, TARGET 113, TARGET 113 GTN, WALMAR 64
2025-07-10 12:11:55.454 -04:00 [INF] Skipping dummy containers to save time.
2025-07-10 12:11:55.455 -04:00 [INF] Macro will distribute work across 5 tasks
2025-07-10 12:11:55.460 -04:00 [INF] Connecting to FIS...
2025-07-10 12:12:03.063 -04:00 [INF] Found FIS!
2025-07-10 12:12:03.065 -04:00 [INF] Using high resolution stopwatch.
2025-07-10 12:12:03.066 -04:00 [INF] Attempting to open an instance of screen S8600
2025-07-10 12:12:04.122 -04:00 [INF] Created instance 1174257064
2025-07-10 12:12:04.126 -04:00 [INF] Attempting to open an instance of screen S8600
2025-07-10 12:12:05.129 -04:00 [INF] Created instance 694187829
2025-07-10 12:12:05.131 -04:00 [INF] Attempting to open an instance of screen S8600
2025-07-10 12:12:06.150 -04:00 [INF] Created instance 1107120729
2025-07-10 12:12:06.154 -04:00 [INF] Attempting to open an instance of screen S8600
2025-07-10 12:12:07.124 -04:00 [INF] Created instance 2063328314
2025-07-10 12:12:07.125 -04:00 [INF] Attempting to open an instance of screen S8600
2025-07-10 12:12:08.132 -04:00 [INF] Created instance 190487348
2025-07-10 12:12:08.136 -04:00 [INF] Creating task 0
2025-07-10 12:12:08.140 -04:00 [INF] Creating task 1
2025-07-10 12:12:08.141 -04:00 [INF] Task 0 assigned to S8600 screen id 1174257064.
2025-07-10 12:12:08.141 -04:00 [INF] Creating task 2
2025-07-10 12:12:08.141 -04:00 [INF] Task 1 assigned to S8600 screen id 694187829.
2025-07-10 12:12:08.145 -04:00 [INF] Creating task 3
2025-07-10 12:12:08.145 -04:00 [INF] Task 2 assigned to S8600 screen id 1107120729.
2025-07-10 12:12:08.149 -04:00 [INF] Creating task 4
2025-07-10 12:12:08.149 -04:00 [INF] Task 3 assigned to S8600 screen id 2063328314.
2025-07-10 12:12:08.150 -04:00 [INF] Task 4 assigned to S8600 screen id 190487348.
2025-07-10 12:12:08.152 -04:00 [INF] AHHH
2025-07-10 12:12:08.152 -04:00 [INF] AHHH
2025-07-10 12:12:08.152 -04:00 [INF] AHHH
2025-07-10 12:12:08.152 -04:00 [INF] AHHH
2025-07-10 12:12:08.152 -04:00 [INF] AHHH
2025-07-10 12:12:08.154 -04:00 [DBG] FISMacro using screeen ID 1107120729 now searching incomplete events from subscription 3MCOMP 11...
2025-07-10 12:12:08.154 -04:00 [DBG] FISMacro using screeen ID 190487348 now searching incomplete events from subscription CRATE&BARREL GTN...
2025-07-10 12:12:08.155 -04:00 [DBG] FISMacro using screeen ID 1174257064 now searching incomplete events from subscription DEERE 008 RAIL...
2025-07-10 12:12:08.156 -04:00 [DBG] FISMacro using screeen ID 694187829 now searching incomplete events from subscription DHLDAN 047...
2025-07-10 12:12:08.156 -04:00 [DBG]  ====__ TASK 2: instance 1107120729 requesting mutex to run SEARCH __====
2025-07-10 12:12:08.156 -04:00 [DBG] 	TASK 2 has the mutex (currently searching)
2025-07-10 12:12:08.157 -04:00 [DBG] FISMacro using screeen ID 2063328314 now searching incomplete events from subscription DHLDAN 47...
2025-07-10 12:12:08.157 -04:00 [DBG]  ====__ TASK 1: instance 694187829 requesting mutex to run SEARCH __====
2025-07-10 12:12:08.157 -04:00 [DBG]  ====__ TASK 3: instance 2063328314 requesting mutex to run SEARCH __====
2025-07-10 12:12:08.157 -04:00 [DBG]  ====__ TASK 4: instance 190487348 requesting mutex to run SEARCH __====
2025-07-10 12:12:08.157 -04:00 [DBG]  ====__ TASK 0: instance 1174257064 requesting mutex to run SEARCH __====
2025-07-10 12:12:08.931 -04:00 [INF] TASK 2: Searching incomplete events under subscription 3MCOMP 11
2025-07-10 12:13:22.413 -04:00 [INF] Found 50 events under subscription 3MCOMP 11
2025-07-10 12:13:22.414 -04:00 [DBG] 	TASK 2 released the mutex (finished SEARCHing)
2025-07-10 12:13:22.414 -04:00 [DBG] 	TASK 1 has the mutex (currently searching)
2025-07-10 12:13:22.414 -04:00 [INF] Finished searching incomplete events for 3MCOMP 11 in 01:14.25
2025-07-10 12:13:22.415 -04:00 [DBG]  __== TASK 2: instance 1107120729 requesting mutex to run SEND ==__
2025-07-10 12:13:23.202 -04:00 [INF] TASK 1: Searching incomplete events under subscription DHLDAN 047
2025-07-10 12:14:18.612 -04:00 [INF] Found 50 events under subscription DHLDAN 047
2025-07-10 12:14:18.613 -04:00 [DBG] 	TASK 1 released the mutex (finished SEARCHing)
2025-07-10 12:14:18.613 -04:00 [INF] Finished searching incomplete events for DHLDAN 047 in 02:10.45
2025-07-10 12:14:18.613 -04:00 [DBG] 	TASK 3 has the mutex (currently searching)
2025-07-10 12:14:18.613 -04:00 [DBG]  __== TASK 1: instance 694187829 requesting mutex to run SEND ==__
2025-07-10 12:14:19.315 -04:00 [INF] TASK 3: Searching incomplete events under subscription DHLDAN 47
2025-07-10 12:15:26.378 -04:00 [INF] Found 50 events under subscription DHLDAN 47
2025-07-10 12:15:26.380 -04:00 [DBG] 	TASK 3 released the mutex (finished SEARCHing)
2025-07-10 12:15:26.380 -04:00 [INF] Finished searching incomplete events for DHLDAN 47 in 03:18.22
2025-07-10 12:15:26.380 -04:00 [DBG] 	TASK 4 has the mutex (currently searching)
2025-07-10 12:15:26.380 -04:00 [DBG]  __== TASK 3: instance 2063328314 requesting mutex to run SEND ==__
2025-07-10 12:15:27.139 -04:00 [INF] TASK 4: Searching incomplete events under subscription CRATE&BARREL GTN
2025-07-10 12:16:44.635 -04:00 [INF] Found 0 events under subscription CRATE&BARREL GTN
2025-07-10 12:16:44.637 -04:00 [DBG] 	TASK 4 released the mutex (finished SEARCHing)
2025-07-10 12:16:44.637 -04:00 [INF] Finished searching incomplete events for CRATE&BARREL GTN in 04:36.48
2025-07-10 12:16:44.637 -04:00 [DBG] 	TASK 0 has the mutex (currently searching)
2025-07-10 12:16:44.639 -04:00 [INF] 	TASK 4: Searched and retriggered 0 events in 04:36.48
2025-07-10 12:16:44.643 -04:00 [DBG] FISMacro using screeen ID 190487348 now searching incomplete events from subscription FORTUNEBRANDS...
2025-07-10 12:16:44.644 -04:00 [DBG]  ====__ TASK 4: instance 190487348 requesting mutex to run SEARCH __====
2025-07-10 12:16:45.652 -04:00 [INF] TASK 0: Searching incomplete events under subscription DEERE 008 RAIL
2025-07-10 12:17:24.102 -04:00 [INF] Found 0 events under subscription DEERE 008 RAIL
2025-07-10 12:17:24.104 -04:00 [DBG] 	TASK 0 released the mutex (finished SEARCHing)
2025-07-10 12:17:24.104 -04:00 [INF] Finished searching incomplete events for DEERE 008 RAIL in 05:15.94
2025-07-10 12:17:24.104 -04:00 [DBG] 	TASK 2 has the mutex (currently SENDing)
2025-07-10 12:17:24.104 -04:00 [INF] 	TASK 0: Searched and retriggered 0 events in 05:15.94
2025-07-10 12:17:24.107 -04:00 [DBG] FISMacro using screeen ID 1174257064 now searching incomplete events from subscription HOMEDE 156...
2025-07-10 12:17:24.107 -04:00 [DBG]  ====__ TASK 0: instance 1174257064 requesting mutex to run SEARCH __====
2025-07-10 12:17:29.283 -04:00 [INF] TASK 2 retriggered event 7 of 50 under subscription 3MCOMP 11
2025-07-10 12:17:29.285 -04:00 [DBG] 	TASK 2 released the mutex (finished SENDing)
2025-07-10 12:17:29.285 -04:00 [DBG] 	TASK 1 has the mutex (currently SENDing)
2025-07-10 12:17:29.287 -04:00 [DBG] ===Task 2:
	Row 8 of 50:	14062993	|HLBU  9542199	|07/08/2025	|4:36 PM	|VDEP	|BRSSZ	|OPT	|HLCUBSC2505AZAB4	|I	| 	|3MCOMP 11
2025-07-10 12:17:29.791 -04:00 [DBG] TASK 2 finished waiting
2025-07-10 12:17:29.792 -04:00 [DBG]  __== TASK 2: instance 1107120729 requesting mutex to run SEND ==__
2025-07-10 12:17:31.732 -04:00 [INF] TASK 1 retriggered event 1 of 50 under subscription DHLDAN 047
2025-07-10 12:17:31.734 -04:00 [DBG] 	TASK 3 has the mutex (currently SENDing)
2025-07-10 12:17:31.734 -04:00 [DBG] 	TASK 1 released the mutex (finished SENDing)
2025-07-10 12:17:31.735 -04:00 [DBG] ===Task 1:
	Row 2 of 50:	10092447	|FANU  3170727	|07/07/2025	|7:06 PM	|VDEP	|GBSOU	|OPL	|HLCULIV250683261	|I	| 	|DHLDAN 047
2025-07-10 12:17:32.237 -04:00 [DBG] TASK 1 finished waiting
2025-07-10 12:17:32.237 -04:00 [DBG]  __== TASK 1: instance 694187829 requesting mutex to run SEND ==__
2025-07-10 12:17:34.751 -04:00 [INF] TASK 3 retriggered event 2 of 50 under subscription DHLDAN 47
2025-07-10 12:17:34.757 -04:00 [DBG] 	TASK 4 has the mutex (currently searching)
2025-07-10 12:17:34.757 -04:00 [DBG] 	TASK 3 released the mutex (finished SENDing)
2025-07-10 12:17:34.758 -04:00 [DBG] ===Task 3:
	Row 3 of 50:	10092447	|FANU  3170727	|07/07/2025	|7:06 PM	|VDEP	|GBSOU	|OPL	|HLCULIV250683261	|I	| 	|DHLDAN 47
2025-07-10 12:17:35.268 -04:00 [DBG] TASK 3 finished waiting
2025-07-10 12:17:35.268 -04:00 [DBG]  __== TASK 3: instance 2063328314 requesting mutex to run SEND ==__
2025-07-10 12:17:36.724 -04:00 [INF] TASK 4: Searching incomplete events under subscription FORTUNEBRANDS
2025-07-10 12:18:35.890 -04:00 [INF] Found 7 events under subscription FORTUNEBRANDS
2025-07-10 12:18:35.892 -04:00 [DBG] 	TASK 4 released the mutex (finished SEARCHing)
2025-07-10 12:18:35.892 -04:00 [INF] Finished searching incomplete events for FORTUNEBRANDS in 01:51.24
2025-07-10 12:18:35.892 -04:00 [DBG] 	TASK 0 has the mutex (currently searching)
2025-07-10 12:18:35.893 -04:00 [DBG]  __== TASK 4: instance 190487348 requesting mutex to run SEND ==__
2025-07-10 12:18:36.780 -04:00 [INF] TASK 0: Searching incomplete events under subscription HOMEDE 156
2025-07-10 12:19:25.259 -04:00 [INF] Found 50 events under subscription HOMEDE 156
2025-07-10 12:19:25.260 -04:00 [DBG] 	TASK 0 released the mutex (finished SEARCHing)
2025-07-10 12:19:25.260 -04:00 [INF] Finished searching incomplete events for HOMEDE 156 in 02:01.15
2025-07-10 12:19:25.260 -04:00 [DBG] 	TASK 2 has the mutex (currently SENDing)
2025-07-10 12:19:25.261 -04:00 [DBG]  __== TASK 0: instance 1174257064 requesting mutex to run SEND ==__
2025-07-10 12:19:32.816 -04:00 [INF] TASK 2 retriggered event 18 of 50 under subscription 3MCOMP 11
2025-07-10 12:19:33.235 -04:00 [DBG] 	TASK 1 has the mutex (currently SENDing)
2025-07-10 12:19:33.236 -04:00 [DBG] 	TASK 2 released the mutex (finished SENDing)
2025-07-10 12:19:33.236 -04:00 [DBG] ===Task 2:
	Row 19 of 50:	21452002	|DAYU  6118560	|07/09/2025	|12:54 PM	|VDEP	|BEANR	|SRT	|HLCUANR250630770	|I	| 	|3MCOMP 11
2025-07-10 12:19:33.747 -04:00 [DBG] TASK 2 finished waiting
2025-07-10 12:19:33.747 -04:00 [DBG]  __== TASK 2: instance 1107120729 requesting mutex to run SEND ==__
2025-07-10 12:19:36.242 -04:00 [INF] TASK 1 retriggered event 2 of 50 under subscription DHLDAN 047
2025-07-10 12:19:36.246 -04:00 [DBG] 	TASK 1 released the mutex (finished SENDing)
2025-07-10 12:19:36.246 -04:00 [DBG] ===Task 1:
	Row 3 of 50:	10092447	|FANU  3170727	|07/07/2025	|7:06 PM	|VDEP	|GBSOU	|OPL	|HLCULIV250683261	|I	| 	|DHLDAN 047
2025-07-10 12:19:36.247 -04:00 [DBG] 	TASK 3 has the mutex (currently SENDing)
2025-07-10 12:19:36.767 -04:00 [DBG] TASK 1 finished waiting
2025-07-10 12:19:36.767 -04:00 [DBG]  __== TASK 1: instance 694187829 requesting mutex to run SEND ==__
2025-07-10 12:19:39.094 -04:00 [INF] TASK 3 retriggered event 3 of 50 under subscription DHLDAN 47
2025-07-10 12:19:39.100 -04:00 [DBG] 	TASK 3 released the mutex (finished SENDing)
2025-07-10 12:19:39.100 -04:00 [DBG] ===Task 3:
	Row 4 of 50:	10092447	|GCXU  5917989	|07/07/2025	|7:06 PM	|VDEP	|GBSOU	|OPL	|HLCULIV250683261	|I	| 	|DHLDAN 47
2025-07-10 12:19:39.100 -04:00 [DBG] 	TASK 4 has the mutex (currently SENDing)
2025-07-10 12:19:39.618 -04:00 [DBG] TASK 3 finished waiting
2025-07-10 12:19:39.618 -04:00 [DBG]  __== TASK 3: instance 2063328314 requesting mutex to run SEND ==__
2025-07-10 12:19:44.553 -04:00 [INF] TASK 4 found no valid containers in subscription FORTUNEBRANDS
2025-07-10 12:19:44.554 -04:00 [DBG] 	TASK 0 has the mutex (currently SENDing)
2025-07-10 12:19:44.554 -04:00 [DBG] 	TASK 4 released the mutex (finished SENDing)
2025-07-10 12:19:44.554 -04:00 [INF] 	TASK 4: Searched and retriggered 7 events in 02:59.91
2025-07-10 12:19:44.558 -04:00 [DBG] FISMacro using screeen ID 190487348 now searching incomplete events from subscription KONTOO 4...
2025-07-10 12:19:44.558 -04:00 [DBG]  ====__ TASK 4: instance 190487348 requesting mutex to run SEARCH __====
2025-07-10 12:19:46.382 -04:00 [INF] TASK 0 retriggered event 1 of 50 under subscription HOMEDE 156
2025-07-10 12:19:46.387 -04:00 [DBG] 	TASK 2 has the mutex (currently SENDing)
2025-07-10 12:19:46.387 -04:00 [DBG] 	TASK 0 released the mutex (finished SENDing)
2025-07-10 12:19:46.388 -04:00 [DBG] ===Task 0:
	Row 2 of 50:	12057044	|CAIU  8464057	|07/06/2025	|7:20 AM	|VDEP	|KHKOS	|SRT	|HLCUPN7250613146	|I	| 	|HOMEDE 156
2025-07-10 12:19:46.895 -04:00 [DBG] TASK 0 finished waiting
2025-07-10 12:19:46.895 -04:00 [DBG]  __== TASK 0: instance 1174257064 requesting mutex to run SEND ==__
2025-07-10 12:20:06.673 -04:00 [INF] TASK 2 found no valid containers in subscription 3MCOMP 11
2025-07-10 12:20:06.674 -04:00 [DBG] 	TASK 1 has the mutex (currently SENDing)
2025-07-10 12:20:06.674 -04:00 [DBG] 	TASK 2 released the mutex (finished SENDing)
2025-07-10 12:20:06.674 -04:00 [INF] 	TASK 2: Searched and retriggered 50 events in 07:58.51
2025-07-10 12:20:06.676 -04:00 [DBG] FISMacro using screeen ID 1107120729 now searching incomplete events from subscription LOVESA 4...
2025-07-10 12:20:06.676 -04:00 [DBG]  ====__ TASK 2: instance 1107120729 requesting mutex to run SEARCH __====
2025-07-10 12:20:08.337 -04:00 [INF] TASK 1 retriggered event 3 of 50 under subscription DHLDAN 047
2025-07-10 12:20:08.361 -04:00 [DBG] 	TASK 3 has the mutex (currently SENDing)
2025-07-10 12:20:08.361 -04:00 [DBG] 	TASK 1 released the mutex (finished SENDing)
2025-07-10 12:20:08.361 -04:00 [DBG] ===Task 1:
	Row 4 of 50:	10092447	|GCXU  5917989	|07/07/2025	|7:06 PM	|VDEP	|GBSOU	|OPL	|HLCULIV250683261	|I	| 	|DHLDAN 047
2025-07-10 12:20:08.929 -04:00 [DBG] TASK 1 finished waiting
2025-07-10 12:20:08.929 -04:00 [DBG]  __== TASK 1: instance 694187829 requesting mutex to run SEND ==__
2025-07-10 12:20:16.848 -04:00 [INF] TASK 3 retriggered event 14 of 50 under subscription DHLDAN 47
2025-07-10 12:20:16.860 -04:00 [DBG] 	TASK 3 released the mutex (finished SENDing)
2025-07-10 12:20:16.860 -04:00 [DBG] 	TASK 4 has the mutex (currently searching)
2025-07-10 12:20:16.861 -04:00 [DBG] ===Task 3:
	Row 15 of 50:	10434776	|HLXU  1275302	|07/09/2025	|2:54 PM	|VDEP	|INNSA	|OPL	|HLCUBO12506BWMY5	|I	| 	|DHLDAN 47
2025-07-10 12:20:17.369 -04:00 [DBG] TASK 3 finished waiting
2025-07-10 12:20:17.369 -04:00 [DBG]  __== TASK 3: instance 2063328314 requesting mutex to run SEND ==__
2025-07-10 12:20:18.696 -04:00 [INF] TASK 4: Searching incomplete events under subscription KONTOO 4
2025-07-10 12:21:43.073 -04:00 [INF] Found 50 events under subscription KONTOO 4
2025-07-10 12:21:43.075 -04:00 [DBG] 	TASK 4 released the mutex (finished SEARCHing)
2025-07-10 12:21:43.075 -04:00 [INF] Finished searching incomplete events for KONTOO 4 in 01:58.51
2025-07-10 12:21:43.075 -04:00 [DBG] 	TASK 0 has the mutex (currently SENDing)
2025-07-10 12:21:43.076 -04:00 [DBG]  __== TASK 4: instance 190487348 requesting mutex to run SEND ==__
2025-07-10 12:21:44.977 -04:00 [INF] TASK 0 retriggered event 2 of 50 under subscription HOMEDE 156
2025-07-10 12:21:44.977 -04:00 [DBG] 	TASK 0 released the mutex (finished SENDing)
2025-07-10 12:21:44.977 -04:00 [DBG] ===Task 0:
	Row 3 of 50:	12057044	|FANU  1803873	|07/06/2025	|7:20 AM	|VDEP	|KHKOS	|SRT	|HLCUPN7250613146	|I	| 	|HOMEDE 156
2025-07-10 12:21:44.977 -04:00 [DBG] 	TASK 2 has the mutex (currently searching)
2025-07-10 12:21:45.495 -04:00 [DBG] TASK 0 finished waiting
2025-07-10 12:21:45.496 -04:00 [DBG]  __== TASK 0: instance 1174257064 requesting mutex to run SEND ==__
2025-07-10 12:21:46.593 -04:00 [INF] TASK 2: Searching incomplete events under subscription LOVESA 4
2025-07-10 12:23:20.963 -04:00 [INF] Found 1 events under subscription LOVESA 4
2025-07-10 12:23:20.965 -04:00 [DBG] 	TASK 2 released the mutex (finished SEARCHing)
2025-07-10 12:23:20.965 -04:00 [INF] Finished searching incomplete events for LOVESA 4 in 03:14.28
2025-07-10 12:23:20.965 -04:00 [DBG] 	TASK 1 has the mutex (currently SENDing)
2025-07-10 12:23:20.965 -04:00 [DBG]  __== TASK 2: instance 1107120729 requesting mutex to run SEND ==__
2025-07-10 12:23:22.557 -04:00 [INF] TASK 1 retriggered event 4 of 50 under subscription DHLDAN 047
2025-07-10 12:23:22.562 -04:00 [DBG] 	TASK 1 released the mutex (finished SENDing)
2025-07-10 12:23:22.562 -04:00 [DBG] 	TASK 3 has the mutex (currently SENDing)
2025-07-10 12:23:22.562 -04:00 [DBG] ===Task 1:
	Row 5 of 50:	10092447	|GCXU  5917989	|07/07/2025	|7:06 PM	|VDEP	|GBSOU	|OPL	|HLCULIV250683261	|I	| 	|DHLDAN 047
2025-07-10 12:23:23.068 -04:00 [DBG] TASK 1 finished waiting
2025-07-10 12:23:23.068 -04:00 [DBG]  __== TASK 1: instance 694187829 requesting mutex to run SEND ==__
2025-07-10 12:23:28.763 -04:00 [INF] TASK 3 retriggered event 21 of 50 under subscription DHLDAN 47
2025-07-10 12:23:28.770 -04:00 [DBG] 	TASK 3 released the mutex (finished SENDing)
2025-07-10 12:23:28.771 -04:00 [DBG] 	TASK 4 has the mutex (currently SENDing)
2025-07-10 12:23:28.772 -04:00 [DBG] ===Task 3:
	Row 22 of 50:	10762713	|HLBU  3818150	|07/09/2025	|4:00 PM	|VDEP	|NLRTM	|OPT	|HLCUDUR250529353	|I	| 	|DHLDAN 47
2025-07-10 12:23:29.282 -04:00 [DBG] TASK 3 finished waiting
2025-07-10 12:23:29.282 -04:00 [DBG]  __== TASK 3: instance 2063328314 requesting mutex to run SEND ==__
2025-07-10 12:23:59.957 -04:00 [INF] TASK 4 found no valid containers in subscription KONTOO 4
2025-07-10 12:23:59.957 -04:00 [DBG] 	TASK 4 released the mutex (finished SENDing)
2025-07-10 12:23:59.957 -04:00 [INF] 	TASK 4: Searched and retriggered 50 events in 04:15.40
2025-07-10 12:23:59.957 -04:00 [DBG] 	TASK 0 has the mutex (currently SENDing)
2025-07-10 12:23:59.957 -04:00 [DBG] FISMacro using screeen ID 190487348 now searching incomplete events from subscription MASTER 651...
2025-07-10 12:23:59.957 -04:00 [DBG]  ====__ TASK 4: instance 190487348 requesting mutex to run SEARCH __====
2025-07-10 12:24:01.693 -04:00 [INF] TASK 0 retriggered event 3 of 50 under subscription HOMEDE 156
2025-07-10 12:24:01.698 -04:00 [DBG] 	TASK 0 released the mutex (finished SENDing)
2025-07-10 12:24:01.698 -04:00 [DBG] 	TASK 2 has the mutex (currently SENDing)
2025-07-10 12:24:01.698 -04:00 [DBG] ===Task 0:
	Row 4 of 50:	12057044	|FSCU  8243984	|07/06/2025	|7:20 AM	|VDEP	|KHKOS	|SRT	|HLCUPN7250613146	|I	| 	|HOMEDE 156
2025-07-10 12:24:02.215 -04:00 [DBG] TASK 0 finished waiting
2025-07-10 12:24:02.215 -04:00 [DBG]  __== TASK 0: instance 1174257064 requesting mutex to run SEND ==__
2025-07-10 12:24:05.397 -04:00 [INF] TASK 2 retriggered event 1 of 1 under subscription LOVESA 4
2025-07-10 12:24:05.399 -04:00 [DBG] 	TASK 2 released the mutex (finished SENDing)
2025-07-10 12:24:05.399 -04:00 [DBG] 	TASK 1 has the mutex (currently SENDing)
2025-07-10 12:24:05.399 -04:00 [DBG] ===Task 2:
	Row 2 of 1:	52132875	|BMOU  5576515	|07/06/2025	|2:42 AM	|VDEP	|CNNGB	|OPT	|HLCUKUL250621599	|I	| 	|LOVESA 4
2025-07-10 12:24:05.915 -04:00 [DBG] TASK 2 finished waiting
2025-07-10 12:24:05.915 -04:00 [INF] 	TASK 2: Searched and retriggered 1 events in 03:59.23
2025-07-10 12:24:05.921 -04:00 [DBG] FISMacro using screeen ID 1107120729 now searching incomplete events from subscription TARGET 113...
2025-07-10 12:24:05.922 -04:00 [DBG]  ====__ TASK 2: instance 1107120729 requesting mutex to run SEARCH __====
2025-07-10 12:24:07.671 -04:00 [INF] TASK 1 retriggered event 5 of 50 under subscription DHLDAN 047
2025-07-10 12:24:07.673 -04:00 [DBG] 	TASK 3 has the mutex (currently SENDing)
2025-07-10 12:24:07.673 -04:00 [DBG] 	TASK 1 released the mutex (finished SENDing)
2025-07-10 12:24:07.673 -04:00 [DBG] ===Task 1:
	Row 6 of 50:	10434776	|HLXU  1275302	|07/09/2025	|2:54 PM	|VDEP	|INNSA	|OPL	|HLCUBO12506BWMY5	|I	| 	|DHLDAN 047
2025-07-10 12:24:08.178 -04:00 [DBG] TASK 1 finished waiting
2025-07-10 12:24:08.178 -04:00 [DBG]  __== TASK 1: instance 694187829 requesting mutex to run SEND ==__
2025-07-10 12:24:12.811 -04:00 [INF] TASK 3 retriggered event 27 of 50 under subscription DHLDAN 47
2025-07-10 12:24:12.813 -04:00 [DBG] 	TASK 3 released the mutex (finished SENDing)
2025-07-10 12:24:12.813 -04:00 [DBG] 	TASK 4 has the mutex (currently searching)
2025-07-10 12:24:12.813 -04:00 [DBG] ===Task 3:
	Row 28 of 50:	11054897	|HLBU  1514122	|07/06/2025	|11:54 PM	|VDEP	|NLRTM	|OPT	|HLCULE1250563336	|I	| 	|DHLDAN 47
2025-07-10 12:24:13.318 -04:00 [DBG] TASK 3 finished waiting
2025-07-10 12:24:13.318 -04:00 [DBG]  __== TASK 3: instance 2063328314 requesting mutex to run SEND ==__
2025-07-10 12:24:14.280 -04:00 [INF] TASK 4: Searching incomplete events under subscription MASTER 651
2025-07-10 12:25:25.289 -04:00 [INF] Found 18 events under subscription MASTER 651
2025-07-10 12:25:25.290 -04:00 [DBG] 	TASK 4 released the mutex (finished SEARCHing)
2025-07-10 12:25:25.291 -04:00 [INF] Finished searching incomplete events for MASTER 651 in 01:25.32
2025-07-10 12:25:25.291 -04:00 [DBG] 	TASK 0 has the mutex (currently SENDing)
2025-07-10 12:25:25.292 -04:00 [DBG]  __== TASK 4: instance 190487348 requesting mutex to run SEND ==__
2025-07-10 12:25:26.782 -04:00 [INF] TASK 0 retriggered event 4 of 50 under subscription HOMEDE 156
2025-07-10 12:25:26.788 -04:00 [DBG] 	TASK 0 released the mutex (finished SENDing)
2025-07-10 12:25:26.788 -04:00 [DBG] ===Task 0:
	Row 5 of 50:	12057044	|UACU  5344515	|07/06/2025	|7:20 AM	|VDEP	|KHKOS	|SRT	|HLCUPN7250613146	|I	| 	|HOMEDE 156
2025-07-10 12:25:26.788 -04:00 [DBG] 	TASK 2 has the mutex (currently searching)
2025-07-10 12:25:27.300 -04:00 [DBG] TASK 0 finished waiting
2025-07-10 12:25:27.300 -04:00 [DBG]  __== TASK 0: instance 1174257064 requesting mutex to run SEND ==__
2025-07-10 12:25:28.457 -04:00 [INF] TASK 2: Searching incomplete events under subscription TARGET 113
2025-07-10 12:26:15.711 -04:00 [INF] Found 50 events under subscription TARGET 113
2025-07-10 12:26:15.711 -04:00 [DBG] 	TASK 2 released the mutex (finished SEARCHing)
2025-07-10 12:26:15.711 -04:00 [INF] Finished searching incomplete events for TARGET 113 in 02:09.80
2025-07-10 12:26:15.711 -04:00 [DBG] 	TASK 1 has the mutex (currently SENDing)
2025-07-10 12:26:15.711 -04:00 [DBG]  __== TASK 2: instance 1107120729 requesting mutex to run SEND ==__
2025-07-10 12:26:17.421 -04:00 [INF] TASK 1 retriggered event 6 of 50 under subscription DHLDAN 047
2025-07-10 12:26:17.434 -04:00 [DBG] 	TASK 1 released the mutex (finished SENDing)
2025-07-10 12:26:17.434 -04:00 [DBG] 	TASK 3 has the mutex (currently SENDing)
2025-07-10 12:26:17.434 -04:00 [DBG] ===Task 1:
	Row 7 of 50:	10762713	|HLBU  3818150	|07/09/2025	|4:00 PM	|VDEP	|NLRTM	|OPT	|HLCUDUR250529353	|I	| 	|DHLDAN 047
2025-07-10 12:26:17.946 -04:00 [DBG] TASK 1 finished waiting
2025-07-10 12:26:17.946 -04:00 [DBG]  __== TASK 1: instance 694187829 requesting mutex to run SEND ==__
2025-07-10 12:26:20.473 -04:00 [INF] TASK 3 retriggered event 28 of 50 under subscription DHLDAN 47
2025-07-10 12:26:20.473 -04:00 [DBG] 	TASK 4 has the mutex (currently SENDing)
2025-07-10 12:26:20.473 -04:00 [DBG] 	TASK 3 released the mutex (finished SENDing)
2025-07-10 12:26:20.473 -04:00 [DBG] ===Task 3:
	Row 29 of 50:	11054897	|HLXU  1312237	|07/06/2025	|11:54 PM	|VDEP	|NLRTM	|OPT	|HLCULE1250563336	|I	| 	|DHLDAN 47
2025-07-10 12:26:20.992 -04:00 [DBG] TASK 3 finished waiting
2025-07-10 12:26:20.992 -04:00 [DBG]  __== TASK 3: instance 2063328314 requesting mutex to run SEND ==__
2025-07-10 12:26:31.994 -04:00 [INF] TASK 4 found no valid containers in subscription MASTER 651
2025-07-10 12:26:31.994 -04:00 [DBG] 	TASK 4 released the mutex (finished SENDing)
2025-07-10 12:26:31.994 -04:00 [INF] 	TASK 4: Searched and retriggered 18 events in 02:32.03
2025-07-10 12:26:31.994 -04:00 [DBG] 	TASK 0 has the mutex (currently SENDing)
2025-07-10 12:26:31.994 -04:00 [DBG] FISMacro using screeen ID 190487348 now searching incomplete events from subscription TARGET 113 GTN...
2025-07-10 12:26:31.994 -04:00 [DBG]  ====__ TASK 4: instance 190487348 requesting mutex to run SEARCH __====
2025-07-10 12:26:33.826 -04:00 [INF] TASK 0 retriggered event 5 of 50 under subscription HOMEDE 156
2025-07-10 12:26:33.826 -04:00 [DBG] 	TASK 0 released the mutex (finished SENDing)
2025-07-10 12:26:33.826 -04:00 [DBG] ===Task 0:
	Row 6 of 50:	13085836	|TRLU  8616900	|07/10/2025	|3:11 PM	|VDEP	|CNZJG	|SRT	|HLCUNK2250610670	|I	| 	|HOMEDE 156
2025-07-10 12:26:33.826 -04:00 [DBG] 	TASK 2 has the mutex (currently SENDing)
2025-07-10 12:26:34.331 -04:00 [DBG] TASK 0 finished waiting
2025-07-10 12:26:34.331 -04:00 [DBG]  __== TASK 0: instance 1174257064 requesting mutex to run SEND ==__
2025-07-10 12:26:38.503 -04:00 [INF] TASK 2 retriggered event 5 of 50 under subscription TARGET 113
2025-07-10 12:26:38.505 -04:00 [DBG] 	TASK 2 released the mutex (finished SENDing)
2025-07-10 12:26:38.505 -04:00 [DBG] 	TASK 1 has the mutex (currently SENDing)
2025-07-10 12:26:38.505 -04:00 [DBG] ===Task 2:
	Row 6 of 50:	15871615	|FANU  1429280	|07/17/2025	|6:30 AM	|DEPD	|INMUN	|OPL	|NONE	|I	| 	|TARGET 113
2025-07-10 12:26:39.017 -04:00 [DBG] TASK 2 finished waiting
2025-07-10 12:26:39.017 -04:00 [DBG]  __== TASK 2: instance 1107120729 requesting mutex to run SEND ==__
2025-07-10 12:26:40.822 -04:00 [INF] TASK 1 retriggered event 7 of 50 under subscription DHLDAN 047
2025-07-10 12:26:40.836 -04:00 [DBG] 	TASK 1 released the mutex (finished SENDing)
2025-07-10 12:26:40.836 -04:00 [DBG] 	TASK 3 has the mutex (currently SENDing)
2025-07-10 12:26:40.836 -04:00 [DBG] ===Task 1:
	Row 8 of 50:	11054897	|HLBU  1514122	|07/06/2025	|11:54 PM	|VDEP	|NLRTM	|OPT	|HLCULE1250563336	|I	| 	|DHLDAN 047
2025-07-10 12:26:41.343 -04:00 [DBG] TASK 1 finished waiting
2025-07-10 12:26:41.343 -04:00 [DBG]  __== TASK 1: instance 694187829 requesting mutex to run SEND ==__
2025-07-10 12:26:43.233 -04:00 [INF] TASK 3 retriggered event 29 of 50 under subscription DHLDAN 47
2025-07-10 12:26:43.236 -04:00 [DBG] 	TASK 3 released the mutex (finished SENDing)
2025-07-10 12:26:43.236 -04:00 [DBG] ===Task 3:
	Row 30 of 50:	11054897	|TCLU  3609909	|07/06/2025	|11:54 PM	|VDEP	|NLRTM	|OPT	|HLCULE1250563336	|I	| 	|DHLDAN 47
2025-07-10 12:26:43.236 -04:00 [DBG] 	TASK 4 has the mutex (currently searching)
2025-07-10 12:26:43.740 -04:00 [DBG] TASK 3 finished waiting
2025-07-10 12:26:43.740 -04:00 [DBG]  __== TASK 3: instance 2063328314 requesting mutex to run SEND ==__
2025-07-10 12:26:44.736 -04:00 [INF] TASK 4: Searching incomplete events under subscription TARGET 113 GTN
2025-07-10 12:27:52.271 -04:00 [INF] Found 50 events under subscription TARGET 113 GTN
2025-07-10 12:27:52.271 -04:00 [DBG] 	TASK 4 released the mutex (finished SEARCHing)
2025-07-10 12:27:52.271 -04:00 [INF] Finished searching incomplete events for TARGET 113 GTN in 01:20.27
2025-07-10 12:27:52.271 -04:00 [DBG] 	TASK 0 has the mutex (currently SENDing)
2025-07-10 12:27:52.271 -04:00 [DBG]  __== TASK 4: instance 190487348 requesting mutex to run SEND ==__
2025-07-10 12:28:00.397 -04:00 [INF] TASK 0 retriggered event 17 of 50 under subscription HOMEDE 156
2025-07-10 12:28:00.397 -04:00 [DBG] 	TASK 0 released the mutex (finished SENDing)
2025-07-10 12:28:00.397 -04:00 [DBG] 	TASK 2 has the mutex (currently SENDing)
2025-07-10 12:28:00.397 -04:00 [DBG] ===Task 0:
	Row 18 of 50:	14991564	|HLBU  2809051	|07/06/2025	|3:48 PM	|VDEP	|THLCH	|SRT	|HLCUBKK2505AQPF6	|I	|Y	|HOMEDE 156
2025-07-10 12:28:00.910 -04:00 [DBG] TASK 0 finished waiting
2025-07-10 12:28:00.910 -04:00 [DBG]  __== TASK 0: instance 1174257064 requesting mutex to run SEND ==__
2025-07-10 12:28:02.795 -04:00 [INF] TASK 2 retriggered event 6 of 50 under subscription TARGET 113
2025-07-10 12:28:02.798 -04:00 [DBG] 	TASK 2 released the mutex (finished SENDing)
2025-07-10 12:28:02.798 -04:00 [DBG] ===Task 2:
	Row 7 of 50:	15871615	|HLBU  2187256	|07/17/2025	|6:30 AM	|DEPD	|INMUN	|OPL	|NONE	|I	| 	|TARGET 113
2025-07-10 12:28:02.798 -04:00 [DBG] 	TASK 1 has the mutex (currently SENDing)
2025-07-10 12:28:03.299 -04:00 [DBG] TASK 2 finished waiting
2025-07-10 12:28:03.299 -04:00 [DBG]  __== TASK 2: instance 1107120729 requesting mutex to run SEND ==__
2025-07-10 12:28:05.150 -04:00 [INF] TASK 1 retriggered event 8 of 50 under subscription DHLDAN 047
2025-07-10 12:28:05.154 -04:00 [DBG] 	TASK 3 has the mutex (currently SENDing)
2025-07-10 12:28:05.154 -04:00 [DBG] 	TASK 1 released the mutex (finished SENDing)
2025-07-10 12:28:05.154 -04:00 [DBG] ===Task 1:
	Row 9 of 50:	11054897	|HLXU  1312237	|07/06/2025	|11:54 PM	|VDEP	|NLRTM	|OPT	|HLCULE1250563336	|I	| 	|DHLDAN 047
2025-07-10 12:28:05.655 -04:00 [DBG] TASK 1 finished waiting
2025-07-10 12:28:05.655 -04:00 [DBG]  __== TASK 1: instance 694187829 requesting mutex to run SEND ==__
2025-07-10 12:28:07.323 -04:00 [INF] TASK 3 retriggered event 30 of 50 under subscription DHLDAN 47
2025-07-10 12:28:07.324 -04:00 [DBG] 	TASK 4 has the mutex (currently SENDing)
2025-07-10 12:28:07.324 -04:00 [DBG] 	TASK 3 released the mutex (finished SENDing)
2025-07-10 12:28:07.324 -04:00 [DBG] ===Task 3:
	Row 31 of 50:	11054897	|TEMU  1053510	|07/06/2025	|11:54 PM	|VDEP	|NLRTM	|OPT	|HLCULE1250563336	|I	| 	|DHLDAN 47
2025-07-10 12:28:07.826 -04:00 [DBG] TASK 3 finished waiting
2025-07-10 12:28:07.826 -04:00 [DBG]  __== TASK 3: instance 2063328314 requesting mutex to run SEND ==__
2025-07-10 12:28:37.294 -04:00 [INF] TASK 4 found no valid containers in subscription TARGET 113 GTN
2025-07-10 12:28:37.294 -04:00 [DBG] 	TASK 4 released the mutex (finished SENDing)
2025-07-10 12:28:37.294 -04:00 [INF] 	TASK 4: Searched and retriggered 50 events in 02:05.30
2025-07-10 12:28:37.294 -04:00 [DBG] 	TASK 0 has the mutex (currently SENDing)
2025-07-10 12:28:37.309 -04:00 [DBG] FISMacro using screeen ID 190487348 now searching incomplete events from subscription WALMAR 64...
2025-07-10 12:28:37.309 -04:00 [DBG]  ====__ TASK 4: instance 190487348 requesting mutex to run SEARCH __====
2025-07-10 12:28:39.019 -04:00 [INF] TASK 0 retriggered event 18 of 50 under subscription HOMEDE 156
2025-07-10 12:28:39.021 -04:00 [DBG] 	TASK 2 has the mutex (currently SENDing)
2025-07-10 12:28:39.021 -04:00 [DBG] 	TASK 0 released the mutex (finished SENDing)
2025-07-10 12:28:39.021 -04:00 [DBG] ===Task 0:
	Row 19 of 50:	15551230	|FANU  3389886	|07/06/2025	|7:20 AM	|VDEP	|KHKOS	|SRT	|HLCUPN7250523495	|I	| 	|HOMEDE 156
2025-07-10 12:28:39.533 -04:00 [DBG] TASK 0 finished waiting
2025-07-10 12:28:39.533 -04:00 [DBG]  __== TASK 0: instance 1174257064 requesting mutex to run SEND ==__
2025-07-10 12:28:47.883 -04:00 [INF] TASK 2 retriggered event 18 of 50 under subscription TARGET 113
2025-07-10 12:28:47.885 -04:00 [DBG] 	TASK 2 released the mutex (finished SENDing)
2025-07-10 12:28:47.885 -04:00 [DBG] 	TASK 1 has the mutex (currently SENDing)
2025-07-10 12:28:47.885 -04:00 [DBG] ===Task 2:
	Row 19 of 50:	20594471	|HAMU  1807389	|07/17/2025	|6:30 AM	|DEPD	|INMUN	|OPL	|NONE	|I	| 	|TARGET 113
2025-07-10 12:28:48.388 -04:00 [DBG] TASK 2 finished waiting
2025-07-10 12:28:48.388 -04:00 [DBG]  __== TASK 2: instance 1107120729 requesting mutex to run SEND ==__
2025-07-10 12:28:50.100 -04:00 [INF] TASK 1 retriggered event 9 of 50 under subscription DHLDAN 047
2025-07-10 12:28:50.101 -04:00 [DBG] 	TASK 1 released the mutex (finished SENDing)
2025-07-10 12:28:50.101 -04:00 [DBG] ===Task 1:
	Row 10 of 50:	11054897	|TCLU  3609909	|07/06/2025	|11:54 PM	|VDEP	|NLRTM	|OPT	|HLCULE1250563336	|I	| 	|DHLDAN 047
2025-07-10 12:28:50.101 -04:00 [DBG] 	TASK 3 has the mutex (currently SENDing)
2025-07-10 12:28:50.607 -04:00 [DBG] TASK 1 finished waiting
2025-07-10 12:28:50.608 -04:00 [DBG]  __== TASK 1: instance 694187829 requesting mutex to run SEND ==__
2025-07-10 12:28:52.381 -04:00 [INF] TASK 3 retriggered event 31 of 50 under subscription DHLDAN 47
2025-07-10 12:28:52.381 -04:00 [DBG] 	TASK 3 released the mutex (finished SENDing)
2025-07-10 12:28:52.381 -04:00 [DBG] 	TASK 4 has the mutex (currently searching)
2025-07-10 12:28:52.381 -04:00 [DBG] ===Task 3:
	Row 32 of 50:	11054897	|UACU  3805860	|07/06/2025	|11:54 PM	|VDEP	|NLRTM	|OPT	|HLCULE1250563336	|I	| 	|DHLDAN 47
2025-07-10 12:28:52.896 -04:00 [DBG] TASK 3 finished waiting
2025-07-10 12:28:52.896 -04:00 [DBG]  __== TASK 3: instance 2063328314 requesting mutex to run SEND ==__
2025-07-10 12:28:53.954 -04:00 [INF] TASK 4: Searching incomplete events under subscription WALMAR 64
2025-07-10 12:29:58.428 -04:00 [INF] Found 6 events under subscription WALMAR 64
2025-07-10 12:29:58.429 -04:00 [DBG] 	TASK 4 released the mutex (finished SEARCHing)
2025-07-10 12:29:58.429 -04:00 [INF] Finished searching incomplete events for WALMAR 64 in 01:21.11
2025-07-10 12:29:58.429 -04:00 [DBG] 	TASK 0 has the mutex (currently SENDing)
2025-07-10 12:29:58.430 -04:00 [DBG]  __== TASK 4: instance 190487348 requesting mutex to run SEND ==__
2025-07-10 12:30:00.037 -04:00 [INF] TASK 0 retriggered event 19 of 50 under subscription HOMEDE 156
2025-07-10 12:30:00.044 -04:00 [DBG] 	TASK 0 released the mutex (finished SENDing)
2025-07-10 12:30:00.044 -04:00 [DBG] ===Task 0:
	Row 20 of 50:	16402147	|HLXU  1192975	|07/06/2025	|7:20 AM	|VDEP	|KHKOS	|SRT	|HLCUPN7250600598	|I	| 	|HOMEDE 156
2025-07-10 12:30:00.044 -04:00 [DBG] 	TASK 2 has the mutex (currently SENDing)
2025-07-10 12:30:00.581 -04:00 [DBG] TASK 0 finished waiting
2025-07-10 12:30:00.581 -04:00 [DBG]  __== TASK 0: instance 1174257064 requesting mutex to run SEND ==__
2025-07-10 12:30:02.473 -04:00 [INF] TASK 2 retriggered event 19 of 50 under subscription TARGET 113
2025-07-10 12:30:02.475 -04:00 [DBG] 	TASK 2 released the mutex (finished SENDing)
2025-07-10 12:30:02.475 -04:00 [DBG] 	TASK 1 has the mutex (currently SENDing)
2025-07-10 12:30:02.475 -04:00 [DBG] ===Task 2:
	Row 20 of 50:	20594471	|HAMU  2689911	|07/17/2025	|6:30 AM	|DEPD	|INMUN	|OPL	|NONE	|I	| 	|TARGET 113
2025-07-10 12:30:02.993 -04:00 [DBG] TASK 2 finished waiting
2025-07-10 12:30:02.993 -04:00 [DBG]  __== TASK 2: instance 1107120729 requesting mutex to run SEND ==__
2025-07-10 12:30:05.120 -04:00 [INF] TASK 1 retriggered event 10 of 50 under subscription DHLDAN 047
2025-07-10 12:30:05.120 -04:00 [DBG] 	TASK 3 has the mutex (currently SENDing)
2025-07-10 12:30:05.120 -04:00 [DBG] 	TASK 1 released the mutex (finished SENDing)
2025-07-10 12:30:05.120 -04:00 [DBG] ===Task 1:
	Row 11 of 50:	11054897	|TEMU  1053510	|07/06/2025	|11:54 PM	|VDEP	|NLRTM	|OPT	|HLCULE1250563336	|I	| 	|DHLDAN 047
2025-07-10 12:30:05.628 -04:00 [DBG] TASK 1 finished waiting
2025-07-10 12:30:05.628 -04:00 [DBG]  __== TASK 1: instance 694187829 requesting mutex to run SEND ==__
2025-07-10 12:30:09.785 -04:00 [INF] TASK 3 retriggered event 36 of 50 under subscription DHLDAN 47
2025-07-10 12:30:09.787 -04:00 [DBG] 	TASK 3 released the mutex (finished SENDing)
2025-07-10 12:30:09.787 -04:00 [DBG] 	TASK 4 has the mutex (currently SENDing)
2025-07-10 12:30:09.787 -04:00 [DBG] ===Task 3:
	Row 37 of 50:	11215255	|TCLU  8230728	|07/07/2025	|6:12 AM	|VDEP	|DEHAM	|SRT	|HLCUHAM250608519	|I	| 	|DHLDAN 47
2025-07-10 12:30:10.289 -04:00 [DBG] TASK 3 finished waiting
2025-07-10 12:30:10.289 -04:00 [DBG]  __== TASK 3: instance 2063328314 requesting mutex to run SEND ==__
2025-07-10 12:30:12.435 -04:00 [INF] TASK 4 retriggered event 1 of 6 under subscription WALMAR 64
2025-07-10 12:30:12.436 -04:00 [DBG] 	TASK 4 released the mutex (finished SENDing)
2025-07-10 12:30:12.436 -04:00 [DBG] 	TASK 0 has the mutex (currently SENDing)
2025-07-10 12:30:12.436 -04:00 [DBG] ===Task 4:
	Row 2 of 6:	24289020	|HLBU  9046624	|07/07/2025	|5:48 PM	|GIFU	|BEANR	|SRT	|NONE	|I	| 	|WALMAR 64
2025-07-10 12:30:12.943 -04:00 [DBG] TASK 4 finished waiting
2025-07-10 12:30:12.943 -04:00 [DBG]  __== TASK 4: instance 190487348 requesting mutex to run SEND ==__
2025-07-10 12:30:15.252 -04:00 [INF] TASK 0 retriggered event 21 of 50 under subscription HOMEDE 156
2025-07-10 12:30:15.257 -04:00 [DBG] 	TASK 2 has the mutex (currently SENDing)
2025-07-10 12:30:15.257 -04:00 [DBG] 	TASK 0 released the mutex (finished SENDing)
2025-07-10 12:30:15.257 -04:00 [DBG] ===Task 0:
	Row 22 of 50:	18401349	|FANU  1184700	|07/06/2025	|3:48 PM	|VDEP	|THLCH	|SRT	|HLCUBKK250640750	|I	|Y	|HOMEDE 156
2025-07-10 12:30:15.764 -04:00 [DBG] TASK 0 finished waiting
2025-07-10 12:30:15.764 -04:00 [DBG]  __== TASK 0: instance 1174257064 requesting mutex to run SEND ==__
2025-07-10 12:30:21.466 -04:00 [INF] TASK 2 retriggered event 26 of 50 under subscription TARGET 113
2025-07-10 12:30:21.472 -04:00 [DBG] 	TASK 2 released the mutex (finished SENDing)
2025-07-10 12:30:21.472 -04:00 [DBG] ===Task 2:
	Row 27 of 50:	22778013	|CAIU  7957228	|07/17/2025	|6:30 AM	|DEPD	|INMUN	|OPL	|NONE	|I	| 	|TARGET 113
2025-07-10 12:30:21.473 -04:00 [DBG] 	TASK 1 has the mutex (currently SENDing)
2025-07-10 12:30:21.986 -04:00 [DBG] TASK 2 finished waiting
2025-07-10 12:30:21.986 -04:00 [DBG]  __== TASK 2: instance 1107120729 requesting mutex to run SEND ==__
2025-07-10 12:30:24.591 -04:00 [INF] TASK 1 retriggered event 11 of 50 under subscription DHLDAN 047
2025-07-10 12:30:24.592 -04:00 [DBG] 	TASK 1 released the mutex (finished SENDing)
2025-07-10 12:30:24.592 -04:00 [DBG] 	TASK 3 has the mutex (currently SENDing)
2025-07-10 12:30:24.592 -04:00 [DBG] ===Task 1:
	Row 12 of 50:	11054897	|UACU  3805860	|07/06/2025	|11:54 PM	|VDEP	|NLRTM	|OPT	|HLCULE1250563336	|I	| 	|DHLDAN 047
2025-07-10 12:30:25.102 -04:00 [DBG] TASK 1 finished waiting
2025-07-10 12:30:25.102 -04:00 [DBG]  __== TASK 1: instance 694187829 requesting mutex to run SEND ==__
2025-07-10 12:30:27.057 -04:00 [INF] TASK 3 retriggered event 37 of 50 under subscription DHLDAN 47
2025-07-10 12:30:27.065 -04:00 [DBG] 	TASK 3 released the mutex (finished SENDing)
2025-07-10 12:30:27.066 -04:00 [DBG] ===Task 3:
	Row 38 of 50:	11260393	|FANU  1808670	|07/06/2025	|7:20 AM	|VDEP	|KHKOS	|SRT	|HLCUPN7250700384	|I	| 	|DHLDAN 47
2025-07-10 12:30:27.067 -04:00 [DBG] 	TASK 4 has the mutex (currently SENDing)
2025-07-10 12:30:27.573 -04:00 [DBG] TASK 3 finished waiting
2025-07-10 12:30:27.573 -04:00 [DBG]  __== TASK 3: instance 2063328314 requesting mutex to run SEND ==__
2025-07-10 12:30:29.496 -04:00 [INF] TASK 4 retriggered event 2 of 6 under subscription WALMAR 64
2025-07-10 12:30:29.498 -04:00 [DBG] 	TASK 4 released the mutex (finished SENDing)
2025-07-10 12:30:29.498 -04:00 [DBG] ===Task 4:
	Row 3 of 6:	28610422	|HAMU  4632509	|07/09/2025	|8:41 AM	|GOFU	|VNSGN	|SRT	|HLCUSGN2506AQSR6	|I	| 	|WALMAR 64
2025-07-10 12:30:29.498 -04:00 [DBG] 	TASK 0 has the mutex (currently SENDing)
2025-07-10 12:30:30.002 -04:00 [DBG] TASK 4 finished waiting
2025-07-10 12:30:30.002 -04:00 [DBG]  __== TASK 4: instance 190487348 requesting mutex to run SEND ==__
2025-07-10 12:30:32.337 -04:00 [INF] TASK 0 retriggered event 23 of 50 under subscription HOMEDE 156
2025-07-10 12:30:32.339 -04:00 [DBG] 	TASK 0 released the mutex (finished SENDing)
2025-07-10 12:30:32.339 -04:00 [DBG] ===Task 0:
	Row 24 of 50:	20114402	|TCLU  1772814	|07/06/2025	|7:20 AM	|VDEP	|KHKOS	|SRT	|HLCUPN7250611966	|I	| 	|HOMEDE 156
2025-07-10 12:30:32.339 -04:00 [DBG] 	TASK 2 has the mutex (currently SENDing)
2025-07-10 12:30:32.846 -04:00 [DBG] TASK 0 finished waiting
2025-07-10 12:30:32.846 -04:00 [DBG]  __== TASK 0: instance 1174257064 requesting mutex to run SEND ==__
2025-07-10 12:30:34.749 -04:00 [INF] TASK 2 retriggered event 27 of 50 under subscription TARGET 113
2025-07-10 12:30:34.751 -04:00 [DBG] 	TASK 1 has the mutex (currently SENDing)
2025-07-10 12:30:34.751 -04:00 [DBG] 	TASK 2 released the mutex (finished SENDing)
2025-07-10 12:30:34.751 -04:00 [DBG] ===Task 2:
	Row 28 of 50:	22778013	|TEMU  7432932	|07/17/2025	|6:30 AM	|DEPD	|INMUN	|OPL	|NONE	|I	| 	|TARGET 113
2025-07-10 12:30:35.254 -04:00 [DBG] TASK 2 finished waiting
2025-07-10 12:30:35.254 -04:00 [DBG]  __== TASK 2: instance 1107120729 requesting mutex to run SEND ==__
2025-07-10 12:30:37.490 -04:00 [INF] TASK 1 retriggered event 12 of 50 under subscription DHLDAN 047
2025-07-10 12:30:37.491 -04:00 [DBG] 	TASK 3 has the mutex (currently SENDing)
2025-07-10 12:30:37.491 -04:00 [DBG] 	TASK 1 released the mutex (finished SENDing)
2025-07-10 12:30:37.491 -04:00 [DBG] ===Task 1:
	Row 13 of 50:	11215255	|TCLU  8230728	|07/07/2025	|6:12 AM	|VDEP	|DEHAM	|SRT	|HLCUHAM250608519	|I	| 	|DHLDAN 047
2025-07-10 12:30:38.007 -04:00 [DBG] TASK 1 finished waiting
2025-07-10 12:30:38.007 -04:00 [DBG]  __== TASK 1: instance 694187829 requesting mutex to run SEND ==__
2025-07-10 12:30:39.758 -04:00 [INF] TASK 3 retriggered event 38 of 50 under subscription DHLDAN 47
2025-07-10 12:30:39.758 -04:00 [DBG] 	TASK 3 released the mutex (finished SENDing)
2025-07-10 12:30:39.758 -04:00 [DBG] 	TASK 4 has the mutex (currently SENDing)
2025-07-10 12:30:39.758 -04:00 [DBG] ===Task 3:
	Row 39 of 50:	11390371	|HAMU  4607424	|07/06/2025	|7:20 AM	|VDEP	|KHKOS	|SRT	|HLCUPN7250700402	|I	| 	|DHLDAN 47
2025-07-10 12:30:40.272 -04:00 [DBG] TASK 3 finished waiting
2025-07-10 12:30:40.272 -04:00 [DBG]  __== TASK 3: instance 2063328314 requesting mutex to run SEND ==__
2025-07-10 12:30:42.146 -04:00 [INF] TASK 4 retriggered event 3 of 6 under subscription WALMAR 64
2025-07-10 12:30:42.148 -04:00 [DBG] 	TASK 0 has the mutex (currently SENDing)
2025-07-10 12:30:42.148 -04:00 [DBG] 	TASK 4 released the mutex (finished SENDing)
2025-07-10 12:30:42.148 -04:00 [DBG] ===Task 4:
	Row 4 of 6:	28610422	|HAMU  4632690	|07/09/2025	|10:10 AM	|GOFU	|VNSGN	|SRT	|HLCUSGN2506AQSR6	|I	| 	|WALMAR 64
2025-07-10 12:30:42.650 -04:00 [DBG] TASK 4 finished waiting
2025-07-10 12:30:42.650 -04:00 [DBG]  __== TASK 4: instance 190487348 requesting mutex to run SEND ==__
2025-07-10 12:30:44.421 -04:00 [INF] TASK 0 retriggered event 24 of 50 under subscription HOMEDE 156
2025-07-10 12:30:44.431 -04:00 [DBG] 	TASK 2 has the mutex (currently SENDing)
2025-07-10 12:30:44.431 -04:00 [DBG] 	TASK 0 released the mutex (finished SENDing)
2025-07-10 12:30:44.431 -04:00 [DBG] ===Task 0:
	Row 25 of 50:	20297335	|HAMU  3924960	|07/09/2025	|3:54 AM	|VDEP	|CNTXG	|SRT	|HLCUEUR250610278	|I	| 	|HOMEDE 156
2025-07-10 12:30:44.936 -04:00 [DBG] TASK 0 finished waiting
2025-07-10 12:30:44.936 -04:00 [DBG]  __== TASK 0: instance 1174257064 requesting mutex to run SEND ==__
2025-07-10 12:30:49.679 -04:00 [INF] TASK 2 retriggered event 33 of 50 under subscription TARGET 113
2025-07-10 12:30:49.684 -04:00 [DBG] 	TASK 2 released the mutex (finished SENDing)
2025-07-10 12:30:49.685 -04:00 [DBG] ===Task 2:
	Row 34 of 50:	25264170	|HAMU  1757082	|07/17/2025	|6:30 AM	|DEPD	|INMUN	|OPL	|NONE	|I	| 	|TARGET 113
2025-07-10 12:30:49.684 -04:00 [DBG] 	TASK 1 has the mutex (currently SENDing)
2025-07-10 12:30:50.198 -04:00 [DBG] TASK 2 finished waiting
2025-07-10 12:30:50.198 -04:00 [DBG]  __== TASK 2: instance 1107120729 requesting mutex to run SEND ==__
2025-07-10 12:30:51.957 -04:00 [INF] TASK 1 retriggered event 13 of 50 under subscription DHLDAN 047
2025-07-10 12:30:51.960 -04:00 [DBG] 	TASK 1 released the mutex (finished SENDing)
2025-07-10 12:30:51.960 -04:00 [DBG] 	TASK 3 has the mutex (currently SENDing)
2025-07-10 12:30:51.960 -04:00 [DBG] ===Task 1:
	Row 14 of 50:	11260393	|FANU  1808670	|07/06/2025	|7:20 AM	|VDEP	|KHKOS	|SRT	|HLCUPN7250700384	|I	| 	|DHLDAN 047
2025-07-10 12:30:52.468 -04:00 [DBG] TASK 1 finished waiting
2025-07-10 12:30:52.468 -04:00 [DBG]  __== TASK 1: instance 694187829 requesting mutex to run SEND ==__
2025-07-10 12:30:59.025 -04:00 [INF] TASK 3 retriggered event 47 of 50 under subscription DHLDAN 47
2025-07-10 12:30:59.030 -04:00 [DBG] 	TASK 3 released the mutex (finished SENDing)
2025-07-10 12:30:59.030 -04:00 [DBG] ===Task 3:
	Row 48 of 50:	11741281	|HAMU  1920760	|07/07/2025	|8:24 AM	|VDEP	|NLRTM	|SRT	|HLCUHAM2506APTP0	|I	| 	|DHLDAN 47
2025-07-10 12:30:59.030 -04:00 [DBG] 	TASK 4 has the mutex (currently SENDing)
2025-07-10 12:30:59.544 -04:00 [DBG] TASK 3 finished waiting
2025-07-10 12:30:59.544 -04:00 [DBG]  __== TASK 3: instance 2063328314 requesting mutex to run SEND ==__
2025-07-10 12:31:01.359 -04:00 [INF] TASK 4 retriggered event 4 of 6 under subscription WALMAR 64
2025-07-10 12:31:01.365 -04:00 [DBG] 	TASK 0 has the mutex (currently SENDing)
2025-07-10 12:31:01.365 -04:00 [DBG] 	TASK 4 released the mutex (finished SENDing)
2025-07-10 12:31:01.365 -04:00 [DBG] ===Task 4:
	Row 5 of 6:	28610422	|HAMU  4632788	|07/09/2025	|8:47 AM	|GOFU	|VNSGN	|SRT	|HLCUSGN2506AQSR6	|I	| 	|WALMAR 64
2025-07-10 12:31:01.867 -04:00 [DBG] TASK 4 finished waiting
2025-07-10 12:31:01.868 -04:00 [DBG]  __== TASK 4: instance 190487348 requesting mutex to run SEND ==__
2025-07-10 12:31:03.622 -04:00 [INF] TASK 0 retriggered event 25 of 50 under subscription HOMEDE 156
2025-07-10 12:31:03.623 -04:00 [DBG] 	TASK 2 has the mutex (currently SENDing)
2025-07-10 12:31:03.623 -04:00 [DBG] 	TASK 0 released the mutex (finished SENDing)
2025-07-10 12:31:03.624 -04:00 [DBG] ===Task 0:
	Row 26 of 50:	20297335	|HLXU  8312244	|07/09/2025	|3:54 AM	|VDEP	|CNTXG	|SRT	|HLCUEUR250610278	|I	| 	|HOMEDE 156
2025-07-10 12:31:04.131 -04:00 [DBG] TASK 0 finished waiting
2025-07-10 12:31:04.131 -04:00 [DBG]  __== TASK 0: instance 1174257064 requesting mutex to run SEND ==__
2025-07-10 12:31:05.733 -04:00 [INF] TASK 2 retriggered event 34 of 50 under subscription TARGET 113
2025-07-10 12:31:05.738 -04:00 [DBG] 	TASK 2 released the mutex (finished SENDing)
2025-07-10 12:31:05.738 -04:00 [DBG] ===Task 2:
	Row 35 of 50:	25264170	|HAMU  2575164	|07/17/2025	|6:30 AM	|DEPD	|INMUN	|OPL	|NONE	|I	| 	|TARGET 113
2025-07-10 12:31:05.738 -04:00 [DBG] 	TASK 1 has the mutex (currently SENDing)
2025-07-10 12:31:06.249 -04:00 [DBG] TASK 2 finished waiting
2025-07-10 12:31:06.249 -04:00 [DBG]  __== TASK 2: instance 1107120729 requesting mutex to run SEND ==__
2025-07-10 12:31:08.029 -04:00 [INF] TASK 1 retriggered event 14 of 50 under subscription DHLDAN 047
2025-07-10 12:31:08.029 -04:00 [DBG] 	TASK 1 released the mutex (finished SENDing)
2025-07-10 12:31:08.029 -04:00 [DBG] ===Task 1:
	Row 15 of 50:	11390371	|HAMU  4607424	|07/06/2025	|7:20 AM	|VDEP	|KHKOS	|SRT	|HLCUPN7250700402	|I	| 	|DHLDAN 047
2025-07-10 12:31:08.029 -04:00 [DBG] 	TASK 3 has the mutex (currently SENDing)
2025-07-10 12:31:08.542 -04:00 [DBG] TASK 1 finished waiting
2025-07-10 12:31:08.542 -04:00 [DBG]  __== TASK 1: instance 694187829 requesting mutex to run SEND ==__
2025-07-10 12:31:11.110 -04:00 [INF] TASK 3 retriggered event 49 of 50 under subscription DHLDAN 47
2025-07-10 12:31:11.110 -04:00 [DBG] 	TASK 3 released the mutex (finished SENDing)
2025-07-10 12:31:11.110 -04:00 [DBG] 	TASK 4 has the mutex (currently SENDing)
2025-07-10 12:31:11.110 -04:00 [DBG] ===Task 3:
	Row 50 of 50:	11751993	|TCKU  3548426	|07/09/2025	|3:30 PM	|VDEP	|INMUN	|OPL	|HLCUDE1250641920	|I	| 	|DHLDAN 47
2025-07-10 12:31:11.622 -04:00 [DBG] TASK 3 finished waiting
2025-07-10 12:31:11.622 -04:00 [DBG]  __== TASK 3: instance 2063328314 requesting mutex to run SEND ==__
2025-07-10 12:31:13.330 -04:00 [INF] TASK 4 retriggered event 5 of 6 under subscription WALMAR 64
2025-07-10 12:31:13.330 -04:00 [DBG] 	TASK 4 released the mutex (finished SENDing)
2025-07-10 12:31:13.330 -04:00 [DBG] 	TASK 0 has the mutex (currently SENDing)
2025-07-10 12:31:13.330 -04:00 [DBG] ===Task 4:
	Row 6 of 6:	70045415	|HAMU  4631230	|07/09/2025	|10:00 AM	|GOFU	|VNSGN	|SRT	|HLCUSGN250680095	|I	| 	|WALMAR 64
2025-07-10 12:31:13.850 -04:00 [DBG] TASK 4 finished waiting
2025-07-10 12:31:13.850 -04:00 [DBG]  __== TASK 4: instance 190487348 requesting mutex to run SEND ==__
2025-07-10 12:31:16.869 -04:00 [INF] TASK 0 retriggered event 28 of 50 under subscription HOMEDE 156
2025-07-10 12:31:16.870 -04:00 [DBG] 	TASK 0 released the mutex (finished SENDing)
2025-07-10 12:31:16.870 -04:00 [DBG] ===Task 0:
	Row 29 of 50:	22778917	|HLBU  3813349	|07/06/2025	|2:42 AM	|VDEP	|CNNGB	|SRT	|HLCUNG12412VPSU9	|I	| 	|HOMEDE 156
2025-07-10 12:31:16.870 -04:00 [DBG] 	TASK 2 has the mutex (currently SENDing)
2025-07-10 12:31:17.371 -04:00 [DBG] TASK 0 finished waiting
2025-07-10 12:31:17.371 -04:00 [DBG]  __== TASK 0: instance 1174257064 requesting mutex to run SEND ==__
2025-07-10 12:31:19.125 -04:00 [INF] TASK 2 retriggered event 35 of 50 under subscription TARGET 113
2025-07-10 12:31:19.130 -04:00 [DBG] 	TASK 1 has the mutex (currently SENDing)
2025-07-10 12:31:19.130 -04:00 [DBG] 	TASK 2 released the mutex (finished SENDing)
2025-07-10 12:31:19.131 -04:00 [DBG] ===Task 2:
	Row 36 of 50:	25264170	|HLBU  3133763	|07/17/2025	|6:30 AM	|DEPD	|INMUN	|OPL	|NONE	|I	| 	|TARGET 113
2025-07-10 12:31:19.644 -04:00 [DBG] TASK 2 finished waiting
2025-07-10 12:31:19.644 -04:00 [DBG]  __== TASK 2: instance 1107120729 requesting mutex to run SEND ==__
2025-07-10 12:31:21.330 -04:00 [INF] TASK 1 retriggered event 15 of 50 under subscription DHLDAN 047
2025-07-10 12:31:21.334 -04:00 [DBG] 	TASK 3 has the mutex (currently SENDing)
2025-07-10 12:31:21.334 -04:00 [DBG] 	TASK 1 released the mutex (finished SENDing)
2025-07-10 12:31:21.334 -04:00 [DBG] ===Task 1:
	Row 16 of 50:	11751993	|TCKU  3548426	|07/09/2025	|3:30 PM	|VDEP	|INMUN	|OPL	|HLCUDE1250641920	|I	| 	|DHLDAN 047
2025-07-10 12:31:21.856 -04:00 [DBG] TASK 1 finished waiting
2025-07-10 12:31:21.856 -04:00 [DBG]  __== TASK 1: instance 694187829 requesting mutex to run SEND ==__
2025-07-10 12:31:22.634 -04:00 [INF] TASK 3 found no valid containers in subscription DHLDAN 47
2025-07-10 12:31:22.634 -04:00 [DBG] 	TASK 3 released the mutex (finished SENDing)
2025-07-10 12:31:22.634 -04:00 [DBG] 	TASK 4 has the mutex (currently SENDing)
2025-07-10 12:31:22.634 -04:00 [INF] 	TASK 3: Searched and retriggered 50 events in 19:14.48
2025-07-10 12:31:22.634 -04:00 [INF] 
==========
Task 3 has finished all its events
==========
2025-07-10 12:31:24.165 -04:00 [INF] TASK 4 retriggered event 6 of 6 under subscription WALMAR 64
2025-07-10 12:31:24.165 -04:00 [DBG] 	TASK 0 has the mutex (currently SENDing)
2025-07-10 12:31:24.165 -04:00 [DBG] 	TASK 4 released the mutex (finished SENDing)
2025-07-10 12:31:24.165 -04:00 [DBG] ===Task 4:
	Row 7 of 6:	70045415	|HAMU  4637310	|07/09/2025	|8:47 AM	|GOFU	|VNSGN	|SRT	|HLCUSGN250680095	|I	| 	|WALMAR 64
2025-07-10 12:31:24.686 -04:00 [DBG] TASK 4 finished waiting
2025-07-10 12:31:24.687 -04:00 [INF] 	TASK 4: Searched and retriggered 6 events in 02:47.37
2025-07-10 12:31:24.692 -04:00 [INF] 
==========
Task 4 has finished all its events
==========
2025-07-10 12:31:28.944 -04:00 [INF] TASK 0 retriggered event 33 of 50 under subscription HOMEDE 156
2025-07-10 12:31:29.016 -04:00 [DBG] 	TASK 2 has the mutex (currently SENDing)
2025-07-10 12:31:29.016 -04:00 [DBG] 	TASK 0 released the mutex (finished SENDing)
2025-07-10 12:31:29.016 -04:00 [DBG] ===Task 0:
	Row 34 of 50:	25107506	|HLBU  2843307	|07/06/2025	|3:48 PM	|VDEP	|THLCH	|SRT	|NONE	|I	| 	|HOMEDE 156
2025-07-10 12:31:29.535 -04:00 [DBG] TASK 0 finished waiting
2025-07-10 12:31:29.535 -04:00 [DBG]  __== TASK 0: instance 1174257064 requesting mutex to run SEND ==__
2025-07-10 12:31:36.506 -04:00 [INF] TASK 2 retriggered event 45 of 50 under subscription TARGET 113
2025-07-10 12:31:36.507 -04:00 [DBG] 	TASK 2 released the mutex (finished SENDing)
2025-07-10 12:31:36.507 -04:00 [DBG] 	TASK 1 has the mutex (currently SENDing)
2025-07-10 12:31:36.507 -04:00 [DBG] ===Task 2:
	Row 46 of 50:	26483192	|HLBU  1087400	|07/06/2025	|4:00 AM	|DEPD	|OMSLL	|OPT	|NONE	|I	| 	|TARGET 113
2025-07-10 12:31:37.009 -04:00 [DBG] TASK 2 finished waiting
2025-07-10 12:31:37.009 -04:00 [DBG]  __== TASK 2: instance 1107120729 requesting mutex to run SEND ==__
2025-07-10 12:31:38.952 -04:00 [INF] TASK 1 retriggered event 16 of 50 under subscription DHLDAN 047
2025-07-10 12:31:38.958 -04:00 [DBG] 	TASK 1 released the mutex (finished SENDing)
2025-07-10 12:31:38.958 -04:00 [DBG] 	TASK 0 has the mutex (currently SENDing)
2025-07-10 12:31:38.959 -04:00 [DBG] ===Task 1:
	Row 17 of 50:	12087958	|HAMU  2805708	|07/09/2025	|8:12 PM	|VDEP	|MYTPP	|OPT	|HLCUEUR2505AWTV5	|I	| 	|DHLDAN 047
2025-07-10 12:31:39.468 -04:00 [DBG] TASK 1 finished waiting
2025-07-10 12:31:39.468 -04:00 [DBG]  __== TASK 1: instance 694187829 requesting mutex to run SEND ==__
2025-07-10 12:31:42.264 -04:00 [INF] TASK 0 retriggered event 35 of 50 under subscription HOMEDE 156
2025-07-10 12:31:42.266 -04:00 [DBG] 	TASK 0 released the mutex (finished SENDing)
2025-07-10 12:31:42.266 -04:00 [DBG] ===Task 0:
	Row 36 of 50:	27471916	|HAMU  1885490	|07/06/2025	|3:48 PM	|VDEP	|THLCH	|SRT	|HLCUBKK2505AQPW3	|I	| 	|HOMEDE 156
2025-07-10 12:31:42.266 -04:00 [DBG] 	TASK 2 has the mutex (currently SENDing)
2025-07-10 12:31:42.779 -04:00 [DBG] TASK 0 finished waiting
2025-07-10 12:31:42.779 -04:00 [DBG]  __== TASK 0: instance 1174257064 requesting mutex to run SEND ==__
2025-07-10 12:31:44.441 -04:00 [INF] TASK 2 retriggered event 46 of 50 under subscription TARGET 113
2025-07-10 12:31:44.445 -04:00 [DBG] 	TASK 2 released the mutex (finished SENDing)
2025-07-10 12:31:44.445 -04:00 [DBG] 	TASK 1 has the mutex (currently SENDing)
2025-07-10 12:31:44.445 -04:00 [DBG] ===Task 2:
	Row 47 of 50:	26483192	|HLBU  1087400	|07/09/2025	|2:00 AM	|ARRD	|USSAV	|END	|NONE	|I	| 	|TARGET 113
2025-07-10 12:31:44.959 -04:00 [DBG] TASK 2 finished waiting
2025-07-10 12:31:44.959 -04:00 [DBG]  __== TASK 2: instance 1107120729 requesting mutex to run SEND ==__
2025-07-10 12:31:46.920 -04:00 [INF] TASK 1 retriggered event 17 of 50 under subscription DHLDAN 047
2025-07-10 12:31:46.922 -04:00 [DBG] 	TASK 1 released the mutex (finished SENDing)
2025-07-10 12:31:46.923 -04:00 [DBG] ===Task 1:
	Row 18 of 50:	12087958	|HAMU  3448842	|07/09/2025	|8:12 PM	|VDEP	|MYTPP	|OPT	|HLCUEUR2505AWTV5	|I	| 	|DHLDAN 047
2025-07-10 12:31:46.922 -04:00 [DBG] 	TASK 0 has the mutex (currently SENDing)
2025-07-10 12:31:47.428 -04:00 [DBG] TASK 1 finished waiting
2025-07-10 12:31:47.428 -04:00 [DBG]  __== TASK 1: instance 694187829 requesting mutex to run SEND ==__
2025-07-10 12:31:49.177 -04:00 [INF] TASK 0 retriggered event 36 of 50 under subscription HOMEDE 156
2025-07-10 12:31:49.178 -04:00 [DBG] 	TASK 0 released the mutex (finished SENDing)
2025-07-10 12:31:49.179 -04:00 [DBG] ===Task 0:
	Row 37 of 50:	27627240	|BEAU  6002780	|07/06/2025	|3:48 PM	|VDEP	|THLCH	|SRT	|HLCUBKK250640772	|I	|Y	|HOMEDE 156
2025-07-10 12:31:49.178 -04:00 [DBG] 	TASK 2 has the mutex (currently SENDing)
2025-07-10 12:31:49.686 -04:00 [DBG] TASK 0 finished waiting
2025-07-10 12:31:49.686 -04:00 [DBG]  __== TASK 0: instance 1174257064 requesting mutex to run SEND ==__
2025-07-10 12:31:51.414 -04:00 [INF] TASK 2 retriggered event 47 of 50 under subscription TARGET 113
2025-07-10 12:31:51.418 -04:00 [DBG] 	TASK 1 has the mutex (currently SENDing)
2025-07-10 12:31:51.418 -04:00 [DBG] 	TASK 2 released the mutex (finished SENDing)
2025-07-10 12:31:51.419 -04:00 [DBG] ===Task 2:
	Row 48 of 50:	26483192	|HLBU  1087400	|07/10/2025	|4:30 AM	|VDEP	|PKBQM	|SRT	|NONE	|I	| 	|TARGET 113
2025-07-10 12:31:51.933 -04:00 [DBG] TASK 2 finished waiting
2025-07-10 12:31:51.933 -04:00 [DBG]  __== TASK 2: instance 1107120729 requesting mutex to run SEND ==__
2025-07-10 12:31:53.723 -04:00 [INF] TASK 1 retriggered event 18 of 50 under subscription DHLDAN 047
2025-07-10 12:31:53.726 -04:00 [DBG] 	TASK 1 released the mutex (finished SENDing)
2025-07-10 12:31:53.727 -04:00 [DBG] ===Task 1:
	Row 19 of 50:	12213109	|MAGU  5575492	|07/06/2025	|11:54 PM	|VDEP	|CNSHA	|SRT	|HLCUSHA240808347	|I	| 	|DHLDAN 047
2025-07-10 12:31:53.726 -04:00 [DBG] 	TASK 0 has the mutex (currently SENDing)
2025-07-10 12:31:54.235 -04:00 [DBG] TASK 1 finished waiting
2025-07-10 12:31:54.236 -04:00 [DBG]  __== TASK 1: instance 694187829 requesting mutex to run SEND ==__
2025-07-10 12:31:56.205 -04:00 [INF] TASK 0 retriggered event 37 of 50 under subscription HOMEDE 156
2025-07-10 12:31:56.206 -04:00 [DBG] 	TASK 0 released the mutex (finished SENDing)
2025-07-10 12:31:56.206 -04:00 [DBG] 	TASK 2 has the mutex (currently SENDing)
2025-07-10 12:31:56.206 -04:00 [DBG] ===Task 0:
	Row 38 of 50:	28207454	|HAMU  3379588	|07/06/2025	|7:20 AM	|VDEP	|KHKOS	|SRT	|HLCUPN7250612015	|I	| 	|HOMEDE 156
2025-07-10 12:31:56.719 -04:00 [DBG] TASK 0 finished waiting
2025-07-10 12:31:56.719 -04:00 [DBG]  __== TASK 0: instance 1174257064 requesting mutex to run SEND ==__
2025-07-10 12:31:58.677 -04:00 [INF] TASK 2 found no valid containers in subscription TARGET 113
2025-07-10 12:31:58.677 -04:00 [DBG] 	TASK 2 released the mutex (finished SENDing)
2025-07-10 12:31:58.677 -04:00 [INF] 	TASK 2: Searched and retriggered 50 events in 07:52.75
2025-07-10 12:31:58.677 -04:00 [DBG] 	TASK 1 has the mutex (currently SENDing)
2025-07-10 12:31:58.677 -04:00 [INF] 
==========
Task 2 has finished all its events
==========
2025-07-10 12:32:00.589 -04:00 [INF] TASK 1 retriggered event 19 of 50 under subscription DHLDAN 047
2025-07-10 12:32:00.589 -04:00 [DBG] 	TASK 1 released the mutex (finished SENDing)
2025-07-10 12:32:00.589 -04:00 [DBG] 	TASK 0 has the mutex (currently SENDing)
2025-07-10 12:32:00.589 -04:00 [DBG] ===Task 1:
	Row 20 of 50:	12398690	|CAXU  5549975	|07/05/2025	|10:00 AM	|VDEP	|BBBGI	|OPT	|HLCUSHA2411GEWI4	|I	|Y	|DHLDAN 047
2025-07-10 12:32:01.102 -04:00 [DBG] TASK 1 finished waiting
2025-07-10 12:32:01.102 -04:00 [DBG]  __== TASK 1: instance 694187829 requesting mutex to run SEND ==__
2025-07-10 12:32:02.971 -04:00 [INF] TASK 0 retriggered event 38 of 50 under subscription HOMEDE 156
2025-07-10 12:32:02.976 -04:00 [DBG] 	TASK 0 released the mutex (finished SENDing)
2025-07-10 12:32:02.976 -04:00 [DBG] ===Task 0:
	Row 39 of 50:	28426864	|TEMU  7529368	|07/06/2025	|7:20 AM	|VDEP	|KHKOS	|SRT	|HLCUPN7250611955	|I	| 	|HOMEDE 156
2025-07-10 12:32:02.976 -04:00 [DBG] 	TASK 1 has the mutex (currently SENDing)
2025-07-10 12:32:03.490 -04:00 [DBG] TASK 0 finished waiting
2025-07-10 12:32:03.490 -04:00 [DBG]  __== TASK 0: instance 1174257064 requesting mutex to run SEND ==__
2025-07-10 12:32:05.158 -04:00 [INF] TASK 1 retriggered event 20 of 50 under subscription DHLDAN 047
2025-07-10 12:32:05.163 -04:00 [DBG] 	TASK 1 released the mutex (finished SENDing)
2025-07-10 12:32:05.163 -04:00 [DBG] ===Task 1:
	Row 21 of 50:	12419345	|FANU  3834744	|07/10/2025	|3:50 PM	|VDEP	|CNTAC	|SRT	|HLCUNK2250605221	|I	| 	|DHLDAN 047
2025-07-10 12:32:05.163 -04:00 [DBG] 	TASK 0 has the mutex (currently SENDing)
2025-07-10 12:32:05.670 -04:00 [DBG] TASK 1 finished waiting
2025-07-10 12:32:05.671 -04:00 [DBG]  __== TASK 1: instance 694187829 requesting mutex to run SEND ==__
2025-07-10 12:32:07.912 -04:00 [INF] TASK 0 retriggered event 40 of 50 under subscription HOMEDE 156
2025-07-10 12:32:07.914 -04:00 [DBG] 	TASK 0 released the mutex (finished SENDing)
2025-07-10 12:32:07.914 -04:00 [DBG] ===Task 0:
	Row 41 of 50:	28748001	|TCLU  8609157	|07/10/2025	|6:36 AM	|VDEP	|DEBRV	|OPL	|HLCUHAM2505BDUD2	|I	|Y	|HOMEDE 156
2025-07-10 12:32:07.914 -04:00 [DBG] 	TASK 1 has the mutex (currently SENDing)
2025-07-10 12:32:08.419 -04:00 [DBG] TASK 0 finished waiting
2025-07-10 12:32:08.419 -04:00 [DBG]  __== TASK 0: instance 1174257064 requesting mutex to run SEND ==__
2025-07-10 12:32:10.242 -04:00 [INF] TASK 1 retriggered event 21 of 50 under subscription DHLDAN 047
2025-07-10 12:32:10.246 -04:00 [DBG] 	TASK 1 released the mutex (finished SENDing)
2025-07-10 12:32:10.246 -04:00 [DBG] ===Task 1:
	Row 22 of 50:	12533672	|HLBU  2188709	|07/09/2025	|7:54 PM	|VDEP	|CNNGB	|SRT	|HLCUNG12506DNUS3	|I	| 	|DHLDAN 047
2025-07-10 12:32:10.246 -04:00 [DBG] 	TASK 0 has the mutex (currently SENDing)
2025-07-10 12:32:10.757 -04:00 [DBG] TASK 1 finished waiting
2025-07-10 12:32:10.757 -04:00 [DBG]  __== TASK 1: instance 694187829 requesting mutex to run SEND ==__
2025-07-10 12:32:14.169 -04:00 [INF] TASK 0 retriggered event 44 of 50 under subscription HOMEDE 156
2025-07-10 12:32:14.188 -04:00 [DBG] 	TASK 0 released the mutex (finished SENDing)
2025-07-10 12:32:14.188 -04:00 [DBG] ===Task 0:
	Row 45 of 50:	29941212	|FTAU  1190327	|07/07/2025	|3:04 PM	|VDEP	|CNZHE	|SRT	|HLCUNK2250706255	|I	| 	|HOMEDE 156
2025-07-10 12:32:14.189 -04:00 [DBG] 	TASK 1 has the mutex (currently SENDing)
2025-07-10 12:32:14.700 -04:00 [DBG] TASK 0 finished waiting
2025-07-10 12:32:14.700 -04:00 [DBG]  __== TASK 0: instance 1174257064 requesting mutex to run SEND ==__
2025-07-10 12:32:16.357 -04:00 [INF] TASK 1 retriggered event 22 of 50 under subscription DHLDAN 047
2025-07-10 12:32:16.362 -04:00 [DBG] 	TASK 0 has the mutex (currently SENDing)
2025-07-10 12:32:16.362 -04:00 [DBG] 	TASK 1 released the mutex (finished SENDing)
2025-07-10 12:32:16.362 -04:00 [DBG] ===Task 1:
	Row 23 of 50:	12771369	|HLBU  9768231	|07/09/2025	|2:54 PM	|VDEP	|INNSA	|SRT	|HLCUBO12506BJEP6	|I	| 	|DHLDAN 047
2025-07-10 12:32:16.881 -04:00 [DBG] TASK 1 finished waiting
2025-07-10 12:32:16.881 -04:00 [DBG]  __== TASK 1: instance 694187829 requesting mutex to run SEND ==__
2025-07-10 12:32:18.634 -04:00 [INF] TASK 0 retriggered event 45 of 50 under subscription HOMEDE 156
2025-07-10 12:32:18.638 -04:00 [DBG] 	TASK 1 has the mutex (currently SENDing)
2025-07-10 12:32:18.638 -04:00 [DBG] 	TASK 0 released the mutex (finished SENDing)
2025-07-10 12:32:18.639 -04:00 [DBG] ===Task 0:
	Row 46 of 50:	29941212	|HLBU  2757261	|07/07/2025	|3:04 PM	|VDEP	|CNZHE	|SRT	|HLCUNK2250706255	|I	| 	|HOMEDE 156
2025-07-10 12:32:19.147 -04:00 [DBG] TASK 0 finished waiting
2025-07-10 12:32:19.147 -04:00 [DBG]  __== TASK 0: instance 1174257064 requesting mutex to run SEND ==__
2025-07-10 12:32:20.858 -04:00 [INF] TASK 1 retriggered event 23 of 50 under subscription DHLDAN 047
2025-07-10 12:32:20.862 -04:00 [DBG] 	TASK 0 has the mutex (currently SENDing)
2025-07-10 12:32:20.862 -04:00 [DBG] 	TASK 1 released the mutex (finished SENDing)
2025-07-10 12:32:20.863 -04:00 [DBG] ===Task 1:
	Row 24 of 50:	13071965	|HAMU  1383064	|07/09/2025	|7:54 PM	|VDEP	|CNNGB	|SRT	|HLCUNG12506DSVV1	|I	| 	|DHLDAN 047
2025-07-10 12:32:21.376 -04:00 [DBG] TASK 1 finished waiting
2025-07-10 12:32:21.376 -04:00 [DBG]  __== TASK 1: instance 694187829 requesting mutex to run SEND ==__
2025-07-10 12:32:23.277 -04:00 [INF] TASK 0 retriggered event 46 of 50 under subscription HOMEDE 156
2025-07-10 12:32:23.279 -04:00 [DBG] 	TASK 0 released the mutex (finished SENDing)
2025-07-10 12:32:23.280 -04:00 [DBG] ===Task 0:
	Row 47 of 50:	29941212	|TGHU  1153737	|07/07/2025	|3:04 PM	|VDEP	|CNZHE	|SRT	|HLCUNK2250706255	|I	| 	|HOMEDE 156
2025-07-10 12:32:23.280 -04:00 [DBG] 	TASK 1 has the mutex (currently SENDing)
2025-07-10 12:32:23.784 -04:00 [DBG] TASK 0 finished waiting
2025-07-10 12:32:23.784 -04:00 [DBG]  __== TASK 0: instance 1174257064 requesting mutex to run SEND ==__
2025-07-10 12:32:26.219 -04:00 [INF] TASK 1 retriggered event 24 of 50 under subscription DHLDAN 047
2025-07-10 12:32:26.220 -04:00 [DBG] 	TASK 0 has the mutex (currently SENDing)
2025-07-10 12:32:26.220 -04:00 [DBG] 	TASK 1 released the mutex (finished SENDing)
2025-07-10 12:32:26.220 -04:00 [DBG] ===Task 1:
	Row 25 of 50:	13071965	|HLBU  2106315	|07/09/2025	|7:54 PM	|VDEP	|CNNGB	|SRT	|HLCUNG12506DSVV1	|I	| 	|DHLDAN 047
2025-07-10 12:32:26.734 -04:00 [DBG] TASK 1 finished waiting
2025-07-10 12:32:26.734 -04:00 [DBG]  __== TASK 1: instance 694187829 requesting mutex to run SEND ==__
2025-07-10 12:32:28.373 -04:00 [INF] TASK 0 retriggered event 47 of 50 under subscription HOMEDE 156
2025-07-10 12:32:28.377 -04:00 [DBG] 	TASK 0 released the mutex (finished SENDing)
2025-07-10 12:32:28.377 -04:00 [DBG] 	TASK 1 has the mutex (currently SENDing)
2025-07-10 12:32:28.377 -04:00 [DBG] ===Task 0:
	Row 48 of 50:	30094790	|UETU  6894932	|07/06/2025	|3:48 PM	|VDEP	|THLCH	|SRT	|HLCUBKK250640794	|I	|Y	|HOMEDE 156
2025-07-10 12:32:28.883 -04:00 [DBG] TASK 0 finished waiting
2025-07-10 12:32:28.883 -04:00 [DBG]  __== TASK 0: instance 1174257064 requesting mutex to run SEND ==__
2025-07-10 12:32:30.657 -04:00 [INF] TASK 1 retriggered event 25 of 50 under subscription DHLDAN 047
2025-07-10 12:32:30.657 -04:00 [DBG] 	TASK 1 released the mutex (finished SENDing)
2025-07-10 12:32:30.657 -04:00 [DBG] ===Task 1:
	Row 26 of 50:	13079738	|CAIU  6975973	|07/06/2025	|11:54 PM	|VDEP	|CNSHA	|SRT	|HLCUSHA240803354	|I	| 	|DHLDAN 047
2025-07-10 12:32:30.657 -04:00 [DBG] 	TASK 0 has the mutex (currently SENDing)
2025-07-10 12:32:31.175 -04:00 [DBG] TASK 1 finished waiting
2025-07-10 12:32:31.175 -04:00 [DBG]  __== TASK 1: instance 694187829 requesting mutex to run SEND ==__
2025-07-10 12:32:33.128 -04:00 [INF] TASK 0 retriggered event 48 of 50 under subscription HOMEDE 156
2025-07-10 12:32:33.136 -04:00 [DBG] 	TASK 1 has the mutex (currently SENDing)
2025-07-10 12:32:33.136 -04:00 [DBG] 	TASK 0 released the mutex (finished SENDing)
2025-07-10 12:32:33.136 -04:00 [DBG] ===Task 0:
	Row 49 of 50:	31261786	|HLBU  2509650	|07/09/2025	|3:54 AM	|VDEP	|CNTXG	|SRT	|HLCUTS1250700637	|I	| 	|HOMEDE 156
2025-07-10 12:32:33.653 -04:00 [DBG] TASK 0 finished waiting
2025-07-10 12:32:33.653 -04:00 [DBG]  __== TASK 0: instance 1174257064 requesting mutex to run SEND ==__
2025-07-10 12:32:35.439 -04:00 [INF] TASK 1 retriggered event 26 of 50 under subscription DHLDAN 047
2025-07-10 12:32:35.439 -04:00 [DBG] 	TASK 1 released the mutex (finished SENDing)
2025-07-10 12:32:35.439 -04:00 [DBG] ===Task 1:
	Row 27 of 50:	13220311	|TXGU  7033262	|07/08/2025	|3:11 PM	|VDEP	|CNAQG	|SRT	|HLCUNK2250608698	|I	| 	|DHLDAN 047
2025-07-10 12:32:35.439 -04:00 [DBG] 	TASK 0 has the mutex (currently SENDing)
2025-07-10 12:32:35.953 -04:00 [DBG] TASK 1 finished waiting
2025-07-10 12:32:35.954 -04:00 [DBG]  __== TASK 1: instance 694187829 requesting mutex to run SEND ==__
2025-07-10 12:32:37.928 -04:00 [INF] TASK 0 retriggered event 49 of 50 under subscription HOMEDE 156
2025-07-10 12:32:37.929 -04:00 [DBG] 	TASK 0 released the mutex (finished SENDing)
2025-07-10 12:32:37.929 -04:00 [DBG] 	TASK 1 has the mutex (currently SENDing)
2025-07-10 12:32:37.929 -04:00 [DBG] ===Task 0:
	Row 50 of 50:	31261786	|HLXU  8275900	|07/09/2025	|3:54 AM	|VDEP	|CNTXG	|SRT	|HLCUTS1250700637	|I	| 	|HOMEDE 156
2025-07-10 12:32:38.442 -04:00 [DBG] TASK 0 finished waiting
2025-07-10 12:32:38.442 -04:00 [DBG]  __== TASK 0: instance 1174257064 requesting mutex to run SEND ==__
2025-07-10 12:32:40.211 -04:00 [INF] TASK 1 retriggered event 27 of 50 under subscription DHLDAN 047
2025-07-10 12:32:40.214 -04:00 [DBG] 	TASK 1 released the mutex (finished SENDing)
2025-07-10 12:32:40.214 -04:00 [DBG] 	TASK 0 has the mutex (currently SENDing)
2025-07-10 12:32:40.215 -04:00 [DBG] ===Task 1:
	Row 28 of 50:	13386093	|FCIU  7042142	|07/06/2025	|11:54 PM	|VDEP	|CNSHA	|SRT	|HLCUSHA240808380	|I	| 	|DHLDAN 047
2025-07-10 12:32:40.726 -04:00 [DBG] TASK 1 finished waiting
2025-07-10 12:32:40.726 -04:00 [DBG]  __== TASK 1: instance 694187829 requesting mutex to run SEND ==__
2025-07-10 12:32:42.478 -04:00 [INF] TASK 0 retriggered event 50 of 50 under subscription HOMEDE 156
2025-07-10 12:32:42.484 -04:00 [DBG] 	TASK 0 released the mutex (finished SENDing)
2025-07-10 12:32:42.484 -04:00 [DBG] 	TASK 1 has the mutex (currently SENDing)
2025-07-10 12:32:42.484 -04:00 [DBG] ===Task 0:
	Row 51 of 50:	31392541	|HAMU  3951060	|07/06/2025	|7:20 AM	|VDEP	|KHKOS	|SRT	|HLCUPN7250612512	|I	| 	|HOMEDE 156
2025-07-10 12:32:42.997 -04:00 [DBG] TASK 0 finished waiting
2025-07-10 12:32:42.997 -04:00 [INF] 	TASK 0: Searched and retriggered 50 events in 15:18.89
2025-07-10 12:32:43.002 -04:00 [INF] 
==========
Task 0 has finished all its events
==========
2025-07-10 12:32:45.041 -04:00 [INF] TASK 1 retriggered event 28 of 50 under subscription DHLDAN 047
2025-07-10 12:32:45.043 -04:00 [DBG] 	TASK 1 released the mutex (finished SENDing)
2025-07-10 12:32:45.043 -04:00 [DBG] ===Task 1:
	Row 29 of 50:	13391137	|HLBU  1824494	|07/05/2025	|2:24 AM	|VDEP	|SEHEL	|SRT	|HLCUGOT250515819	|I	| 	|DHLDAN 047
2025-07-10 12:32:45.551 -04:00 [DBG] TASK 1 finished waiting
2025-07-10 12:32:45.551 -04:00 [DBG]  __== TASK 1: instance 694187829 requesting mutex to run SEND ==__
2025-07-10 12:32:45.551 -04:00 [DBG] 	TASK 1 has the mutex (currently SENDing)
2025-07-10 12:32:47.880 -04:00 [INF] TASK 1 retriggered event 29 of 50 under subscription DHLDAN 047
2025-07-10 12:32:47.881 -04:00 [DBG] 	TASK 1 released the mutex (finished SENDing)
2025-07-10 12:32:47.881 -04:00 [DBG] ===Task 1:
	Row 30 of 50:	13391137	|HLXU  1129817	|07/05/2025	|2:24 AM	|VDEP	|SEHEL	|SRT	|HLCUGOT250515819	|I	| 	|DHLDAN 047
2025-07-10 12:32:48.388 -04:00 [DBG] TASK 1 finished waiting
2025-07-10 12:32:48.388 -04:00 [DBG]  __== TASK 1: instance 694187829 requesting mutex to run SEND ==__
2025-07-10 12:32:48.388 -04:00 [DBG] 	TASK 1 has the mutex (currently SENDing)
2025-07-10 12:32:50.171 -04:00 [INF] TASK 1 retriggered event 30 of 50 under subscription DHLDAN 047
2025-07-10 12:32:50.175 -04:00 [DBG] 	TASK 1 released the mutex (finished SENDing)
2025-07-10 12:32:50.175 -04:00 [DBG] ===Task 1:
	Row 31 of 50:	13522546	|HLBU  9982583	|07/09/2025	|1:42 PM	|VDEP	|ESVLC	|SRT	|HLCUBC1250701324	|I	| 	|DHLDAN 047
2025-07-10 12:32:50.682 -04:00 [DBG] TASK 1 finished waiting
2025-07-10 12:32:50.682 -04:00 [DBG]  __== TASK 1: instance 694187829 requesting mutex to run SEND ==__
2025-07-10 12:32:50.682 -04:00 [DBG] 	TASK 1 has the mutex (currently SENDing)
2025-07-10 12:32:52.695 -04:00 [INF] TASK 1 retriggered event 31 of 50 under subscription DHLDAN 047
2025-07-10 12:32:52.699 -04:00 [DBG] 	TASK 1 released the mutex (finished SENDing)
2025-07-10 12:32:52.700 -04:00 [DBG] ===Task 1:
	Row 32 of 50:	13530468	|TXGU  6832454	|07/08/2025	|3:02 PM	|VDEP	|CNNJI	|SRT	|HLCUNK2250646855	|I	| 	|DHLDAN 047
2025-07-10 12:32:53.210 -04:00 [DBG] TASK 1 finished waiting
2025-07-10 12:32:53.210 -04:00 [DBG]  __== TASK 1: instance 694187829 requesting mutex to run SEND ==__
2025-07-10 12:32:53.210 -04:00 [DBG] 	TASK 1 has the mutex (currently SENDing)
2025-07-10 12:32:55.277 -04:00 [INF] TASK 1 retriggered event 32 of 50 under subscription DHLDAN 047
2025-07-10 12:32:55.279 -04:00 [DBG] 	TASK 1 released the mutex (finished SENDing)
2025-07-10 12:32:55.279 -04:00 [DBG] ===Task 1:
	Row 33 of 50:	13752594	|FDCU  0335621	|07/09/2025	|8:12 PM	|VDEP	|MYTPP	|OPT	|HLCUPN7250523334	|I	| 	|DHLDAN 047
2025-07-10 12:32:55.786 -04:00 [DBG] TASK 1 finished waiting
2025-07-10 12:32:55.786 -04:00 [DBG]  __== TASK 1: instance 694187829 requesting mutex to run SEND ==__
2025-07-10 12:32:55.786 -04:00 [DBG] 	TASK 1 has the mutex (currently SENDing)
2025-07-10 12:32:57.526 -04:00 [INF] TASK 1 retriggered event 33 of 50 under subscription DHLDAN 047
2025-07-10 12:32:57.527 -04:00 [DBG] 	TASK 1 released the mutex (finished SENDing)
2025-07-10 12:32:57.527 -04:00 [DBG] ===Task 1:
	Row 34 of 50:	13752594	|HAMU  2345198	|07/09/2025	|8:12 PM	|VDEP	|MYTPP	|OPT	|HLCUPN7250523334	|I	| 	|DHLDAN 047
2025-07-10 12:32:58.027 -04:00 [DBG] TASK 1 finished waiting
2025-07-10 12:32:58.027 -04:00 [DBG]  __== TASK 1: instance 694187829 requesting mutex to run SEND ==__
2025-07-10 12:32:58.027 -04:00 [DBG] 	TASK 1 has the mutex (currently SENDing)
2025-07-10 12:32:59.861 -04:00 [INF] TASK 1 retriggered event 34 of 50 under subscription DHLDAN 047
2025-07-10 12:32:59.862 -04:00 [DBG] 	TASK 1 released the mutex (finished SENDing)
2025-07-10 12:32:59.862 -04:00 [DBG] ===Task 1:
	Row 35 of 50:	13752594	|HLBU  2547692	|07/09/2025	|8:12 PM	|VDEP	|MYTPP	|OPT	|HLCUPN7250523334	|I	| 	|DHLDAN 047
2025-07-10 12:33:00.373 -04:00 [DBG] TASK 1 finished waiting
2025-07-10 12:33:00.373 -04:00 [DBG]  __== TASK 1: instance 694187829 requesting mutex to run SEND ==__
2025-07-10 12:33:00.373 -04:00 [DBG] 	TASK 1 has the mutex (currently SENDing)
2025-07-10 12:33:02.770 -04:00 [INF] TASK 1 retriggered event 35 of 50 under subscription DHLDAN 047
2025-07-10 12:33:02.771 -04:00 [DBG] 	TASK 1 released the mutex (finished SENDing)
2025-07-10 12:33:02.771 -04:00 [DBG] ===Task 1:
	Row 36 of 50:	13752594	|HLBU  3432620	|07/09/2025	|8:12 PM	|VDEP	|MYTPP	|OPT	|HLCUPN7250523334	|I	| 	|DHLDAN 047
2025-07-10 12:33:03.283 -04:00 [DBG] TASK 1 finished waiting
2025-07-10 12:33:03.283 -04:00 [DBG]  __== TASK 1: instance 694187829 requesting mutex to run SEND ==__
2025-07-10 12:33:03.283 -04:00 [DBG] 	TASK 1 has the mutex (currently SENDing)
2025-07-10 12:33:05.359 -04:00 [INF] TASK 1 retriggered event 36 of 50 under subscription DHLDAN 047
2025-07-10 12:33:05.364 -04:00 [DBG] 	TASK 1 released the mutex (finished SENDing)
2025-07-10 12:33:05.365 -04:00 [DBG] ===Task 1:
	Row 37 of 50:	13752594	|TCKU  6554280	|07/09/2025	|8:12 PM	|VDEP	|MYTPP	|OPT	|HLCUPN7250523334	|I	| 	|DHLDAN 047
2025-07-10 12:33:05.874 -04:00 [DBG] TASK 1 finished waiting
2025-07-10 12:33:05.874 -04:00 [DBG]  __== TASK 1: instance 694187829 requesting mutex to run SEND ==__
2025-07-10 12:33:05.874 -04:00 [DBG] 	TASK 1 has the mutex (currently SENDing)
2025-07-10 12:33:08.077 -04:00 [INF] TASK 1 retriggered event 37 of 50 under subscription DHLDAN 047
2025-07-10 12:33:08.078 -04:00 [DBG] 	TASK 1 released the mutex (finished SENDing)
2025-07-10 12:33:08.078 -04:00 [DBG] ===Task 1:
	Row 38 of 50:	13944145	|CAAU  7799768	|07/09/2025	|4:24 PM	|VDEP	|USPHL	|OPL	|HLCUBSC2506CHHC1	|I	| 	|DHLDAN 047
2025-07-10 12:33:08.589 -04:00 [DBG] TASK 1 finished waiting
2025-07-10 12:33:08.589 -04:00 [DBG]  __== TASK 1: instance 694187829 requesting mutex to run SEND ==__
2025-07-10 12:33:08.589 -04:00 [DBG] 	TASK 1 has the mutex (currently SENDing)
2025-07-10 12:33:10.900 -04:00 [INF] TASK 1 retriggered event 38 of 50 under subscription DHLDAN 047
2025-07-10 12:33:10.900 -04:00 [DBG] 	TASK 1 released the mutex (finished SENDing)
2025-07-10 12:33:10.900 -04:00 [DBG] ===Task 1:
	Row 39 of 50:	14071026	|FANU  3248975	|07/09/2025	|7:54 PM	|VDEP	|CNNGB	|SRT	|HLCUNG12506DYKF3	|I	| 	|DHLDAN 047
2025-07-10 12:33:11.410 -04:00 [DBG] TASK 1 finished waiting
2025-07-10 12:33:11.410 -04:00 [DBG]  __== TASK 1: instance 694187829 requesting mutex to run SEND ==__
2025-07-10 12:33:11.411 -04:00 [DBG] 	TASK 1 has the mutex (currently SENDing)
2025-07-10 12:33:13.493 -04:00 [INF] TASK 1 retriggered event 39 of 50 under subscription DHLDAN 047
2025-07-10 12:33:13.495 -04:00 [DBG] 	TASK 1 released the mutex (finished SENDing)
2025-07-10 12:33:13.495 -04:00 [DBG] ===Task 1:
	Row 40 of 50:	14086313	|HLBU  1785870	|07/05/2025	|6:00 AM	|VDEP	|CLSAI	|OPT	|HLCUHAM250535500	|I	|Y	|DHLDAN 047
2025-07-10 12:33:14.009 -04:00 [DBG] TASK 1 finished waiting
2025-07-10 12:33:14.009 -04:00 [DBG]  __== TASK 1: instance 694187829 requesting mutex to run SEND ==__
2025-07-10 12:33:14.009 -04:00 [DBG] 	TASK 1 has the mutex (currently SENDing)
2025-07-10 12:33:16.494 -04:00 [INF] TASK 1 retriggered event 40 of 50 under subscription DHLDAN 047
2025-07-10 12:33:16.495 -04:00 [DBG] 	TASK 1 released the mutex (finished SENDing)
2025-07-10 12:33:16.495 -04:00 [DBG] ===Task 1:
	Row 41 of 50:	14104165	|GCXU  6163184	|07/08/2025	|7:18 AM	|VDEP	|USHOU	|OPL	|HLCUBSC2506AWSC4	|I	| 	|DHLDAN 047
2025-07-10 12:33:17.012 -04:00 [DBG] TASK 1 finished waiting
2025-07-10 12:33:17.012 -04:00 [DBG]  __== TASK 1: instance 694187829 requesting mutex to run SEND ==__
2025-07-10 12:33:17.012 -04:00 [DBG] 	TASK 1 has the mutex (currently SENDing)
2025-07-10 12:33:19.187 -04:00 [INF] TASK 1 retriggered event 41 of 50 under subscription DHLDAN 047
2025-07-10 12:33:19.190 -04:00 [DBG] 	TASK 1 released the mutex (finished SENDing)
2025-07-10 12:33:19.191 -04:00 [DBG] ===Task 1:
	Row 42 of 50:	14199952	|FANU  1859297	|07/09/2025	|7:54 PM	|VDEP	|CNNGB	|SRT	|HLCUNG12506DUGD6	|I	| 	|DHLDAN 047
2025-07-10 12:33:19.705 -04:00 [DBG] TASK 1 finished waiting
2025-07-10 12:33:19.705 -04:00 [DBG]  __== TASK 1: instance 694187829 requesting mutex to run SEND ==__
2025-07-10 12:33:19.705 -04:00 [DBG] 	TASK 1 has the mutex (currently SENDing)
2025-07-10 12:33:21.965 -04:00 [INF] TASK 1 retriggered event 42 of 50 under subscription DHLDAN 047
2025-07-10 12:33:21.966 -04:00 [DBG] 	TASK 1 released the mutex (finished SENDing)
2025-07-10 12:33:21.968 -04:00 [DBG] ===Task 1:
	Row 43 of 50:	14401429	|HLBU  1632547	|07/09/2025	|7:54 PM	|VDEP	|CNNGB	|SRT	|HLCUNG12506DNXD0	|I	| 	|DHLDAN 047
2025-07-10 12:33:22.476 -04:00 [DBG] TASK 1 finished waiting
2025-07-10 12:33:22.476 -04:00 [DBG]  __== TASK 1: instance 694187829 requesting mutex to run SEND ==__
2025-07-10 12:33:22.476 -04:00 [DBG] 	TASK 1 has the mutex (currently SENDing)
2025-07-10 12:33:24.792 -04:00 [INF] TASK 1 retriggered event 43 of 50 under subscription DHLDAN 047
2025-07-10 12:33:24.793 -04:00 [DBG] 	TASK 1 released the mutex (finished SENDing)
2025-07-10 12:33:24.793 -04:00 [DBG] ===Task 1:
	Row 44 of 50:	14427866	|HAMU  1133743	|07/09/2025	|8:12 PM	|VDEP	|MYTPP	|OPT	|HLCUNG12505EGGX3	|I	| 	|DHLDAN 047
2025-07-10 12:33:25.301 -04:00 [DBG] TASK 1 finished waiting
2025-07-10 12:33:25.301 -04:00 [DBG]  __== TASK 1: instance 694187829 requesting mutex to run SEND ==__
2025-07-10 12:33:25.301 -04:00 [DBG] 	TASK 1 has the mutex (currently SENDing)
2025-07-10 12:33:27.420 -04:00 [INF] TASK 1 retriggered event 44 of 50 under subscription DHLDAN 047
2025-07-10 12:33:27.420 -04:00 [DBG] 	TASK 1 released the mutex (finished SENDing)
2025-07-10 12:33:27.420 -04:00 [DBG] ===Task 1:
	Row 45 of 50:	14427866	|TLLU  5398547	|07/09/2025	|8:12 PM	|VDEP	|MYTPP	|OPT	|HLCUNG12505EGGX3	|I	| 	|DHLDAN 047
2025-07-10 12:33:27.936 -04:00 [DBG] TASK 1 finished waiting
2025-07-10 12:33:27.936 -04:00 [DBG]  __== TASK 1: instance 694187829 requesting mutex to run SEND ==__
2025-07-10 12:33:27.936 -04:00 [DBG] 	TASK 1 has the mutex (currently SENDing)
2025-07-10 12:33:29.813 -04:00 [INF] TASK 1 retriggered event 45 of 50 under subscription DHLDAN 047
2025-07-10 12:33:29.818 -04:00 [DBG] 	TASK 1 released the mutex (finished SENDing)
2025-07-10 12:33:29.818 -04:00 [DBG] ===Task 1:
	Row 46 of 50:	14434782	|BMOU  4527476	|07/06/2025	|7:20 AM	|VDEP	|KHKOS	|SRT	|HLCUPN7250615236	|I	| 	|DHLDAN 047
2025-07-10 12:33:30.342 -04:00 [DBG] TASK 1 finished waiting
2025-07-10 12:33:30.342 -04:00 [DBG]  __== TASK 1: instance 694187829 requesting mutex to run SEND ==__
2025-07-10 12:33:30.342 -04:00 [DBG] 	TASK 1 has the mutex (currently SENDing)
2025-07-10 12:33:32.608 -04:00 [INF] TASK 1 retriggered event 46 of 50 under subscription DHLDAN 047
2025-07-10 12:33:32.612 -04:00 [DBG] 	TASK 1 released the mutex (finished SENDing)
2025-07-10 12:33:32.612 -04:00 [DBG] ===Task 1:
	Row 47 of 50:	14434782	|CXDU  2128305	|07/06/2025	|7:20 AM	|VDEP	|KHKOS	|SRT	|HLCUPN7250615236	|I	| 	|DHLDAN 047
2025-07-10 12:33:33.122 -04:00 [DBG] TASK 1 finished waiting
2025-07-10 12:33:33.122 -04:00 [DBG]  __== TASK 1: instance 694187829 requesting mutex to run SEND ==__
2025-07-10 12:33:33.122 -04:00 [DBG] 	TASK 1 has the mutex (currently SENDing)
2025-07-10 12:33:35.013 -04:00 [INF] TASK 1 retriggered event 47 of 50 under subscription DHLDAN 047
2025-07-10 12:33:35.015 -04:00 [DBG] 	TASK 1 released the mutex (finished SENDing)
2025-07-10 12:33:35.015 -04:00 [DBG] ===Task 1:
	Row 48 of 50:	14434782	|FCIU  7487420	|07/06/2025	|7:20 AM	|VDEP	|KHKOS	|SRT	|HLCUPN7250615236	|I	| 	|DHLDAN 047
2025-07-10 12:33:35.526 -04:00 [DBG] TASK 1 finished waiting
2025-07-10 12:33:35.526 -04:00 [DBG]  __== TASK 1: instance 694187829 requesting mutex to run SEND ==__
2025-07-10 12:33:35.526 -04:00 [DBG] 	TASK 1 has the mutex (currently SENDing)
2025-07-10 12:33:37.586 -04:00 [INF] TASK 1 retriggered event 48 of 50 under subscription DHLDAN 047
2025-07-10 12:33:37.586 -04:00 [DBG] 	TASK 1 released the mutex (finished SENDing)
2025-07-10 12:33:37.586 -04:00 [DBG] ===Task 1:
	Row 49 of 50:	14434782	|HAMU  3113453	|07/06/2025	|7:20 AM	|VDEP	|KHKOS	|SRT	|HLCUPN7250615236	|I	| 	|DHLDAN 047
2025-07-10 12:33:38.107 -04:00 [DBG] TASK 1 finished waiting
2025-07-10 12:33:38.107 -04:00 [DBG]  __== TASK 1: instance 694187829 requesting mutex to run SEND ==__
2025-07-10 12:33:38.107 -04:00 [DBG] 	TASK 1 has the mutex (currently SENDing)
2025-07-10 12:33:39.905 -04:00 [INF] TASK 1 retriggered event 49 of 50 under subscription DHLDAN 047
2025-07-10 12:33:39.909 -04:00 [DBG] 	TASK 1 released the mutex (finished SENDing)
2025-07-10 12:33:39.910 -04:00 [DBG] ===Task 1:
	Row 50 of 50:	14434782	|HAMU  4544579	|07/06/2025	|7:20 AM	|VDEP	|KHKOS	|SRT	|HLCUPN7250615236	|I	| 	|DHLDAN 047
2025-07-10 12:33:40.423 -04:00 [DBG] TASK 1 finished waiting
2025-07-10 12:33:40.423 -04:00 [DBG]  __== TASK 1: instance 694187829 requesting mutex to run SEND ==__
2025-07-10 12:33:40.423 -04:00 [DBG] 	TASK 1 has the mutex (currently SENDing)
2025-07-10 12:33:42.410 -04:00 [INF] TASK 1 retriggered event 50 of 50 under subscription DHLDAN 047
2025-07-10 12:33:42.418 -04:00 [DBG] 	TASK 1 released the mutex (finished SENDing)
2025-07-10 12:33:42.418 -04:00 [DBG] ===Task 1:
	Row 51 of 50:	14441184	|CAAU  6691980	|07/05/2025	|7:42 AM	|VDEP	|AEJEA	|SRT	|HLCUDX3250655798	|I	| 	|DHLDAN 047
2025-07-10 12:33:42.924 -04:00 [DBG] TASK 1 finished waiting
2025-07-10 12:33:42.924 -04:00 [INF] 	TASK 1: Searched and retriggered 50 events in 21:34.76
2025-07-10 12:33:42.931 -04:00 [INF] 
==========
Task 1 has finished all its events
==========
2025-07-10 12:33:42.936 -04:00 [INF] Macro spent 21:39.87 in total.
2025-07-10 12:33:42.949 -04:00 [INF] Total subscriptions: 13
2025-07-10 12:33:42.951 -04:00 [INF] Concurrent tasks: 5
2025-07-10 12:33:42.954 -04:00 [INF] Macro found a total of 382 incomplete events and retriggered 111
2025-07-10 12:33:42.957 -04:00 [INF] Macro skipped the dummy containers