2025-07-14 14:41:04.700 -04:00 [INF] Logger has been set up
2025-07-14 14:41:04.738 -04:00 [DBG] .\Program.cs, -o, concurrent_7_14.csv, -t, 7
2025-07-14 14:41:04.738 -04:00 [INF] Input file found at input.txt. Now loading inputs...
2025-07-14 14:41:04.754 -04:00 [INF] Inputs: 3MCOMP 11, CRATE&BARREL GTN, DEERE 008 RAIL, DHLDAN 047, DHLDAN 47, FORTUNEBRANDS, HOMEDE 156, KONTOO 4, LOVESA 4, MASTER 651, TARGET 113, TARGET 113 GTN, WALMAR 64
2025-07-14 14:41:04.754 -04:00 [INF] Skipping dummy containers to save time.
2025-07-14 14:41:04.754 -04:00 [INF] Macro will distribute work across 7 tasks
2025-07-14 14:41:04.754 -04:00 [INF] Connecting to FIS...
2025-07-14 14:41:08.307 -04:00 [INF] Found FIS!
2025-07-14 14:41:08.323 -04:00 [INF] Using high resolution stopwatch.
2025-07-14 14:41:08.323 -04:00 [INF] Attempting to open an instance of screen S8600
2025-07-14 14:41:09.272 -04:00 [INF] Created instance 58754959
2025-07-14 14:41:09.272 -04:00 [INF] Attempting to open an instance of screen S8600
2025-07-14 14:41:10.243 -04:00 [INF] Created instance 1506232442
2025-07-14 14:41:10.243 -04:00 [INF] Attempting to open an instance of screen S8600
2025-07-14 14:41:11.230 -04:00 [INF] Created instance 1684780105
2025-07-14 14:41:11.230 -04:00 [INF] Attempting to open an instance of screen S8600
2025-07-14 14:41:12.318 -04:00 [INF] Created instance 528787225
2025-07-14 14:41:12.318 -04:00 [INF] Attempting to open an instance of screen S8600
2025-07-14 14:41:13.266 -04:00 [INF] Created instance 1079355255
2025-07-14 14:41:13.266 -04:00 [INF] Attempting to open an instance of screen S8600
2025-07-14 14:41:14.183 -04:00 [INF] Created instance 713104326
2025-07-14 14:41:14.183 -04:00 [INF] Attempting to open an instance of screen S8600
2025-07-14 14:41:15.255 -04:00 [INF] Created instance 1361581989
2025-07-14 14:41:15.255 -04:00 [INF] Creating task 0
2025-07-14 14:41:15.255 -04:00 [INF] Creating task 1
2025-07-14 14:41:15.255 -04:00 [INF] Task 0 assigned to S8600 screen id 58754959.
2025-07-14 14:41:15.255 -04:00 [INF] Creating task 2
2025-07-14 14:41:15.255 -04:00 [INF] Task 1 assigned to S8600 screen id 1506232442.
2025-07-14 14:41:15.255 -04:00 [INF] Creating task 3
2025-07-14 14:41:15.255 -04:00 [INF] Task 2 assigned to S8600 screen id 1684780105.
2025-07-14 14:41:15.255 -04:00 [INF] Creating task 4
2025-07-14 14:41:15.255 -04:00 [INF] Task 3 assigned to S8600 screen id 528787225.
2025-07-14 14:41:15.255 -04:00 [INF] Creating task 5
2025-07-14 14:41:15.255 -04:00 [INF] Task 4 assigned to S8600 screen id 1079355255.
2025-07-14 14:41:15.255 -04:00 [INF] Creating task 6
2025-07-14 14:41:15.255 -04:00 [INF] Task 5 assigned to S8600 screen id 713104326.
2025-07-14 14:41:15.255 -04:00 [INF] Task 6 assigned to S8600 screen id 1361581989.
2025-07-14 14:41:15.255 -04:00 [INF] AHHH
2025-07-14 14:41:15.255 -04:00 [INF] AHHH
2025-07-14 14:41:15.255 -04:00 [INF] AHHH
2025-07-14 14:41:15.255 -04:00 [INF] AHHH
2025-07-14 14:41:15.255 -04:00 [INF] AHHH
2025-07-14 14:41:15.255 -04:00 [INF] AHHH
2025-07-14 14:41:15.255 -04:00 [INF] AHHH
2025-07-14 14:41:15.271 -04:00 [DBG] FISMacro using screeen ID 1361581989 now searching incomplete events from subscription 3MCOMP 11...
2025-07-14 14:41:15.271 -04:00 [DBG] FISMacro using screeen ID 58754959 now searching incomplete events from subscription CRATE&BARREL GTN...
2025-07-14 14:41:15.271 -04:00 [DBG] FISMacro using screeen ID 528787225 now searching incomplete events from subscription DEERE 008 RAIL...
2025-07-14 14:41:15.271 -04:00 [DBG]  ====__ TASK 6: instance 1361581989 requesting mutex to run SEARCH __====
2025-07-14 14:41:15.271 -04:00 [DBG] 	TASK 6 has the mutex (currently searching)
2025-07-14 14:41:15.271 -04:00 [DBG] FISMacro using screeen ID 713104326 now searching incomplete events from subscription DHLDAN 047...
2025-07-14 14:41:15.271 -04:00 [DBG]  ====__ TASK 5: instance 713104326 requesting mutex to run SEARCH __====
2025-07-14 14:41:15.271 -04:00 [DBG] FISMacro using screeen ID 1506232442 now searching incomplete events from subscription DHLDAN 47...
2025-07-14 14:41:15.271 -04:00 [DBG]  ====__ TASK 1: instance 1506232442 requesting mutex to run SEARCH __====
2025-07-14 14:41:15.271 -04:00 [DBG]  ====__ TASK 0: instance 58754959 requesting mutex to run SEARCH __====
2025-07-14 14:41:15.271 -04:00 [DBG]  ====__ TASK 3: instance 528787225 requesting mutex to run SEARCH __====
2025-07-14 14:41:15.271 -04:00 [DBG] FISMacro using screeen ID 1684780105 now searching incomplete events from subscription FORTUNEBRANDS...
2025-07-14 14:41:15.271 -04:00 [DBG]  ====__ TASK 2: instance 1684780105 requesting mutex to run SEARCH __====
2025-07-14 14:41:15.271 -04:00 [DBG] FISMacro using screeen ID 1079355255 now searching incomplete events from subscription HOMEDE 156...
2025-07-14 14:41:15.271 -04:00 [DBG]  ====__ TASK 4: instance 1079355255 requesting mutex to run SEARCH __====
2025-07-14 14:41:15.956 -04:00 [INF] TASK 6: Searching incomplete events under subscription 3MCOMP 11
2025-07-14 14:41:16.387 -04:00 [INF] Found 50 events under subscription 3MCOMP 11
2025-07-14 14:41:16.387 -04:00 [DBG] 	TASK 6 released the mutex (finished SEARCHing)
2025-07-14 14:41:16.387 -04:00 [DBG] 	TASK 5 has the mutex (currently searching)
2025-07-14 14:41:16.387 -04:00 [INF] Finished searching incomplete events for 3MCOMP 11 in 00:01.11
2025-07-14 14:41:16.387 -04:00 [DBG] TASK 6 looking for a valid container
2025-07-14 14:41:16.710 -04:00 [DBG] TASK 6 found a valid container!
2025-07-14 14:41:16.710 -04:00 [DBG]  __== TASK 6: instance 1361581989 requesting mutex to run SEND ==__
2025-07-14 14:41:17.127 -04:00 [INF] TASK 5: Searching incomplete events under subscription DHLDAN 047
2025-07-14 14:41:18.808 -04:00 [INF] Found 50 events under subscription DHLDAN 047
2025-07-14 14:41:18.808 -04:00 [DBG] 	TASK 5 released the mutex (finished SEARCHing)
2025-07-14 14:41:18.808 -04:00 [INF] Finished searching incomplete events for DHLDAN 047 in 00:03.53
2025-07-14 14:41:18.808 -04:00 [DBG] 	TASK 1 has the mutex (currently searching)
2025-07-14 14:41:18.808 -04:00 [DBG] TASK 5 looking for a valid container
2025-07-14 14:41:18.915 -04:00 [DBG] TASK 5 found a valid container!
2025-07-14 14:41:18.915 -04:00 [DBG]  __== TASK 5: instance 713104326 requesting mutex to run SEND ==__
2025-07-14 14:41:19.509 -04:00 [INF] TASK 1: Searching incomplete events under subscription DHLDAN 47
2025-07-14 14:41:21.332 -04:00 [INF] Found 50 events under subscription DHLDAN 47
2025-07-14 14:41:21.332 -04:00 [DBG] 	TASK 1 released the mutex (finished SEARCHing)
2025-07-14 14:41:21.332 -04:00 [INF] Finished searching incomplete events for DHLDAN 47 in 00:06.06
2025-07-14 14:41:21.332 -04:00 [DBG] 	TASK 0 has the mutex (currently searching)
2025-07-14 14:41:21.332 -04:00 [DBG] TASK 1 looking for a valid container
2025-07-14 14:41:21.368 -04:00 [DBG] TASK 1 found a valid container!
2025-07-14 14:41:21.368 -04:00 [DBG]  __== TASK 1: instance 1506232442 requesting mutex to run SEND ==__
2025-07-14 14:41:22.050 -04:00 [INF] TASK 0: Searching incomplete events under subscription CRATE&BARREL GTN
2025-07-14 14:41:22.358 -04:00 [INF] Found 1 events under subscription CRATE&BARREL GTN
2025-07-14 14:41:22.359 -04:00 [DBG] 	TASK 0 released the mutex (finished SEARCHing)
2025-07-14 14:41:22.359 -04:00 [INF] Finished searching incomplete events for CRATE&BARREL GTN in 00:07.08
2025-07-14 14:41:22.359 -04:00 [DBG] 	TASK 3 has the mutex (currently searching)
2025-07-14 14:41:22.360 -04:00 [DBG] TASK 0 looking for a valid container
2025-07-14 14:41:22.365 -04:00 [DBG] TASK 0 found a valid container!
2025-07-14 14:41:22.365 -04:00 [DBG]  __== TASK 0: instance 58754959 requesting mutex to run SEND ==__
2025-07-14 14:41:23.083 -04:00 [INF] TASK 3: Searching incomplete events under subscription DEERE 008 RAIL
2025-07-14 14:41:23.393 -04:00 [INF] Found 0 events under subscription DEERE 008 RAIL
2025-07-14 14:41:23.393 -04:00 [DBG] 	TASK 3 released the mutex (finished SEARCHing)
2025-07-14 14:41:23.393 -04:00 [INF] Finished searching incomplete events for DEERE 008 RAIL in 00:08.13
2025-07-14 14:41:23.393 -04:00 [DBG] 	TASK 2 has the mutex (currently searching)
2025-07-14 14:41:23.393 -04:00 [INF] 	TASK 3: Searched and retriggered 0 events in 00:08.13
2025-07-14 14:41:23.409 -04:00 [DBG] FISMacro using screeen ID 528787225 now searching incomplete events from subscription KONTOO 4...
2025-07-14 14:41:23.409 -04:00 [DBG]  ====__ TASK 3: instance 528787225 requesting mutex to run SEARCH __====
2025-07-14 14:41:24.153 -04:00 [INF] TASK 2: Searching incomplete events under subscription FORTUNEBRANDS
2025-07-14 14:41:24.538 -04:00 [INF] Found 7 events under subscription FORTUNEBRANDS
2025-07-14 14:41:24.554 -04:00 [DBG] 	TASK 2 released the mutex (finished SEARCHing)
2025-07-14 14:41:24.554 -04:00 [INF] Finished searching incomplete events for FORTUNEBRANDS in 00:09.27
2025-07-14 14:41:24.554 -04:00 [DBG] 	TASK 4 has the mutex (currently searching)
2025-07-14 14:41:24.554 -04:00 [DBG] TASK 2 looking for a valid container
2025-07-14 14:41:24.886 -04:00 [DBG]  __== TASK 2: instance 1684780105 requesting mutex to run SEND ==__
2025-07-14 14:41:25.318 -04:00 [INF] TASK 4: Searching incomplete events under subscription HOMEDE 156
2025-07-14 14:41:25.973 -04:00 [INF] Found 50 events under subscription HOMEDE 156
2025-07-14 14:41:25.973 -04:00 [DBG] 	TASK 4 released the mutex (finished SEARCHing)
2025-07-14 14:41:25.973 -04:00 [INF] Finished searching incomplete events for HOMEDE 156 in 00:10.70
2025-07-14 14:41:25.973 -04:00 [DBG] 	TASK 6 has the mutex (currently SENDing)
2025-07-14 14:41:25.973 -04:00 [DBG] TASK 4 looking for a valid container
2025-07-14 14:41:25.988 -04:00 [DBG] TASK 4 found a valid container!
2025-07-14 14:41:25.988 -04:00 [DBG]  __== TASK 4: instance 1079355255 requesting mutex to run SEND ==__
2025-07-14 14:41:26.961 -04:00 [INF] TASK 6 retriggered event 16 of 50 under subscription 3MCOMP 11
2025-07-14 14:41:26.961 -04:00 [DBG] 	TASK 5 has the mutex (currently SENDing)
2025-07-14 14:41:26.961 -04:00 [DBG] 	TASK 6 released the mutex (finished SENDing)
2025-07-14 14:41:26.961 -04:00 [DBG] ===Task 6:
	Row 17 of 50:	20790641	|BEAU  6001629	|07/10/2025	|7:30 PM	|VDEP	|MYTPP	|OPT	|HLCUBSC2505BPMC4	|I	| 	|3MCOMP 11
2025-07-14 14:41:27.982 -04:00 [DBG] TASK 6 finished waiting
2025-07-14 14:41:27.982 -04:00 [DBG] TASK 6 looking for a valid container
2025-07-14 14:41:27.997 -04:00 [DBG] TASK 6 found a valid container!
2025-07-14 14:41:27.997 -04:00 [DBG]  __== TASK 6: instance 1361581989 requesting mutex to run SEND ==__
2025-07-14 14:41:28.686 -04:00 [INF] TASK 5 retriggered event 1 of 50 under subscription DHLDAN 047
2025-07-14 14:41:28.686 -04:00 [DBG] 	TASK 1 has the mutex (currently SENDing)
2025-07-14 14:41:28.686 -04:00 [DBG] 	TASK 5 released the mutex (finished SENDing)
2025-07-14 14:41:28.686 -04:00 [DBG] ===Task 5:
	Row 2 of 50:	10316284	|FANU  5013250	|07/11/2025	|2:00 AM	|VDEP	|ESVGO	|OPT	|HLCUSCL250570728	|I	| 	|DHLDAN 047
2025-07-14 14:41:29.704 -04:00 [DBG] TASK 5 finished waiting
2025-07-14 14:41:29.704 -04:00 [DBG] TASK 5 looking for a valid container
2025-07-14 14:41:29.711 -04:00 [DBG] TASK 5 found a valid container!
2025-07-14 14:41:29.711 -04:00 [DBG]  __== TASK 5: instance 713104326 requesting mutex to run SEND ==__
2025-07-14 14:41:30.957 -04:00 [INF] TASK 1 retriggered event 2 of 50 under subscription DHLDAN 47
2025-07-14 14:41:30.957 -04:00 [DBG] 	TASK 1 released the mutex (finished SENDing)
2025-07-14 14:41:30.957 -04:00 [DBG] 	TASK 0 has the mutex (currently SENDing)
2025-07-14 14:41:30.957 -04:00 [DBG] ===Task 1:
	Row 3 of 50:	10316284	|FANU  5013250	|07/11/2025	|2:00 AM	|VDEP	|ESVGO	|OPT	|HLCUSCL250570728	|I	| 	|DHLDAN 47
2025-07-14 14:41:31.980 -04:00 [DBG] TASK 1 finished waiting
2025-07-14 14:41:31.980 -04:00 [DBG] TASK 1 looking for a valid container
2025-07-14 14:41:31.996 -04:00 [DBG] TASK 1 found a valid container!
2025-07-14 14:41:31.996 -04:00 [DBG]  __== TASK 1: instance 1506232442 requesting mutex to run SEND ==__
2025-07-14 14:41:32.656 -04:00 [INF] TASK 0 retriggered event 1 of 1 under subscription CRATE&BARREL GTN
2025-07-14 14:41:32.656 -04:00 [DBG] 	TASK 3 has the mutex (currently searching)
2025-07-14 14:41:32.656 -04:00 [DBG] 	TASK 0 released the mutex (finished SENDing)
2025-07-14 14:41:32.666 -04:00 [DBG] ===Task 0:
	Row 2 of 1:	24932139	|HLBU  1282270	|07/12/2025	|3:30 AM	|VDEP	|INMUN	|OPL	|HLCUDE1250664340	|I	| 	|CRATE&BARREL GTN
2025-07-14 14:41:33.683 -04:00 [DBG] TASK 0 finished waiting
2025-07-14 14:41:33.683 -04:00 [INF] 	TASK 0: Searched and retriggered 1 events in 00:18.40
2025-07-14 14:41:33.683 -04:00 [DBG] FISMacro using screeen ID 58754959 now searching incomplete events from subscription LOVESA 4...
2025-07-14 14:41:33.683 -04:00 [DBG]  ====__ TASK 0: instance 58754959 requesting mutex to run SEARCH __====
2025-07-14 14:41:34.115 -04:00 [INF] TASK 3: Searching incomplete events under subscription KONTOO 4
2025-07-14 14:41:34.568 -04:00 [INF] Found 50 events under subscription KONTOO 4
2025-07-14 14:41:34.568 -04:00 [DBG] 	TASK 3 released the mutex (finished SEARCHing)
2025-07-14 14:41:34.568 -04:00 [INF] Finished searching incomplete events for KONTOO 4 in 00:11.15
2025-07-14 14:41:34.568 -04:00 [DBG] 	TASK 2 has the mutex (currently SENDing)
2025-07-14 14:41:34.568 -04:00 [INF] TASK 2 found no valid containers in subscription FORTUNEBRANDS
2025-07-14 14:41:34.568 -04:00 [DBG] TASK 3 looking for a valid container
2025-07-14 14:41:34.568 -04:00 [DBG] 	TASK 2 released the mutex (finished SENDing)
2025-07-14 14:41:34.568 -04:00 [DBG] 	TASK 4 has the mutex (currently SENDing)
2025-07-14 14:41:34.568 -04:00 [INF] 	TASK 2: Searched and retriggered 7 events in 00:19.29
2025-07-14 14:41:34.568 -04:00 [DBG] FISMacro using screeen ID 1684780105 now searching incomplete events from subscription MASTER 651...
2025-07-14 14:41:34.568 -04:00 [DBG]  ====__ TASK 2: instance 1684780105 requesting mutex to run SEARCH __====
2025-07-14 14:41:35.633 -04:00 [INF] TASK 4 retriggered event 1 of 50 under subscription HOMEDE 156
2025-07-14 14:41:35.633 -04:00 [DBG] 	TASK 4 released the mutex (finished SENDing)
2025-07-14 14:41:35.633 -04:00 [DBG] ===Task 4:
	Row 2 of 50:	10860633	|BMOU  4763553	|07/13/2025	|12:54 AM	|VDEP	|CNTXG	|SRT	|HLCUEUR250610140	|I	| 	|HOMEDE 156
2025-07-14 14:41:35.633 -04:00 [DBG] 	TASK 6 has the mutex (currently SENDing)
2025-07-14 14:41:36.653 -04:00 [DBG] TASK 4 finished waiting
2025-07-14 14:41:36.653 -04:00 [DBG] TASK 4 looking for a valid container
2025-07-14 14:41:36.806 -04:00 [DBG] TASK 4 found a valid container!
2025-07-14 14:41:36.806 -04:00 [DBG]  __== TASK 4: instance 1079355255 requesting mutex to run SEND ==__
2025-07-14 14:41:36.875 -04:00 [DBG]  __== TASK 3: instance 528787225 requesting mutex to run SEND ==__
2025-07-14 14:41:37.496 -04:00 [INF] TASK 6 retriggered event 17 of 50 under subscription 3MCOMP 11
2025-07-14 14:41:37.496 -04:00 [DBG] 	TASK 6 released the mutex (finished SENDing)
2025-07-14 14:41:37.496 -04:00 [DBG] 	TASK 5 has the mutex (currently SENDing)
2025-07-14 14:41:37.496 -04:00 [DBG] ===Task 6:
	Row 18 of 50:	20790641	|BEAU  6001629	|07/10/2025	|7:30 PM	|VDEP	|MYTPP	|OPT	|HLCUBSC250540018	|I	| 	|3MCOMP 11
2025-07-14 14:41:38.519 -04:00 [DBG] TASK 6 finished waiting
2025-07-14 14:41:38.519 -04:00 [DBG] TASK 6 looking for a valid container
2025-07-14 14:41:38.565 -04:00 [DBG] TASK 6 found a valid container!
2025-07-14 14:41:38.565 -04:00 [DBG]  __== TASK 6: instance 1361581989 requesting mutex to run SEND ==__
2025-07-14 14:41:39.414 -04:00 [INF] TASK 5 retriggered event 2 of 50 under subscription DHLDAN 047
2025-07-14 14:41:39.414 -04:00 [DBG] 	TASK 5 released the mutex (finished SENDing)
2025-07-14 14:41:39.414 -04:00 [DBG] 	TASK 1 has the mutex (currently SENDing)
2025-07-14 14:41:39.414 -04:00 [DBG] ===Task 5:
	Row 3 of 50:	10316284	|GCXU  2412611	|07/11/2025	|2:00 AM	|VDEP	|ESVGO	|OPT	|HLCUSCL250570728	|I	| 	|DHLDAN 047
2025-07-14 14:41:40.438 -04:00 [DBG] TASK 5 finished waiting
2025-07-14 14:41:40.438 -04:00 [DBG] TASK 5 looking for a valid container
2025-07-14 14:41:40.453 -04:00 [DBG] TASK 5 found a valid container!
2025-07-14 14:41:40.453 -04:00 [DBG]  __== TASK 5: instance 713104326 requesting mutex to run SEND ==__
2025-07-14 14:41:41.159 -04:00 [INF] TASK 1 retriggered event 3 of 50 under subscription DHLDAN 47
2025-07-14 14:41:41.159 -04:00 [DBG] 	TASK 0 has the mutex (currently searching)
2025-07-14 14:41:41.159 -04:00 [DBG] 	TASK 1 released the mutex (finished SENDing)
2025-07-14 14:41:41.159 -04:00 [DBG] ===Task 1:
	Row 4 of 50:	10316284	|GCXU  2412611	|07/11/2025	|2:00 AM	|VDEP	|ESVGO	|OPT	|HLCUSCL250570728	|I	| 	|DHLDAN 47
2025-07-14 14:41:42.164 -04:00 [DBG] TASK 1 finished waiting
2025-07-14 14:41:42.164 -04:00 [DBG] TASK 1 looking for a valid container
2025-07-14 14:41:42.180 -04:00 [DBG] TASK 1 found a valid container!
2025-07-14 14:41:42.180 -04:00 [DBG]  __== TASK 1: instance 1506232442 requesting mutex to run SEND ==__
2025-07-14 14:41:42.681 -04:00 [INF] TASK 0: Searching incomplete events under subscription LOVESA 4
2025-07-14 14:41:43.219 -04:00 [INF] Found 0 events under subscription LOVESA 4
2025-07-14 14:41:43.219 -04:00 [DBG] 	TASK 0 released the mutex (finished SEARCHing)
2025-07-14 14:41:43.219 -04:00 [INF] Finished searching incomplete events for LOVESA 4 in 00:09.54
2025-07-14 14:41:43.219 -04:00 [DBG] 	TASK 2 has the mutex (currently searching)
2025-07-14 14:41:43.219 -04:00 [INF] 	TASK 0: Searched and retriggered 0 events in 00:09.54
2025-07-14 14:41:43.219 -04:00 [DBG] FISMacro using screeen ID 58754959 now searching incomplete events from subscription TARGET 113...
2025-07-14 14:41:43.219 -04:00 [DBG]  ====__ TASK 0: instance 58754959 requesting mutex to run SEARCH __====
2025-07-14 14:41:43.992 -04:00 [INF] TASK 2: Searching incomplete events under subscription MASTER 651
2025-07-14 14:41:44.337 -04:00 [INF] Found 38 events under subscription MASTER 651
2025-07-14 14:41:44.352 -04:00 [DBG] 	TASK 2 released the mutex (finished SEARCHing)
2025-07-14 14:41:44.352 -04:00 [INF] Finished searching incomplete events for MASTER 651 in 00:09.77
2025-07-14 14:41:44.352 -04:00 [DBG] 	TASK 4 has the mutex (currently SENDing)
2025-07-14 14:41:44.352 -04:00 [DBG] TASK 2 looking for a valid container
2025-07-14 14:41:45.575 -04:00 [INF] TASK 4 retriggered event 9 of 50 under subscription HOMEDE 156
2025-07-14 14:41:45.576 -04:00 [DBG] 	TASK 4 released the mutex (finished SENDing)
2025-07-14 14:41:45.576 -04:00 [DBG] 	TASK 3 has the mutex (currently SENDing)
2025-07-14 14:41:45.576 -04:00 [INF] TASK 3 found no valid containers in subscription KONTOO 4
2025-07-14 14:41:45.576 -04:00 [DBG] ===Task 4:
	Row 10 of 50:	10860633	|UASU  1037662	|07/19/2025	|9:30 PM	|DEPD	|LKCMB	|OPT	|NONE	|I	| 	|HOMEDE 156
2025-07-14 14:41:45.577 -04:00 [DBG] 	TASK 3 released the mutex (finished SENDing)
2025-07-14 14:41:45.577 -04:00 [INF] 	TASK 3: Searched and retriggered 50 events in 00:22.16
2025-07-14 14:41:45.577 -04:00 [DBG] 	TASK 6 has the mutex (currently SENDing)
2025-07-14 14:41:45.580 -04:00 [DBG] FISMacro using screeen ID 528787225 now searching incomplete events from subscription TARGET 113 GTN...
2025-07-14 14:41:45.580 -04:00 [DBG]  ====__ TASK 3: instance 528787225 requesting mutex to run SEARCH __====
2025-07-14 14:41:46.495 -04:00 [DBG]  __== TASK 2: instance 1684780105 requesting mutex to run SEND ==__
2025-07-14 14:41:46.579 -04:00 [DBG] TASK 4 finished waiting
2025-07-14 14:41:46.579 -04:00 [DBG] TASK 4 looking for a valid container
2025-07-14 14:41:46.611 -04:00 [DBG] TASK 4 found a valid container!
2025-07-14 14:41:46.611 -04:00 [DBG]  __== TASK 4: instance 1079355255 requesting mutex to run SEND ==__
2025-07-14 14:41:47.453 -04:00 [INF] TASK 6 retriggered event 20 of 50 under subscription 3MCOMP 11
2025-07-14 14:41:47.457 -04:00 [DBG] 	TASK 6 released the mutex (finished SENDing)
2025-07-14 14:41:47.458 -04:00 [DBG] ===Task 6:
	Row 21 of 50:	21452002	|DAYU  6118560	|07/09/2025	|12:54 PM	|VDEP	|BEANR	|SRT	|HLCUANR250630770	|I	| 	|3MCOMP 11
2025-07-14 14:41:47.457 -04:00 [DBG] 	TASK 5 has the mutex (currently SENDing)
2025-07-14 14:41:48.473 -04:00 [DBG] TASK 6 finished waiting
2025-07-14 14:41:48.473 -04:00 [DBG] TASK 6 looking for a valid container
2025-07-14 14:41:49.412 -04:00 [INF] TASK 5 retriggered event 3 of 50 under subscription DHLDAN 047
2025-07-14 14:41:49.412 -04:00 [DBG] 	TASK 5 released the mutex (finished SENDing)
2025-07-14 14:41:49.412 -04:00 [DBG] 	TASK 1 has the mutex (currently SENDing)
2025-07-14 14:41:49.412 -04:00 [DBG] ===Task 5:
	Row 4 of 50:	10316284	|HLBU  3495000	|07/11/2025	|2:00 AM	|VDEP	|ESVGO	|OPT	|HLCUSCL250570728	|I	| 	|DHLDAN 047
2025-07-14 14:41:50.379 -04:00 [DBG]  __== TASK 6: instance 1361581989 requesting mutex to run SEND ==__
2025-07-14 14:41:50.426 -04:00 [DBG] TASK 5 finished waiting
2025-07-14 14:41:50.426 -04:00 [DBG] TASK 5 looking for a valid container
2025-07-14 14:41:50.442 -04:00 [DBG] TASK 5 found a valid container!
2025-07-14 14:41:50.442 -04:00 [DBG]  __== TASK 5: instance 713104326 requesting mutex to run SEND ==__
2025-07-14 14:41:51.390 -04:00 [INF] TASK 1 retriggered event 4 of 50 under subscription DHLDAN 47
2025-07-14 14:41:51.391 -04:00 [DBG] 	TASK 1 released the mutex (finished SENDing)
2025-07-14 14:41:51.391 -04:00 [DBG] 	TASK 0 has the mutex (currently searching)
2025-07-14 14:41:51.392 -04:00 [DBG] ===Task 1:
	Row 5 of 50:	10316284	|HLBU  3495000	|07/11/2025	|2:00 AM	|VDEP	|ESVGO	|OPT	|HLCUSCL250570728	|I	| 	|DHLDAN 47
2025-07-14 14:41:52.404 -04:00 [DBG] TASK 1 finished waiting
2025-07-14 14:41:52.404 -04:00 [DBG] TASK 1 looking for a valid container
2025-07-14 14:41:52.419 -04:00 [DBG] TASK 1 found a valid container!
2025-07-14 14:41:52.419 -04:00 [DBG]  __== TASK 1: instance 1506232442 requesting mutex to run SEND ==__
2025-07-14 14:41:52.884 -04:00 [INF] TASK 0: Searching incomplete events under subscription TARGET 113
2025-07-14 14:41:53.375 -04:00 [INF] Found 36 events under subscription TARGET 113
2025-07-14 14:41:53.375 -04:00 [DBG] 	TASK 0 released the mutex (finished SEARCHing)
2025-07-14 14:41:53.375 -04:00 [INF] Finished searching incomplete events for TARGET 113 in 00:10.15
2025-07-14 14:41:53.375 -04:00 [DBG] 	TASK 3 has the mutex (currently searching)
2025-07-14 14:41:53.375 -04:00 [DBG] TASK 0 looking for a valid container
2025-07-14 14:41:53.532 -04:00 [DBG] TASK 0 found a valid container!
2025-07-14 14:41:53.532 -04:00 [DBG]  __== TASK 0: instance 58754959 requesting mutex to run SEND ==__
2025-07-14 14:41:54.118 -04:00 [INF] TASK 3: Searching incomplete events under subscription TARGET 113 GTN
2025-07-14 14:41:54.571 -04:00 [INF] Found 20 events under subscription TARGET 113 GTN
2025-07-14 14:41:54.587 -04:00 [DBG] 	TASK 3 released the mutex (finished SEARCHing)
2025-07-14 14:41:54.587 -04:00 [INF] Finished searching incomplete events for TARGET 113 GTN in 00:09.00
2025-07-14 14:41:54.587 -04:00 [DBG] 	TASK 2 has the mutex (currently SENDing)
2025-07-14 14:41:54.587 -04:00 [INF] TASK 2 found no valid containers in subscription MASTER 651
2025-07-14 14:41:54.587 -04:00 [DBG] TASK 3 looking for a valid container
2025-07-14 14:41:54.587 -04:00 [DBG] 	TASK 2 released the mutex (finished SENDing)
2025-07-14 14:41:54.587 -04:00 [DBG] 	TASK 4 has the mutex (currently SENDing)
2025-07-14 14:41:54.587 -04:00 [INF] 	TASK 2: Searched and retriggered 38 events in 00:20.01
2025-07-14 14:41:54.587 -04:00 [DBG] FISMacro using screeen ID 1684780105 now searching incomplete events from subscription WALMAR 64...
2025-07-14 14:41:54.587 -04:00 [DBG]  ====__ TASK 2: instance 1684780105 requesting mutex to run SEARCH __====
2025-07-14 14:41:54.903 -04:00 [DBG]  __== TASK 3: instance 528787225 requesting mutex to run SEND ==__
2025-07-14 14:41:56.037 -04:00 [INF] TASK 4 retriggered event 10 of 50 under subscription HOMEDE 156
2025-07-14 14:41:56.037 -04:00 [DBG] 	TASK 6 has the mutex (currently SENDing)
2025-07-14 14:41:56.037 -04:00 [DBG] 	TASK 4 released the mutex (finished SENDing)
2025-07-14 14:41:56.037 -04:00 [INF] TASK 6 found no valid containers in subscription 3MCOMP 11
2025-07-14 14:41:56.037 -04:00 [DBG] ===Task 4:
	Row 11 of 50:	11072022	|HLBU  2716703	|07/13/2025	|2:24 PM	|VDEP	|CNSHK	|OPT	|HLCUSZX2506BWKB1	|I	|Y	|HOMEDE 156
2025-07-14 14:41:56.037 -04:00 [DBG] 	TASK 6 released the mutex (finished SENDing)
2025-07-14 14:41:56.037 -04:00 [INF] 	TASK 6: Searched and retriggered 50 events in 00:40.76
2025-07-14 14:41:56.037 -04:00 [DBG] 	TASK 5 has the mutex (currently SENDing)
2025-07-14 14:41:56.037 -04:00 [INF] 
==========
Task 6 has finished all its events
==========
2025-07-14 14:41:57.044 -04:00 [DBG] TASK 4 finished waiting
2025-07-14 14:41:57.044 -04:00 [DBG] TASK 4 looking for a valid container
2025-07-14 14:41:57.097 -04:00 [DBG] TASK 4 found a valid container!
2025-07-14 14:41:57.097 -04:00 [DBG]  __== TASK 4: instance 1079355255 requesting mutex to run SEND ==__
2025-07-14 14:41:58.184 -04:00 [INF] TASK 5 retriggered event 4 of 50 under subscription DHLDAN 047
2025-07-14 14:41:58.184 -04:00 [DBG] 	TASK 5 released the mutex (finished SENDing)
2025-07-14 14:41:58.184 -04:00 [DBG] 	TASK 1 has the mutex (currently SENDing)
2025-07-14 14:41:58.184 -04:00 [DBG] ===Task 5:
	Row 5 of 50:	10316284	|HLBU  3520989	|07/11/2025	|2:00 AM	|VDEP	|ESVGO	|OPT	|HLCUSCL250570728	|I	| 	|DHLDAN 047
2025-07-14 14:41:59.204 -04:00 [DBG] TASK 5 finished waiting
2025-07-14 14:41:59.204 -04:00 [DBG] TASK 5 looking for a valid container
2025-07-14 14:41:59.219 -04:00 [DBG] TASK 5 found a valid container!
2025-07-14 14:41:59.219 -04:00 [DBG]  __== TASK 5: instance 713104326 requesting mutex to run SEND ==__
2025-07-14 14:42:00.005 -04:00 [INF] TASK 1 retriggered event 5 of 50 under subscription DHLDAN 47
2025-07-14 14:42:00.005 -04:00 [DBG] 	TASK 1 released the mutex (finished SENDing)
2025-07-14 14:42:00.005 -04:00 [DBG] ===Task 1:
	Row 6 of 50:	10316284	|HLBU  3520989	|07/11/2025	|2:00 AM	|VDEP	|ESVGO	|OPT	|HLCUSCL250570728	|I	| 	|DHLDAN 47
2025-07-14 14:42:00.005 -04:00 [DBG] 	TASK 0 has the mutex (currently SENDing)
2025-07-14 14:42:01.027 -04:00 [DBG] TASK 1 finished waiting
2025-07-14 14:42:01.027 -04:00 [DBG] TASK 1 looking for a valid container
2025-07-14 14:42:01.227 -04:00 [DBG] TASK 1 found a valid container!
2025-07-14 14:42:01.227 -04:00 [DBG]  __== TASK 1: instance 1506232442 requesting mutex to run SEND ==__
2025-07-14 14:42:01.779 -04:00 [INF] TASK 0 retriggered event 9 of 36 under subscription TARGET 113
2025-07-14 14:42:01.781 -04:00 [DBG] 	TASK 2 has the mutex (currently searching)
2025-07-14 14:42:01.781 -04:00 [DBG] 	TASK 0 released the mutex (finished SENDing)
2025-07-14 14:42:01.781 -04:00 [DBG] ===Task 0:
	Row 10 of 36:	20594471	|HAMU  1807389	|07/17/2025	|6:30 AM	|DEPD	|INMUN	|OPL	|NONE	|I	|Y	|TARGET 113
2025-07-14 14:42:02.787 -04:00 [DBG] TASK 0 finished waiting
2025-07-14 14:42:02.787 -04:00 [DBG] TASK 0 looking for a valid container
2025-07-14 14:42:02.793 -04:00 [DBG] TASK 0 found a valid container!
2025-07-14 14:42:02.793 -04:00 [DBG]  __== TASK 0: instance 58754959 requesting mutex to run SEND ==__
2025-07-14 14:42:03.410 -04:00 [INF] TASK 2: Searching incomplete events under subscription WALMAR 64
2025-07-14 14:42:04.027 -04:00 [INF] Found 5 events under subscription WALMAR 64
2025-07-14 14:42:04.027 -04:00 [DBG] 	TASK 2 released the mutex (finished SEARCHing)
2025-07-14 14:42:04.027 -04:00 [INF] Finished searching incomplete events for WALMAR 64 in 00:09.43
2025-07-14 14:42:04.027 -04:00 [DBG] 	TASK 3 has the mutex (currently SENDing)
2025-07-14 14:42:04.027 -04:00 [INF] TASK 3 found no valid containers in subscription TARGET 113 GTN
2025-07-14 14:42:04.027 -04:00 [DBG] TASK 2 looking for a valid container
2025-07-14 14:42:04.027 -04:00 [DBG] 	TASK 3 released the mutex (finished SENDing)
2025-07-14 14:42:04.027 -04:00 [DBG] 	TASK 4 has the mutex (currently SENDing)
2025-07-14 14:42:04.027 -04:00 [INF] 	TASK 3: Searched and retriggered 20 events in 00:18.45
2025-07-14 14:42:04.027 -04:00 [INF] 
==========
Task 3 has finished all its events
==========
2025-07-14 14:42:04.043 -04:00 [DBG] TASK 2 found a valid container!
2025-07-14 14:42:04.043 -04:00 [DBG]  __== TASK 2: instance 1684780105 requesting mutex to run SEND ==__
2025-07-14 14:42:05.148 -04:00 [INF] TASK 4 retriggered event 13 of 50 under subscription HOMEDE 156
2025-07-14 14:42:05.149 -04:00 [DBG] 	TASK 4 released the mutex (finished SENDing)
2025-07-14 14:42:05.149 -04:00 [DBG] 	TASK 5 has the mutex (currently SENDing)
2025-07-14 14:42:05.149 -04:00 [DBG] ===Task 4:
	Row 14 of 50:	14210905	|TEMU  7956544	|07/13/2025	|2:24 PM	|VDEP	|CNSHK	|OPT	|HLCUSZX2506BWKA0	|I	|Y	|HOMEDE 156
2025-07-14 14:42:06.162 -04:00 [DBG] TASK 4 finished waiting
2025-07-14 14:42:06.162 -04:00 [DBG] TASK 4 looking for a valid container
2025-07-14 14:42:06.194 -04:00 [DBG] TASK 4 found a valid container!
2025-07-14 14:42:06.194 -04:00 [DBG]  __== TASK 4: instance 1079355255 requesting mutex to run SEND ==__
2025-07-14 14:42:06.860 -04:00 [INF] TASK 5 retriggered event 5 of 50 under subscription DHLDAN 047
2025-07-14 14:42:06.860 -04:00 [DBG] 	TASK 5 released the mutex (finished SENDing)
2025-07-14 14:42:06.860 -04:00 [DBG] 	TASK 1 has the mutex (currently SENDing)
2025-07-14 14:42:06.860 -04:00 [DBG] ===Task 5:
	Row 6 of 50:	10434776	|HLXU  1275302	|07/10/2025	|4:36 PM	|VDEP	|INNSA	|OPL	|HLCUBO12506BWMY5	|I	| 	|DHLDAN 047
2025-07-14 14:42:07.873 -04:00 [DBG] TASK 5 finished waiting
2025-07-14 14:42:07.873 -04:00 [DBG] TASK 5 looking for a valid container
2025-07-14 14:42:07.904 -04:00 [DBG] TASK 5 found a valid container!
2025-07-14 14:42:07.904 -04:00 [DBG]  __== TASK 5: instance 713104326 requesting mutex to run SEND ==__
2025-07-14 14:42:08.864 -04:00 [INF] TASK 1 retriggered event 13 of 50 under subscription DHLDAN 47
2025-07-14 14:42:08.864 -04:00 [DBG] 	TASK 0 has the mutex (currently SENDing)
2025-07-14 14:42:08.864 -04:00 [DBG] 	TASK 1 released the mutex (finished SENDing)
2025-07-14 14:42:08.864 -04:00 [DBG] ===Task 1:
	Row 14 of 50:	10434776	|HLXU  1275302	|07/10/2025	|4:36 PM	|VDEP	|INNSA	|OPL	|HLCUBO12506BWMY5	|I	| 	|DHLDAN 47
2025-07-14 14:42:09.871 -04:00 [DBG] TASK 1 finished waiting
2025-07-14 14:42:09.871 -04:00 [DBG] TASK 1 looking for a valid container
2025-07-14 14:42:09.956 -04:00 [DBG] TASK 1 found a valid container!
2025-07-14 14:42:09.956 -04:00 [DBG]  __== TASK 1: instance 1506232442 requesting mutex to run SEND ==__
2025-07-14 14:42:10.721 -04:00 [INF] TASK 0 retriggered event 10 of 36 under subscription TARGET 113
2025-07-14 14:42:10.727 -04:00 [DBG] 	TASK 0 released the mutex (finished SENDing)
2025-07-14 14:42:10.728 -04:00 [DBG] ===Task 0:
	Row 11 of 36:	20594471	|HAMU  2689911	|07/17/2025	|6:30 AM	|DEPD	|INMUN	|OPL	|NONE	|I	|Y	|TARGET 113
2025-07-14 14:42:10.727 -04:00 [DBG] 	TASK 2 has the mutex (currently SENDing)
2025-07-14 14:42:11.737 -04:00 [DBG] TASK 0 finished waiting
2025-07-14 14:42:11.737 -04:00 [DBG] TASK 0 looking for a valid container
2025-07-14 14:42:11.759 -04:00 [DBG] TASK 0 found a valid container!
2025-07-14 14:42:11.759 -04:00 [DBG]  __== TASK 0: instance 58754959 requesting mutex to run SEND ==__
2025-07-14 14:42:12.423 -04:00 [INF] TASK 2 retriggered event 1 of 5 under subscription WALMAR 64
2025-07-14 14:42:12.423 -04:00 [DBG] 	TASK 2 released the mutex (finished SENDing)
2025-07-14 14:42:12.423 -04:00 [DBG] ===Task 2:
	Row 2 of 5:	28610422	|HAMU  4632509	|07/09/2025	|8:41 AM	|GOFU	|VNSGN	|SRT	|HLCUSGN2506AQSR6	|I	| 	|WALMAR 64
2025-07-14 14:42:12.423 -04:00 [DBG] 	TASK 4 has the mutex (currently SENDing)
2025-07-14 14:42:13.443 -04:00 [DBG] TASK 2 finished waiting
2025-07-14 14:42:13.443 -04:00 [DBG] TASK 2 looking for a valid container
2025-07-14 14:42:13.443 -04:00 [DBG] TASK 2 found a valid container!
2025-07-14 14:42:13.443 -04:00 [DBG]  __== TASK 2: instance 1684780105 requesting mutex to run SEND ==__
2025-07-14 14:42:14.128 -04:00 [INF] TASK 4 retriggered event 15 of 50 under subscription HOMEDE 156
2025-07-14 14:42:14.128 -04:00 [DBG] 	TASK 5 has the mutex (currently SENDing)
2025-07-14 14:42:14.128 -04:00 [DBG] 	TASK 4 released the mutex (finished SENDing)
2025-07-14 14:42:14.128 -04:00 [DBG] ===Task 4:
	Row 16 of 50:	16760445	|TLLU  5262170	|07/13/2025	|2:24 PM	|VDEP	|CNSHK	|OPT	|HLCUSZX2506BWKO4	|I	|Y	|HOMEDE 156
2025-07-14 14:42:15.149 -04:00 [DBG] TASK 4 finished waiting
2025-07-14 14:42:15.149 -04:00 [DBG] TASK 4 looking for a valid container
2025-07-14 14:42:15.201 -04:00 [DBG] TASK 4 found a valid container!
2025-07-14 14:42:15.201 -04:00 [DBG]  __== TASK 4: instance 1079355255 requesting mutex to run SEND ==__
2025-07-14 14:42:16.376 -04:00 [INF] TASK 5 retriggered event 6 of 50 under subscription DHLDAN 047
2025-07-14 14:42:16.376 -04:00 [DBG] 	TASK 5 released the mutex (finished SENDing)
2025-07-14 14:42:16.376 -04:00 [DBG] ===Task 5:
	Row 7 of 50:	10738932	|CAAU  2293503	|07/12/2025	|11:24 AM	|VDEP	|GBLGP	|OPL	|HLCULIV250700673	|I	| 	|DHLDAN 047
2025-07-14 14:42:16.376 -04:00 [DBG] 	TASK 1 has the mutex (currently SENDing)
2025-07-14 14:42:17.386 -04:00 [DBG] TASK 5 finished waiting
2025-07-14 14:42:17.386 -04:00 [DBG] TASK 5 looking for a valid container
2025-07-14 14:42:17.402 -04:00 [DBG] TASK 5 found a valid container!
2025-07-14 14:42:17.402 -04:00 [DBG]  __== TASK 5: instance 713104326 requesting mutex to run SEND ==__
2025-07-14 14:42:18.094 -04:00 [INF] TASK 1 retriggered event 18 of 50 under subscription DHLDAN 47
2025-07-14 14:42:18.094 -04:00 [DBG] 	TASK 1 released the mutex (finished SENDing)
2025-07-14 14:42:18.094 -04:00 [DBG] ===Task 1:
	Row 19 of 50:	10738932	|CAAU  2293503	|07/12/2025	|11:24 AM	|VDEP	|GBLGP	|OPL	|HLCULIV250700673	|I	| 	|DHLDAN 47
2025-07-14 14:42:18.094 -04:00 [DBG] 	TASK 0 has the mutex (currently SENDing)
2025-07-14 14:42:19.117 -04:00 [DBG] TASK 1 finished waiting
2025-07-14 14:42:19.117 -04:00 [DBG] TASK 1 looking for a valid container
2025-07-14 14:42:19.217 -04:00 [DBG] TASK 1 found a valid container!
2025-07-14 14:42:19.217 -04:00 [DBG]  __== TASK 1: instance 1506232442 requesting mutex to run SEND ==__
2025-07-14 14:42:20.422 -04:00 [INF] TASK 0 retriggered event 12 of 36 under subscription TARGET 113
2025-07-14 14:42:20.423 -04:00 [DBG] 	TASK 0 released the mutex (finished SENDing)
2025-07-14 14:42:20.423 -04:00 [DBG] 	TASK 2 has the mutex (currently SENDing)
2025-07-14 14:42:20.423 -04:00 [DBG] ===Task 0:
	Row 13 of 36:	26483192	|HLBU  1087400	|07/10/2025	|4:30 AM	|VDEP	|PKBQM	|SRT	|NONE	|I	| 	|TARGET 113
2025-07-14 14:42:21.426 -04:00 [DBG] TASK 0 finished waiting
2025-07-14 14:42:21.426 -04:00 [DBG] TASK 0 looking for a valid container
2025-07-14 14:42:21.526 -04:00 [DBG] TASK 0 found a valid container!
2025-07-14 14:42:21.526 -04:00 [DBG]  __== TASK 0: instance 58754959 requesting mutex to run SEND ==__
2025-07-14 14:42:22.264 -04:00 [INF] TASK 2 retriggered event 2 of 5 under subscription WALMAR 64
2025-07-14 14:42:22.264 -04:00 [DBG] 	TASK 4 has the mutex (currently SENDing)
2025-07-14 14:42:22.264 -04:00 [DBG] 	TASK 2 released the mutex (finished SENDing)
2025-07-14 14:42:22.264 -04:00 [DBG] ===Task 2:
	Row 3 of 5:	28610422	|HAMU  4632690	|07/09/2025	|10:10 AM	|GOFU	|VNSGN	|SRT	|HLCUSGN2506AQSR6	|I	| 	|WALMAR 64
2025-07-14 14:42:23.270 -04:00 [DBG] TASK 2 finished waiting
2025-07-14 14:42:23.270 -04:00 [DBG] TASK 2 looking for a valid container
2025-07-14 14:42:23.286 -04:00 [DBG] TASK 2 found a valid container!
2025-07-14 14:42:23.286 -04:00 [DBG]  __== TASK 2: instance 1684780105 requesting mutex to run SEND ==__
2025-07-14 14:42:23.986 -04:00 [INF] TASK 4 retriggered event 16 of 50 under subscription HOMEDE 156
2025-07-14 14:42:23.996 -04:00 [DBG] 	TASK 4 released the mutex (finished SENDing)
2025-07-14 14:42:23.996 -04:00 [DBG] ===Task 4:
	Row 17 of 50:	17396085	|HAMU  3441323	|07/13/2025	|2:24 PM	|VDEP	|CNSHK	|OPT	|HLCUSZX2505CSIG0	|I	|Y	|HOMEDE 156
2025-07-14 14:42:23.996 -04:00 [DBG] 	TASK 5 has the mutex (currently SENDing)
2025-07-14 14:42:25.014 -04:00 [DBG] TASK 4 finished waiting
2025-07-14 14:42:25.014 -04:00 [DBG] TASK 4 looking for a valid container
2025-07-14 14:42:25.029 -04:00 [DBG] TASK 4 found a valid container!
2025-07-14 14:42:25.029 -04:00 [DBG]  __== TASK 4: instance 1079355255 requesting mutex to run SEND ==__
2025-07-14 14:42:26.220 -04:00 [INF] TASK 5 retriggered event 7 of 50 under subscription DHLDAN 047
2025-07-14 14:42:26.220 -04:00 [DBG] 	TASK 5 released the mutex (finished SENDing)
2025-07-14 14:42:26.220 -04:00 [DBG] 	TASK 1 has the mutex (currently SENDing)
2025-07-14 14:42:26.220 -04:00 [DBG] ===Task 5:
	Row 8 of 50:	10762713	|HLBU  3818150	|07/09/2025	|4:00 PM	|VDEP	|NLRTM	|OPT	|HLCUDUR250529353	|I	| 	|DHLDAN 047
2025-07-14 14:42:27.239 -04:00 [DBG] TASK 5 finished waiting
2025-07-14 14:42:27.239 -04:00 [DBG] TASK 5 looking for a valid container
2025-07-14 14:42:27.255 -04:00 [DBG] TASK 5 found a valid container!
2025-07-14 14:42:27.255 -04:00 [DBG]  __== TASK 5: instance 713104326 requesting mutex to run SEND ==__
2025-07-14 14:42:28.073 -04:00 [INF] TASK 1 retriggered event 25 of 50 under subscription DHLDAN 47
2025-07-14 14:42:28.073 -04:00 [DBG] 	TASK 0 has the mutex (currently SENDing)
2025-07-14 14:42:28.073 -04:00 [DBG] 	TASK 1 released the mutex (finished SENDing)
2025-07-14 14:42:28.073 -04:00 [DBG] ===Task 1:
	Row 26 of 50:	10762713	|HLBU  3818150	|07/09/2025	|4:00 PM	|VDEP	|NLRTM	|OPT	|HLCUDUR250529353	|I	| 	|DHLDAN 47
2025-07-14 14:42:29.087 -04:00 [DBG] TASK 1 finished waiting
2025-07-14 14:42:29.087 -04:00 [DBG] TASK 1 looking for a valid container
2025-07-14 14:42:29.375 -04:00 [DBG] TASK 1 found a valid container!
2025-07-14 14:42:29.375 -04:00 [DBG]  __== TASK 1: instance 1506232442 requesting mutex to run SEND ==__
2025-07-14 14:42:30.124 -04:00 [INF] TASK 0 retriggered event 18 of 36 under subscription TARGET 113
2025-07-14 14:42:30.126 -04:00 [DBG] 	TASK 0 released the mutex (finished SENDing)
2025-07-14 14:42:30.126 -04:00 [DBG] 	TASK 2 has the mutex (currently SENDing)
2025-07-14 14:42:30.126 -04:00 [DBG] ===Task 0:
	Row 19 of 36:	38877712	|CAAU  6369783	|07/13/2025	|2:30 PM	|DEPD	|INNSA	|SRT	|NONE	|I	|Y	|TARGET 113
2025-07-14 14:42:31.140 -04:00 [DBG] TASK 0 finished waiting
2025-07-14 14:42:31.140 -04:00 [DBG] TASK 0 looking for a valid container
2025-07-14 14:42:31.209 -04:00 [DBG] TASK 0 found a valid container!
2025-07-14 14:42:31.209 -04:00 [DBG]  __== TASK 0: instance 58754959 requesting mutex to run SEND ==__
2025-07-14 14:42:32.021 -04:00 [INF] TASK 2 retriggered event 3 of 5 under subscription WALMAR 64
2025-07-14 14:42:32.037 -04:00 [DBG] 	TASK 2 released the mutex (finished SENDing)
2025-07-14 14:42:32.037 -04:00 [DBG] 	TASK 4 has the mutex (currently SENDing)
2025-07-14 14:42:32.037 -04:00 [DBG] ===Task 2:
	Row 4 of 5:	28610422	|HAMU  4632788	|07/09/2025	|8:47 AM	|GOFU	|VNSGN	|SRT	|HLCUSGN2506AQSR6	|I	| 	|WALMAR 64
2025-07-14 14:42:33.050 -04:00 [DBG] TASK 2 finished waiting
2025-07-14 14:42:33.050 -04:00 [DBG] TASK 2 looking for a valid container
2025-07-14 14:42:33.065 -04:00 [DBG] TASK 2 found a valid container!
2025-07-14 14:42:33.065 -04:00 [DBG]  __== TASK 2: instance 1684780105 requesting mutex to run SEND ==__
2025-07-14 14:42:33.759 -04:00 [INF] TASK 4 retriggered event 17 of 50 under subscription HOMEDE 156
2025-07-14 14:42:33.759 -04:00 [DBG] 	TASK 5 has the mutex (currently SENDing)
2025-07-14 14:42:33.759 -04:00 [DBG] 	TASK 4 released the mutex (finished SENDing)
2025-07-14 14:42:33.759 -04:00 [DBG] ===Task 4:
	Row 18 of 50:	17870176	|FANU  1112300	|07/13/2025	|4:24 AM	|VDEP	|CNSHA	|SRT	|HLCUSHA2506BOZP2	|I	| 	|HOMEDE 156
2025-07-14 14:42:34.785 -04:00 [DBG] TASK 4 finished waiting
2025-07-14 14:42:34.785 -04:00 [DBG] TASK 4 looking for a valid container
2025-07-14 14:42:34.800 -04:00 [DBG] TASK 4 found a valid container!
2025-07-14 14:42:34.800 -04:00 [DBG]  __== TASK 4: instance 1079355255 requesting mutex to run SEND ==__
2025-07-14 14:42:35.497 -04:00 [INF] TASK 5 retriggered event 8 of 50 under subscription DHLDAN 047
2025-07-14 14:42:35.497 -04:00 [DBG] 	TASK 5 released the mutex (finished SENDing)
2025-07-14 14:42:35.497 -04:00 [DBG] 	TASK 1 has the mutex (currently SENDing)
2025-07-14 14:42:35.497 -04:00 [DBG] ===Task 5:
	Row 9 of 50:	11053009	|DHDU  1970580	|07/11/2025	|11:06 AM	|VDEP	|CAMTR	|OPL	|HLCUTOR250708454	|I	| 	|DHLDAN 047
2025-07-14 14:42:36.505 -04:00 [DBG] TASK 5 finished waiting
2025-07-14 14:42:36.505 -04:00 [DBG] TASK 5 looking for a valid container
2025-07-14 14:42:36.520 -04:00 [DBG] TASK 5 found a valid container!
2025-07-14 14:42:36.520 -04:00 [DBG]  __== TASK 5: instance 713104326 requesting mutex to run SEND ==__
2025-07-14 14:42:37.476 -04:00 [INF] TASK 1 retriggered event 44 of 50 under subscription DHLDAN 47
2025-07-14 14:42:37.478 -04:00 [DBG] 	TASK 0 has the mutex (currently SENDing)
2025-07-14 14:42:37.478 -04:00 [DBG] 	TASK 1 released the mutex (finished SENDing)
2025-07-14 14:42:37.478 -04:00 [DBG] ===Task 1:
	Row 45 of 50:	11053009	|DHDU  1970580	|07/11/2025	|11:06 AM	|VDEP	|CAMTR	|OPL	|HLCUTOR250708454	|I	| 	|DHLDAN 47
2025-07-14 14:42:38.488 -04:00 [DBG] TASK 1 finished waiting
2025-07-14 14:42:38.488 -04:00 [DBG] TASK 1 looking for a valid container
2025-07-14 14:42:38.535 -04:00 [DBG] TASK 1 found a valid container!
2025-07-14 14:42:38.535 -04:00 [DBG]  __== TASK 1: instance 1506232442 requesting mutex to run SEND ==__
2025-07-14 14:42:39.212 -04:00 [INF] TASK 0 retriggered event 20 of 36 under subscription TARGET 113
2025-07-14 14:42:39.214 -04:00 [DBG] 	TASK 0 released the mutex (finished SENDing)
2025-07-14 14:42:39.214 -04:00 [DBG] 	TASK 2 has the mutex (currently SENDing)
2025-07-14 14:42:39.215 -04:00 [DBG] ===Task 0:
	Row 21 of 36:	63329303	|BEAU  4390199	|07/13/2025	|11:00 AM	|ARRD	|USCHS	|END	|NONE	|I	| 	|TARGET 113
2025-07-14 14:42:40.237 -04:00 [DBG] TASK 0 finished waiting
2025-07-14 14:42:40.237 -04:00 [DBG] TASK 0 looking for a valid container
2025-07-14 14:42:40.253 -04:00 [DBG] TASK 0 found a valid container!
2025-07-14 14:42:40.253 -04:00 [DBG]  __== TASK 0: instance 58754959 requesting mutex to run SEND ==__
2025-07-14 14:42:41.415 -04:00 [INF] TASK 2 retriggered event 4 of 5 under subscription WALMAR 64
2025-07-14 14:42:41.415 -04:00 [DBG] 	TASK 2 released the mutex (finished SENDing)
2025-07-14 14:42:41.415 -04:00 [DBG] ===Task 2:
	Row 5 of 5:	70045415	|HAMU  4631230	|07/09/2025	|10:00 AM	|GOFU	|VNSGN	|SRT	|HLCUSGN250680095	|I	| 	|WALMAR 64
2025-07-14 14:42:41.415 -04:00 [DBG] 	TASK 4 has the mutex (currently SENDing)
2025-07-14 14:42:42.441 -04:00 [DBG] TASK 2 finished waiting
2025-07-14 14:42:42.441 -04:00 [DBG] TASK 2 looking for a valid container
2025-07-14 14:42:42.441 -04:00 [DBG] TASK 2 found a valid container!
2025-07-14 14:42:42.441 -04:00 [DBG]  __== TASK 2: instance 1684780105 requesting mutex to run SEND ==__
2025-07-14 14:42:43.078 -04:00 [INF] TASK 4 retriggered event 18 of 50 under subscription HOMEDE 156
2025-07-14 14:42:43.078 -04:00 [DBG] 	TASK 4 released the mutex (finished SENDing)
2025-07-14 14:42:43.078 -04:00 [DBG] ===Task 4:
	Row 19 of 50:	18552937	|HLBU  1979006	|07/13/2025	|12:00 PM	|VDEP	|THLCH	|SRT	|HLCUBKK250640823	|I	| 	|HOMEDE 156
2025-07-14 14:42:43.078 -04:00 [DBG] 	TASK 5 has the mutex (currently SENDing)
2025-07-14 14:42:44.103 -04:00 [DBG] TASK 4 finished waiting
2025-07-14 14:42:44.103 -04:00 [DBG] TASK 4 looking for a valid container
2025-07-14 14:42:44.125 -04:00 [DBG] TASK 4 found a valid container!
2025-07-14 14:42:44.125 -04:00 [DBG]  __== TASK 4: instance 1079355255 requesting mutex to run SEND ==__
2025-07-14 14:42:44.964 -04:00 [INF] TASK 5 retriggered event 9 of 50 under subscription DHLDAN 047
2025-07-14 14:42:44.970 -04:00 [DBG] 	TASK 1 has the mutex (currently SENDing)
2025-07-14 14:42:44.970 -04:00 [DBG] 	TASK 5 released the mutex (finished SENDing)
2025-07-14 14:42:44.970 -04:00 [DBG] ===Task 5:
	Row 10 of 50:	11196443	|HAMU  3295126	|07/10/2025	|10:12 PM	|VDEP	|BRIOA	|SRT	|HLCUIT1250605856	|I	| 	|DHLDAN 047
2025-07-14 14:42:45.987 -04:00 [DBG] TASK 5 finished waiting
2025-07-14 14:42:45.987 -04:00 [DBG] TASK 5 looking for a valid container
2025-07-14 14:42:46.002 -04:00 [DBG] TASK 5 found a valid container!
2025-07-14 14:42:46.002 -04:00 [DBG]  __== TASK 5: instance 713104326 requesting mutex to run SEND ==__
2025-07-14 14:42:46.763 -04:00 [INF] TASK 1 retriggered event 48 of 50 under subscription DHLDAN 47
2025-07-14 14:42:46.775 -04:00 [DBG] 	TASK 1 released the mutex (finished SENDing)
2025-07-14 14:42:46.775 -04:00 [DBG] 	TASK 0 has the mutex (currently SENDing)
2025-07-14 14:42:46.775 -04:00 [DBG] ===Task 1:
	Row 49 of 50:	11196443	|HAMU  3295126	|07/10/2025	|10:12 PM	|VDEP	|BRIOA	|SRT	|HLCUIT1250605856	|I	| 	|DHLDAN 47
2025-07-14 14:42:47.785 -04:00 [DBG] TASK 1 finished waiting
2025-07-14 14:42:47.785 -04:00 [DBG] TASK 1 looking for a valid container
2025-07-14 14:42:47.807 -04:00 [DBG] TASK 1 found a valid container!
2025-07-14 14:42:47.807 -04:00 [DBG]  __== TASK 1: instance 1506232442 requesting mutex to run SEND ==__
2025-07-14 14:42:48.697 -04:00 [INF] TASK 0 retriggered event 21 of 36 under subscription TARGET 113
2025-07-14 14:42:48.698 -04:00 [DBG] 	TASK 0 released the mutex (finished SENDing)
2025-07-14 14:42:48.698 -04:00 [DBG] ===Task 0:
	Row 22 of 36:	63329303	|FDCU  0238350	|07/13/2025	|11:00 AM	|ARRD	|USCHS	|END	|NONE	|I	| 	|TARGET 113
2025-07-14 14:42:48.698 -04:00 [DBG] 	TASK 2 has the mutex (currently SENDing)
2025-07-14 14:42:49.708 -04:00 [DBG] TASK 0 finished waiting
2025-07-14 14:42:49.708 -04:00 [DBG] TASK 0 looking for a valid container
2025-07-14 14:42:49.723 -04:00 [DBG] TASK 0 found a valid container!
2025-07-14 14:42:49.723 -04:00 [DBG]  __== TASK 0: instance 58754959 requesting mutex to run SEND ==__
2025-07-14 14:42:50.737 -04:00 [INF] TASK 2 retriggered event 5 of 5 under subscription WALMAR 64
2025-07-14 14:42:50.737 -04:00 [DBG] 	TASK 2 released the mutex (finished SENDing)
2025-07-14 14:42:50.737 -04:00 [DBG] ===Task 2:
	Row 6 of 5:	70045415	|HAMU  4637310	|07/09/2025	|8:47 AM	|GOFU	|VNSGN	|SRT	|HLCUSGN250680095	|I	| 	|WALMAR 64
2025-07-14 14:42:50.737 -04:00 [DBG] 	TASK 4 has the mutex (currently SENDing)
2025-07-14 14:42:51.755 -04:00 [DBG] TASK 2 finished waiting
2025-07-14 14:42:51.755 -04:00 [INF] 	TASK 2: Searched and retriggered 5 events in 00:57.16
2025-07-14 14:42:51.755 -04:00 [INF] 
==========
Task 2 has finished all its events
==========
2025-07-14 14:42:52.524 -04:00 [INF] TASK 4 retriggered event 19 of 50 under subscription HOMEDE 156
2025-07-14 14:42:52.524 -04:00 [DBG] 	TASK 4 released the mutex (finished SENDing)
2025-07-14 14:42:52.524 -04:00 [DBG] ===Task 4:
	Row 20 of 50:	19574487	|UASU  1072832	|07/13/2025	|2:24 PM	|VDEP	|CNSHK	|OPT	|HLCUSZX2506BWKM2	|I	|Y	|HOMEDE 156
2025-07-14 14:42:52.524 -04:00 [DBG] 	TASK 5 has the mutex (currently SENDing)
2025-07-14 14:42:53.544 -04:00 [DBG] TASK 4 finished waiting
2025-07-14 14:42:53.544 -04:00 [DBG] TASK 4 looking for a valid container
2025-07-14 14:42:53.566 -04:00 [DBG] TASK 4 found a valid container!
2025-07-14 14:42:53.566 -04:00 [DBG]  __== TASK 4: instance 1079355255 requesting mutex to run SEND ==__
2025-07-14 14:42:54.426 -04:00 [INF] TASK 5 retriggered event 10 of 50 under subscription DHLDAN 047
2025-07-14 14:42:54.428 -04:00 [DBG] 	TASK 5 released the mutex (finished SENDing)
2025-07-14 14:42:54.428 -04:00 [DBG] ===Task 5:
	Row 11 of 50:	11196443	|HAMU  4572098	|07/10/2025	|10:12 PM	|VDEP	|BRIOA	|SRT	|HLCUIT1250605856	|I	| 	|DHLDAN 047
2025-07-14 14:42:54.428 -04:00 [DBG] 	TASK 1 has the mutex (currently SENDing)
2025-07-14 14:42:55.446 -04:00 [DBG] TASK 5 finished waiting
2025-07-14 14:42:55.446 -04:00 [DBG] TASK 5 looking for a valid container
2025-07-14 14:42:55.482 -04:00 [DBG] TASK 5 found a valid container!
2025-07-14 14:42:55.482 -04:00 [DBG]  __== TASK 5: instance 713104326 requesting mutex to run SEND ==__
2025-07-14 14:42:56.714 -04:00 [INF] TASK 1 retriggered event 49 of 50 under subscription DHLDAN 47
2025-07-14 14:42:56.714 -04:00 [DBG] 	TASK 1 released the mutex (finished SENDing)
2025-07-14 14:42:56.714 -04:00 [DBG] 	TASK 0 has the mutex (currently SENDing)
2025-07-14 14:42:56.714 -04:00 [DBG] ===Task 1:
	Row 50 of 50:	11196443	|HAMU  4572098	|07/10/2025	|10:12 PM	|VDEP	|BRIOA	|SRT	|HLCUIT1250605856	|I	| 	|DHLDAN 47
2025-07-14 14:42:57.726 -04:00 [DBG] TASK 1 finished waiting
2025-07-14 14:42:57.726 -04:00 [DBG] TASK 1 looking for a valid container
2025-07-14 14:42:57.741 -04:00 [DBG] TASK 1 found a valid container!
2025-07-14 14:42:57.741 -04:00 [DBG]  __== TASK 1: instance 1506232442 requesting mutex to run SEND ==__
2025-07-14 14:42:58.372 -04:00 [INF] TASK 0 retriggered event 22 of 36 under subscription TARGET 113
2025-07-14 14:42:58.374 -04:00 [DBG] 	TASK 4 has the mutex (currently SENDing)
2025-07-14 14:42:58.374 -04:00 [DBG] 	TASK 0 released the mutex (finished SENDing)
2025-07-14 14:42:58.374 -04:00 [DBG] ===Task 0:
	Row 23 of 36:	63329303	|FFAU  2210631	|07/13/2025	|11:00 AM	|ARRD	|USCHS	|END	|NONE	|I	| 	|TARGET 113
2025-07-14 14:42:59.385 -04:00 [DBG] TASK 0 finished waiting
2025-07-14 14:42:59.385 -04:00 [DBG] TASK 0 looking for a valid container
2025-07-14 14:42:59.401 -04:00 [DBG] TASK 0 found a valid container!
2025-07-14 14:42:59.401 -04:00 [DBG]  __== TASK 0: instance 58754959 requesting mutex to run SEND ==__
2025-07-14 14:43:00.143 -04:00 [INF] TASK 4 retriggered event 20 of 50 under subscription HOMEDE 156
2025-07-14 14:43:00.143 -04:00 [DBG] 	TASK 4 released the mutex (finished SENDing)
2025-07-14 14:43:00.143 -04:00 [DBG] ===Task 4:
	Row 21 of 50:	20626750	|FANU  1099358	|07/13/2025	|12:54 AM	|VDEP	|CNTXG	|SRT	|HLCUEUR250610201	|I	| 	|HOMEDE 156
2025-07-14 14:43:00.143 -04:00 [DBG] 	TASK 5 has the mutex (currently SENDing)
2025-07-14 14:43:01.165 -04:00 [DBG] TASK 4 finished waiting
2025-07-14 14:43:01.165 -04:00 [DBG] TASK 4 looking for a valid container
2025-07-14 14:43:01.181 -04:00 [DBG] TASK 4 found a valid container!
2025-07-14 14:43:01.181 -04:00 [DBG]  __== TASK 4: instance 1079355255 requesting mutex to run SEND ==__
2025-07-14 14:43:02.047 -04:00 [INF] TASK 5 retriggered event 11 of 50 under subscription DHLDAN 047
2025-07-14 14:43:02.047 -04:00 [DBG] 	TASK 1 has the mutex (currently SENDing)
2025-07-14 14:43:02.047 -04:00 [DBG] 	TASK 5 released the mutex (finished SENDing)
2025-07-14 14:43:02.054 -04:00 [DBG] ===Task 5:
	Row 12 of 50:	11196443	|HAMU  4572117	|07/10/2025	|10:12 PM	|VDEP	|BRIOA	|SRT	|HLCUIT1250605856	|I	| 	|DHLDAN 047
2025-07-14 14:43:03.065 -04:00 [DBG] TASK 5 finished waiting
2025-07-14 14:43:03.065 -04:00 [DBG] TASK 5 looking for a valid container
2025-07-14 14:43:03.080 -04:00 [DBG] TASK 5 found a valid container!
2025-07-14 14:43:03.080 -04:00 [DBG]  __== TASK 5: instance 713104326 requesting mutex to run SEND ==__
2025-07-14 14:43:03.953 -04:00 [INF] TASK 1 retriggered event 50 of 50 under subscription DHLDAN 47
2025-07-14 14:43:03.953 -04:00 [DBG] 	TASK 0 has the mutex (currently SENDing)
2025-07-14 14:43:03.953 -04:00 [DBG] 	TASK 1 released the mutex (finished SENDing)
2025-07-14 14:43:03.953 -04:00 [DBG] ===Task 1:
	Row 51 of 50:	11196443	|HAMU  4572117	|07/10/2025	|10:12 PM	|VDEP	|BRIOA	|SRT	|HLCUIT1250605856	|I	| 	|DHLDAN 47
2025-07-14 14:43:04.963 -04:00 [DBG] TASK 1 finished waiting
2025-07-14 14:43:04.963 -04:00 [INF] 	TASK 1: Searched and retriggered 50 events in 01:49.68
2025-07-14 14:43:04.963 -04:00 [INF] 
==========
Task 1 has finished all its events
==========
2025-07-14 14:43:05.846 -04:00 [INF] TASK 0 retriggered event 23 of 36 under subscription TARGET 113
2025-07-14 14:43:05.846 -04:00 [DBG] 	TASK 0 released the mutex (finished SENDing)
2025-07-14 14:43:05.846 -04:00 [DBG] 	TASK 4 has the mutex (currently SENDing)
2025-07-14 14:43:05.846 -04:00 [DBG] ===Task 0:
	Row 24 of 36:	63329303	|HLBU  2213566	|07/13/2025	|11:00 AM	|ARRD	|USCHS	|END	|NONE	|I	| 	|TARGET 113
2025-07-14 14:43:06.854 -04:00 [DBG] TASK 0 finished waiting
2025-07-14 14:43:06.854 -04:00 [DBG] TASK 0 looking for a valid container
2025-07-14 14:43:07.169 -04:00 [DBG] TASK 0 found a valid container!
2025-07-14 14:43:07.169 -04:00 [DBG]  __== TASK 0: instance 58754959 requesting mutex to run SEND ==__
2025-07-14 14:43:08.366 -04:00 [INF] TASK 4 retriggered event 21 of 50 under subscription HOMEDE 156
2025-07-14 14:43:08.366 -04:00 [DBG] 	TASK 4 released the mutex (finished SENDing)
2025-07-14 14:43:08.366 -04:00 [DBG] ===Task 4:
	Row 22 of 50:	20626750	|HAMU  1690055	|07/13/2025	|12:54 AM	|VDEP	|CNTXG	|SRT	|HLCUEUR250610201	|I	| 	|HOMEDE 156
2025-07-14 14:43:08.366 -04:00 [DBG] 	TASK 5 has the mutex (currently SENDing)
2025-07-14 14:43:09.378 -04:00 [DBG] TASK 4 finished waiting
2025-07-14 14:43:09.378 -04:00 [DBG] TASK 4 looking for a valid container
2025-07-14 14:43:09.403 -04:00 [DBG] TASK 4 found a valid container!
2025-07-14 14:43:09.403 -04:00 [DBG]  __== TASK 4: instance 1079355255 requesting mutex to run SEND ==__
2025-07-14 14:43:10.232 -04:00 [INF] TASK 5 retriggered event 12 of 50 under subscription DHLDAN 047
2025-07-14 14:43:10.232 -04:00 [DBG] 	TASK 5 released the mutex (finished SENDing)
2025-07-14 14:43:10.232 -04:00 [DBG] 	TASK 0 has the mutex (currently SENDing)
2025-07-14 14:43:10.232 -04:00 [DBG] ===Task 5:
	Row 13 of 50:	11196443	|HLBU  3393884	|07/10/2025	|10:12 PM	|VDEP	|BRIOA	|SRT	|HLCUIT1250605856	|I	| 	|DHLDAN 047
2025-07-14 14:43:11.261 -04:00 [DBG] TASK 5 finished waiting
2025-07-14 14:43:11.261 -04:00 [DBG] TASK 5 looking for a valid container
2025-07-14 14:43:11.277 -04:00 [DBG] TASK 5 found a valid container!
2025-07-14 14:43:11.277 -04:00 [DBG]  __== TASK 5: instance 713104326 requesting mutex to run SEND ==__
2025-07-14 14:43:12.575 -04:00 [INF] TASK 0 retriggered event 24 of 36 under subscription TARGET 113
2025-07-14 14:43:12.575 -04:00 [DBG] 	TASK 0 released the mutex (finished SENDing)
2025-07-14 14:43:12.575 -04:00 [DBG] ===Task 0:
	Row 25 of 36:	63329303	|HLXU  8068035	|07/13/2025	|11:00 AM	|ARRD	|USCHS	|END	|NONE	|I	| 	|TARGET 113
2025-07-14 14:43:12.575 -04:00 [DBG] 	TASK 4 has the mutex (currently SENDing)
2025-07-14 14:43:13.588 -04:00 [DBG] TASK 0 finished waiting
2025-07-14 14:43:13.588 -04:00 [DBG] TASK 0 looking for a valid container
2025-07-14 14:43:13.604 -04:00 [DBG] TASK 0 found a valid container!
2025-07-14 14:43:13.604 -04:00 [DBG]  __== TASK 0: instance 58754959 requesting mutex to run SEND ==__
2025-07-14 14:43:14.333 -04:00 [INF] TASK 4 retriggered event 22 of 50 under subscription HOMEDE 156
2025-07-14 14:43:14.335 -04:00 [DBG] 	TASK 4 released the mutex (finished SENDing)
2025-07-14 14:43:14.335 -04:00 [DBG] ===Task 4:
	Row 23 of 50:	20626750	|HAMU  2132870	|07/13/2025	|12:54 AM	|VDEP	|CNTXG	|SRT	|HLCUEUR250610201	|I	| 	|HOMEDE 156
2025-07-14 14:43:14.335 -04:00 [DBG] 	TASK 5 has the mutex (currently SENDing)
2025-07-14 14:43:15.350 -04:00 [DBG] TASK 4 finished waiting
2025-07-14 14:43:15.350 -04:00 [DBG] TASK 4 looking for a valid container
2025-07-14 14:43:15.514 -04:00 [DBG] TASK 4 found a valid container!
2025-07-14 14:43:15.514 -04:00 [DBG]  __== TASK 4: instance 1079355255 requesting mutex to run SEND ==__
2025-07-14 14:43:16.625 -04:00 [INF] TASK 5 retriggered event 13 of 50 under subscription DHLDAN 047
2025-07-14 14:43:16.625 -04:00 [DBG] 	TASK 5 released the mutex (finished SENDing)
2025-07-14 14:43:16.625 -04:00 [DBG] ===Task 5:
	Row 14 of 50:	11196443	|TLLU  5262674	|07/10/2025	|10:12 PM	|VDEP	|BRIOA	|SRT	|HLCUIT1250605856	|I	| 	|DHLDAN 047
2025-07-14 14:43:16.625 -04:00 [DBG] 	TASK 0 has the mutex (currently SENDing)
2025-07-14 14:43:17.643 -04:00 [DBG] TASK 5 finished waiting
2025-07-14 14:43:17.643 -04:00 [DBG] TASK 5 looking for a valid container
2025-07-14 14:43:17.659 -04:00 [DBG] TASK 5 found a valid container!
2025-07-14 14:43:17.659 -04:00 [DBG]  __== TASK 5: instance 713104326 requesting mutex to run SEND ==__
2025-07-14 14:43:18.523 -04:00 [INF] TASK 0 retriggered event 25 of 36 under subscription TARGET 113
2025-07-14 14:43:18.524 -04:00 [DBG] 	TASK 0 released the mutex (finished SENDing)
2025-07-14 14:43:18.525 -04:00 [DBG] ===Task 0:
	Row 26 of 36:	63329303	|UACU  5697873	|07/13/2025	|11:00 AM	|ARRD	|USCHS	|END	|NONE	|I	| 	|TARGET 113
2025-07-14 14:43:18.525 -04:00 [DBG] 	TASK 4 has the mutex (currently SENDing)
2025-07-14 14:43:19.540 -04:00 [DBG] TASK 0 finished waiting
2025-07-14 14:43:19.540 -04:00 [DBG] TASK 0 looking for a valid container
2025-07-14 14:43:19.556 -04:00 [DBG] TASK 0 found a valid container!
2025-07-14 14:43:19.556 -04:00 [DBG]  __== TASK 0: instance 58754959 requesting mutex to run SEND ==__
2025-07-14 14:43:20.503 -04:00 [INF] TASK 4 retriggered event 23 of 50 under subscription HOMEDE 156
2025-07-14 14:43:20.503 -04:00 [DBG] 	TASK 5 has the mutex (currently SENDing)
2025-07-14 14:43:20.503 -04:00 [DBG] 	TASK 4 released the mutex (finished SENDing)
2025-07-14 14:43:20.503 -04:00 [DBG] ===Task 4:
	Row 24 of 50:	20626750	|HAMU  2701880	|07/13/2025	|12:54 AM	|VDEP	|CNTXG	|SRT	|HLCUEUR250610201	|I	| 	|HOMEDE 156
2025-07-14 14:43:21.513 -04:00 [DBG] TASK 4 finished waiting
2025-07-14 14:43:21.513 -04:00 [DBG] TASK 4 looking for a valid container
2025-07-14 14:43:21.529 -04:00 [DBG] TASK 4 found a valid container!
2025-07-14 14:43:21.529 -04:00 [DBG]  __== TASK 4: instance 1079355255 requesting mutex to run SEND ==__
2025-07-14 14:43:22.333 -04:00 [INF] TASK 5 retriggered event 14 of 50 under subscription DHLDAN 047
2025-07-14 14:43:22.333 -04:00 [DBG] 	TASK 0 has the mutex (currently SENDing)
2025-07-14 14:43:22.333 -04:00 [DBG] 	TASK 5 released the mutex (finished SENDing)
2025-07-14 14:43:22.333 -04:00 [DBG] ===Task 5:
	Row 15 of 50:	11220476	|FFAU  2209369	|07/11/2025	|10:06 PM	|VDEP	|SGSIN	|OPT	|HLCUGOA2505ATXL3	|I	| 	|DHLDAN 047
2025-07-14 14:43:23.350 -04:00 [DBG] TASK 5 finished waiting
2025-07-14 14:43:23.350 -04:00 [DBG] TASK 5 looking for a valid container
2025-07-14 14:43:23.404 -04:00 [DBG] TASK 5 found a valid container!
2025-07-14 14:43:23.404 -04:00 [DBG]  __== TASK 5: instance 713104326 requesting mutex to run SEND ==__
2025-07-14 14:43:24.376 -04:00 [INF] TASK 0 retriggered event 26 of 36 under subscription TARGET 113
2025-07-14 14:43:24.378 -04:00 [DBG] 	TASK 0 released the mutex (finished SENDing)
2025-07-14 14:43:24.378 -04:00 [DBG] 	TASK 4 has the mutex (currently SENDing)
2025-07-14 14:43:24.378 -04:00 [DBG] ===Task 0:
	Row 27 of 36:	63329303	|UACU  5797949	|07/13/2025	|11:00 AM	|ARRD	|USCHS	|END	|NONE	|I	| 	|TARGET 113
2025-07-14 14:43:25.381 -04:00 [DBG] TASK 0 finished waiting
2025-07-14 14:43:25.381 -04:00 [DBG] TASK 0 looking for a valid container
2025-07-14 14:43:25.397 -04:00 [DBG] TASK 0 found a valid container!
2025-07-14 14:43:25.397 -04:00 [DBG]  __== TASK 0: instance 58754959 requesting mutex to run SEND ==__
2025-07-14 14:43:26.198 -04:00 [INF] TASK 4 retriggered event 24 of 50 under subscription HOMEDE 156
2025-07-14 14:43:26.198 -04:00 [DBG] 	TASK 4 released the mutex (finished SENDing)
2025-07-14 14:43:26.198 -04:00 [DBG] ===Task 4:
	Row 25 of 50:	21813728	|HLXU  8142791	|07/13/2025	|4:24 AM	|VDEP	|CNSHA	|SRT	|HLCUSHA2506BOZT6	|I	| 	|HOMEDE 156
2025-07-14 14:43:26.198 -04:00 [DBG] 	TASK 5 has the mutex (currently SENDing)
2025-07-14 14:43:27.214 -04:00 [DBG] TASK 4 finished waiting
2025-07-14 14:43:27.214 -04:00 [DBG] TASK 4 looking for a valid container
2025-07-14 14:43:27.245 -04:00 [DBG] TASK 4 found a valid container!
2025-07-14 14:43:27.245 -04:00 [DBG]  __== TASK 4: instance 1079355255 requesting mutex to run SEND ==__
2025-07-14 14:43:28.232 -04:00 [INF] TASK 5 retriggered event 15 of 50 under subscription DHLDAN 047
2025-07-14 14:43:28.232 -04:00 [DBG] 	TASK 5 released the mutex (finished SENDing)
2025-07-14 14:43:28.232 -04:00 [DBG] ===Task 5:
	Row 16 of 50:	11326591	|FANU  3456686	|07/12/2025	|5:54 AM	|VDEP	|CNNGB	|OPT	|HLCUTS12506AXVW2	|I	| 	|DHLDAN 047
2025-07-14 14:43:28.232 -04:00 [DBG] 	TASK 0 has the mutex (currently SENDing)
2025-07-14 14:43:29.244 -04:00 [DBG] TASK 5 finished waiting
2025-07-14 14:43:29.244 -04:00 [DBG] TASK 5 looking for a valid container
2025-07-14 14:43:29.259 -04:00 [DBG] TASK 5 found a valid container!
2025-07-14 14:43:29.259 -04:00 [DBG]  __== TASK 5: instance 713104326 requesting mutex to run SEND ==__
2025-07-14 14:43:29.973 -04:00 [INF] TASK 0 retriggered event 27 of 36 under subscription TARGET 113
2025-07-14 14:43:29.975 -04:00 [DBG] 	TASK 0 released the mutex (finished SENDing)
2025-07-14 14:43:29.975 -04:00 [DBG] ===Task 0:
	Row 28 of 36:	63329303	|UACU  6041133	|07/13/2025	|11:00 AM	|ARRD	|USCHS	|END	|NONE	|I	| 	|TARGET 113
2025-07-14 14:43:29.975 -04:00 [DBG] 	TASK 4 has the mutex (currently SENDing)
2025-07-14 14:43:30.991 -04:00 [DBG] TASK 0 finished waiting
2025-07-14 14:43:30.991 -04:00 [DBG] TASK 0 looking for a valid container
2025-07-14 14:43:31.107 -04:00 [DBG]  __== TASK 0: instance 58754959 requesting mutex to run SEND ==__
2025-07-14 14:43:31.832 -04:00 [INF] TASK 4 retriggered event 26 of 50 under subscription HOMEDE 156
2025-07-14 14:43:31.832 -04:00 [DBG] 	TASK 5 has the mutex (currently SENDing)
2025-07-14 14:43:31.832 -04:00 [DBG] 	TASK 4 released the mutex (finished SENDing)
2025-07-14 14:43:31.832 -04:00 [DBG] ===Task 4:
	Row 27 of 50:	25107506	|HLBU  2843307	|07/13/2025	|12:00 PM	|VDEP	|THLCH	|SRT	|HLCUBKK250640812	|I	| 	|HOMEDE 156
2025-07-14 14:43:32.847 -04:00 [DBG] TASK 4 finished waiting
2025-07-14 14:43:32.847 -04:00 [DBG] TASK 4 looking for a valid container
2025-07-14 14:43:32.878 -04:00 [DBG] TASK 4 found a valid container!
2025-07-14 14:43:32.878 -04:00 [DBG]  __== TASK 4: instance 1079355255 requesting mutex to run SEND ==__
2025-07-14 14:43:33.553 -04:00 [INF] TASK 5 retriggered event 16 of 50 under subscription DHLDAN 047
2025-07-14 14:43:33.553 -04:00 [DBG] 	TASK 0 has the mutex (currently SENDing)
2025-07-14 14:43:33.553 -04:00 [INF] TASK 0 found no valid containers in subscription TARGET 113
2025-07-14 14:43:33.553 -04:00 [DBG] 	TASK 5 released the mutex (finished SENDing)
2025-07-14 14:43:33.553 -04:00 [DBG] ===Task 5:
	Row 17 of 50:	11430611	|HAMU  4507370	|07/12/2025	|5:54 AM	|VDEP	|CNNGB	|SRT	|HLCUNG12506DQQL3	|I	| 	|DHLDAN 047
2025-07-14 14:43:33.553 -04:00 [DBG] 	TASK 0 released the mutex (finished SENDing)
2025-07-14 14:43:33.553 -04:00 [INF] 	TASK 0: Searched and retriggered 36 events in 01:50.33
2025-07-14 14:43:33.553 -04:00 [DBG] 	TASK 4 has the mutex (currently SENDing)
2025-07-14 14:43:33.569 -04:00 [INF] 
==========
Task 0 has finished all its events
==========
2025-07-14 14:43:34.577 -04:00 [DBG] TASK 5 finished waiting
2025-07-14 14:43:34.577 -04:00 [DBG] TASK 5 looking for a valid container
2025-07-14 14:43:34.867 -04:00 [DBG] TASK 5 found a valid container!
2025-07-14 14:43:34.867 -04:00 [DBG]  __== TASK 5: instance 713104326 requesting mutex to run SEND ==__
2025-07-14 14:43:35.861 -04:00 [INF] TASK 4 retriggered event 29 of 50 under subscription HOMEDE 156
2025-07-14 14:43:35.872 -04:00 [DBG] 	TASK 5 has the mutex (currently SENDing)
2025-07-14 14:43:35.872 -04:00 [DBG] 	TASK 4 released the mutex (finished SENDing)
2025-07-14 14:43:35.873 -04:00 [DBG] ===Task 4:
	Row 30 of 50:	28748001	|TCLU  8609157	|07/10/2025	|6:36 AM	|VDEP	|DEBRV	|OPL	|HLCUHAM2505BDUD2	|I	| 	|HOMEDE 156
2025-07-14 14:43:36.888 -04:00 [DBG] TASK 4 finished waiting
2025-07-14 14:43:36.888 -04:00 [DBG] TASK 4 looking for a valid container
2025-07-14 14:43:36.910 -04:00 [DBG] TASK 4 found a valid container!
2025-07-14 14:43:36.910 -04:00 [DBG]  __== TASK 4: instance 1079355255 requesting mutex to run SEND ==__
2025-07-14 14:43:37.856 -04:00 [INF] TASK 5 retriggered event 17 of 50 under subscription DHLDAN 047
2025-07-14 14:43:37.856 -04:00 [DBG] 	TASK 5 released the mutex (finished SENDing)
2025-07-14 14:43:37.856 -04:00 [DBG] 	TASK 4 has the mutex (currently SENDing)
2025-07-14 14:43:37.856 -04:00 [DBG] ===Task 5:
	Row 18 of 50:	11443741	|SEKU  1460880	|07/10/2025	|10:12 PM	|VDEP	|BRIOA	|SRT	|HLCUIT1250611712	|I	| 	|DHLDAN 047
2025-07-14 14:43:38.875 -04:00 [DBG] TASK 5 finished waiting
2025-07-14 14:43:38.875 -04:00 [DBG] TASK 5 looking for a valid container
2025-07-14 14:43:38.891 -04:00 [DBG] TASK 5 found a valid container!
2025-07-14 14:43:38.891 -04:00 [DBG]  __== TASK 5: instance 713104326 requesting mutex to run SEND ==__
2025-07-14 14:43:39.681 -04:00 [INF] TASK 4 retriggered event 30 of 50 under subscription HOMEDE 156
2025-07-14 14:43:39.681 -04:00 [DBG] 	TASK 4 released the mutex (finished SENDing)
2025-07-14 14:43:39.681 -04:00 [DBG] ===Task 4:
	Row 31 of 50:	29311389	|HLXU  8374396	|07/13/2025	|2:24 PM	|VDEP	|CNSHK	|OPT	|HLCUSZX2506BWKL1	|I	| 	|HOMEDE 156
2025-07-14 14:43:39.681 -04:00 [DBG] 	TASK 5 has the mutex (currently SENDing)
2025-07-14 14:43:40.703 -04:00 [DBG] TASK 4 finished waiting
2025-07-14 14:43:40.703 -04:00 [DBG] TASK 4 looking for a valid container
2025-07-14 14:43:40.741 -04:00 [DBG] TASK 4 found a valid container!
2025-07-14 14:43:40.741 -04:00 [DBG]  __== TASK 4: instance 1079355255 requesting mutex to run SEND ==__
2025-07-14 14:43:41.547 -04:00 [INF] TASK 5 retriggered event 18 of 50 under subscription DHLDAN 047
2025-07-14 14:43:41.554 -04:00 [DBG] 	TASK 5 released the mutex (finished SENDing)
2025-07-14 14:43:41.554 -04:00 [DBG] ===Task 5:
	Row 19 of 50:	11643131	|HAMU  2828719	|07/13/2025	|2:00 PM	|VDEP	|DEHAM	|SRT	|HLCUHAM2506AQIS0	|I	| 	|DHLDAN 047
2025-07-14 14:43:41.554 -04:00 [DBG] 	TASK 4 has the mutex (currently SENDing)
2025-07-14 14:43:42.570 -04:00 [DBG] TASK 5 finished waiting
2025-07-14 14:43:42.570 -04:00 [DBG] TASK 5 looking for a valid container
2025-07-14 14:43:42.570 -04:00 [DBG] TASK 5 found a valid container!
2025-07-14 14:43:42.570 -04:00 [DBG]  __== TASK 5: instance 713104326 requesting mutex to run SEND ==__
2025-07-14 14:43:43.282 -04:00 [INF] TASK 4 retriggered event 33 of 50 under subscription HOMEDE 156
2025-07-14 14:43:43.293 -04:00 [DBG] 	TASK 5 has the mutex (currently SENDing)
2025-07-14 14:43:43.293 -04:00 [DBG] 	TASK 4 released the mutex (finished SENDing)
2025-07-14 14:43:43.293 -04:00 [DBG] ===Task 4:
	Row 34 of 50:	31261786	|HLBU  2509650	|07/09/2025	|3:54 AM	|VDEP	|CNTXG	|SRT	|HLCUTS1250700637	|I	| 	|HOMEDE 156
2025-07-14 14:43:44.316 -04:00 [DBG] TASK 4 finished waiting
2025-07-14 14:43:44.316 -04:00 [DBG] TASK 4 looking for a valid container
2025-07-14 14:43:44.400 -04:00 [DBG] TASK 4 found a valid container!
2025-07-14 14:43:44.400 -04:00 [DBG]  __== TASK 4: instance 1079355255 requesting mutex to run SEND ==__
2025-07-14 14:43:45.410 -04:00 [INF] TASK 5 retriggered event 19 of 50 under subscription DHLDAN 047
2025-07-14 14:43:45.410 -04:00 [DBG] 	TASK 4 has the mutex (currently SENDing)
2025-07-14 14:43:45.410 -04:00 [DBG] 	TASK 5 released the mutex (finished SENDing)
2025-07-14 14:43:45.410 -04:00 [DBG] ===Task 5:
	Row 20 of 50:	11734967	|FCIU  6320341	|07/13/2025	|7:30 AM	|VDEP	|USHOU	|SRT	|HLCUBSC250773720	|I	| 	|DHLDAN 047
2025-07-14 14:43:46.427 -04:00 [DBG] TASK 5 finished waiting
2025-07-14 14:43:46.427 -04:00 [DBG] TASK 5 looking for a valid container
2025-07-14 14:43:46.427 -04:00 [DBG] TASK 5 found a valid container!
2025-07-14 14:43:46.427 -04:00 [DBG]  __== TASK 5: instance 713104326 requesting mutex to run SEND ==__
2025-07-14 14:43:47.153 -04:00 [INF] TASK 4 retriggered event 34 of 50 under subscription HOMEDE 156
2025-07-14 14:43:47.153 -04:00 [DBG] 	TASK 5 has the mutex (currently SENDing)
2025-07-14 14:43:47.153 -04:00 [DBG] 	TASK 4 released the mutex (finished SENDing)
2025-07-14 14:43:47.153 -04:00 [DBG] ===Task 4:
	Row 35 of 50:	31261786	|HLXU  8275900	|07/09/2025	|3:54 AM	|VDEP	|CNTXG	|SRT	|HLCUTS1250700637	|I	| 	|HOMEDE 156
2025-07-14 14:43:48.176 -04:00 [DBG] TASK 4 finished waiting
2025-07-14 14:43:48.176 -04:00 [DBG] TASK 4 looking for a valid container
2025-07-14 14:43:48.191 -04:00 [DBG] TASK 4 found a valid container!
2025-07-14 14:43:48.191 -04:00 [DBG]  __== TASK 4: instance 1079355255 requesting mutex to run SEND ==__
2025-07-14 14:43:49.131 -04:00 [INF] TASK 5 retriggered event 20 of 50 under subscription DHLDAN 047
2025-07-14 14:43:49.136 -04:00 [DBG] 	TASK 5 released the mutex (finished SENDing)
2025-07-14 14:43:49.136 -04:00 [DBG] ===Task 5:
	Row 21 of 50:	11751993	|TCKU  3548426	|07/09/2025	|3:30 PM	|VDEP	|INMUN	|OPL	|HLCUDE1250641920	|I	| 	|DHLDAN 047
2025-07-14 14:43:49.136 -04:00 [DBG] 	TASK 4 has the mutex (currently SENDing)
2025-07-14 14:43:50.146 -04:00 [DBG] TASK 5 finished waiting
2025-07-14 14:43:50.146 -04:00 [DBG] TASK 5 looking for a valid container
2025-07-14 14:43:50.162 -04:00 [DBG] TASK 5 found a valid container!
2025-07-14 14:43:50.162 -04:00 [DBG]  __== TASK 5: instance 713104326 requesting mutex to run SEND ==__
2025-07-14 14:43:50.979 -04:00 [INF] TASK 4 retriggered event 35 of 50 under subscription HOMEDE 156
2025-07-14 14:43:50.981 -04:00 [DBG] 	TASK 4 released the mutex (finished SENDing)
2025-07-14 14:43:50.981 -04:00 [DBG] 	TASK 5 has the mutex (currently SENDing)
2025-07-14 14:43:50.982 -04:00 [DBG] ===Task 4:
	Row 36 of 50:	32039028	|TXGU  6769027	|07/13/2025	|4:24 AM	|VDEP	|CNSHA	|SRT	|HLCUSHA2506BOZO1	|I	| 	|HOMEDE 156
2025-07-14 14:43:51.986 -04:00 [DBG] TASK 4 finished waiting
2025-07-14 14:43:51.986 -04:00 [DBG] TASK 4 looking for a valid container
2025-07-14 14:43:52.055 -04:00 [DBG] TASK 4 found a valid container!
2025-07-14 14:43:52.055 -04:00 [DBG]  __== TASK 4: instance 1079355255 requesting mutex to run SEND ==__
2025-07-14 14:43:52.789 -04:00 [INF] TASK 5 retriggered event 21 of 50 under subscription DHLDAN 047
2025-07-14 14:43:52.792 -04:00 [DBG] 	TASK 4 has the mutex (currently SENDing)
2025-07-14 14:43:52.792 -04:00 [DBG] 	TASK 5 released the mutex (finished SENDing)
2025-07-14 14:43:52.793 -04:00 [DBG] ===Task 5:
	Row 22 of 50:	11863557	|HLBU  9773285	|07/11/2025	|10:06 PM	|VDEP	|SGSIN	|OPT	|HLCUBO12506AXHW0	|I	| 	|DHLDAN 047
2025-07-14 14:43:53.809 -04:00 [DBG] TASK 5 finished waiting
2025-07-14 14:43:53.809 -04:00 [DBG] TASK 5 looking for a valid container
2025-07-14 14:43:53.831 -04:00 [DBG] TASK 5 found a valid container!
2025-07-14 14:43:53.831 -04:00 [DBG]  __== TASK 5: instance 713104326 requesting mutex to run SEND ==__
2025-07-14 14:43:54.724 -04:00 [INF] TASK 4 retriggered event 40 of 50 under subscription HOMEDE 156
2025-07-14 14:43:54.729 -04:00 [DBG] 	TASK 5 has the mutex (currently SENDing)
2025-07-14 14:43:54.729 -04:00 [DBG] 	TASK 4 released the mutex (finished SENDing)
2025-07-14 14:43:54.729 -04:00 [DBG] ===Task 4:
	Row 41 of 50:	33072072	|HAMU  1365883	|07/13/2025	|4:24 AM	|VDEP	|CNSHA	|SRT	|HLCUSHA2506BOZW0	|I	| 	|HOMEDE 156
2025-07-14 14:43:55.737 -04:00 [DBG] TASK 4 finished waiting
2025-07-14 14:43:55.737 -04:00 [DBG] TASK 4 looking for a valid container
2025-07-14 14:43:55.775 -04:00 [DBG] TASK 4 found a valid container!
2025-07-14 14:43:55.775 -04:00 [DBG]  __== TASK 4: instance 1079355255 requesting mutex to run SEND ==__
2025-07-14 14:43:56.442 -04:00 [INF] TASK 5 retriggered event 22 of 50 under subscription DHLDAN 047
2025-07-14 14:43:56.442 -04:00 [DBG] 	TASK 5 released the mutex (finished SENDing)
2025-07-14 14:43:56.442 -04:00 [DBG] 	TASK 4 has the mutex (currently SENDing)
2025-07-14 14:43:56.442 -04:00 [DBG] ===Task 5:
	Row 23 of 50:	11882603	|CAAU  5574865	|07/10/2025	|10:12 PM	|VDEP	|BRIOA	|SRT	|HLCUIT1250605063	|I	| 	|DHLDAN 047
2025-07-14 14:43:57.459 -04:00 [DBG] TASK 5 finished waiting
2025-07-14 14:43:57.459 -04:00 [DBG] TASK 5 looking for a valid container
2025-07-14 14:43:57.474 -04:00 [DBG] TASK 5 found a valid container!
2025-07-14 14:43:57.474 -04:00 [DBG]  __== TASK 5: instance 713104326 requesting mutex to run SEND ==__
2025-07-14 14:43:58.326 -04:00 [INF] TASK 4 retriggered event 43 of 50 under subscription HOMEDE 156
2025-07-14 14:43:58.326 -04:00 [DBG] 	TASK 4 released the mutex (finished SENDing)
2025-07-14 14:43:58.326 -04:00 [DBG] 	TASK 5 has the mutex (currently SENDing)
2025-07-14 14:43:58.326 -04:00 [DBG] ===Task 4:
	Row 44 of 50:	35036555	|GCXU  5884294	|07/11/2025	|1:00 AM	|VDEP	|KHPNH	|SRT	|HLCUPN7250605313	|I	| 	|HOMEDE 156
2025-07-14 14:43:59.333 -04:00 [DBG] TASK 4 finished waiting
2025-07-14 14:43:59.333 -04:00 [DBG] TASK 4 looking for a valid container
2025-07-14 14:43:59.349 -04:00 [DBG] TASK 4 found a valid container!
2025-07-14 14:43:59.349 -04:00 [DBG]  __== TASK 4: instance 1079355255 requesting mutex to run SEND ==__
2025-07-14 14:44:00.095 -04:00 [INF] TASK 5 retriggered event 23 of 50 under subscription DHLDAN 047
2025-07-14 14:44:00.100 -04:00 [DBG] 	TASK 4 has the mutex (currently SENDing)
2025-07-14 14:44:00.100 -04:00 [DBG] 	TASK 5 released the mutex (finished SENDing)
2025-07-14 14:44:00.101 -04:00 [DBG] ===Task 5:
	Row 24 of 50:	11882603	|CAAU  8500871	|07/10/2025	|10:12 PM	|VDEP	|BRIOA	|SRT	|HLCUIT1250605063	|I	| 	|DHLDAN 047
2025-07-14 14:44:01.122 -04:00 [DBG] TASK 5 finished waiting
2025-07-14 14:44:01.122 -04:00 [DBG] TASK 5 looking for a valid container
2025-07-14 14:44:01.137 -04:00 [DBG] TASK 5 found a valid container!
2025-07-14 14:44:01.137 -04:00 [DBG]  __== TASK 5: instance 713104326 requesting mutex to run SEND ==__
2025-07-14 14:44:02.198 -04:00 [INF] TASK 4 retriggered event 44 of 50 under subscription HOMEDE 156
2025-07-14 14:44:02.198 -04:00 [DBG] 	TASK 4 released the mutex (finished SENDing)
2025-07-14 14:44:02.198 -04:00 [DBG] 	TASK 5 has the mutex (currently SENDing)
2025-07-14 14:44:02.198 -04:00 [DBG] ===Task 4:
	Row 45 of 50:	35036555	|HAMU  2989333	|07/11/2025	|1:00 AM	|VDEP	|KHPNH	|SRT	|HLCUPN7250605313	|I	| 	|HOMEDE 156
2025-07-14 14:44:03.216 -04:00 [DBG] TASK 4 finished waiting
2025-07-14 14:44:03.216 -04:00 [DBG] TASK 4 looking for a valid container
2025-07-14 14:44:03.231 -04:00 [DBG] TASK 4 found a valid container!
2025-07-14 14:44:03.231 -04:00 [DBG]  __== TASK 4: instance 1079355255 requesting mutex to run SEND ==__
2025-07-14 14:44:03.865 -04:00 [INF] TASK 5 retriggered event 24 of 50 under subscription DHLDAN 047
2025-07-14 14:44:03.867 -04:00 [DBG] 	TASK 4 has the mutex (currently SENDing)
2025-07-14 14:44:03.867 -04:00 [DBG] 	TASK 5 released the mutex (finished SENDing)
2025-07-14 14:44:03.867 -04:00 [DBG] ===Task 5:
	Row 25 of 50:	11882603	|HAMU  1354894	|07/10/2025	|10:12 PM	|VDEP	|BRIOA	|SRT	|HLCUIT1250605063	|I	| 	|DHLDAN 047
2025-07-14 14:44:04.884 -04:00 [DBG] TASK 5 finished waiting
2025-07-14 14:44:04.884 -04:00 [DBG] TASK 5 looking for a valid container
2025-07-14 14:44:04.884 -04:00 [DBG] TASK 5 found a valid container!
2025-07-14 14:44:04.884 -04:00 [DBG]  __== TASK 5: instance 713104326 requesting mutex to run SEND ==__
2025-07-14 14:44:05.723 -04:00 [INF] TASK 4 retriggered event 45 of 50 under subscription HOMEDE 156
2025-07-14 14:44:05.723 -04:00 [DBG] 	TASK 4 released the mutex (finished SENDing)
2025-07-14 14:44:05.723 -04:00 [DBG] ===Task 4:
	Row 46 of 50:	35036555	|HAMU  3922946	|07/11/2025	|1:00 AM	|VDEP	|KHPNH	|SRT	|HLCUPN7250605313	|I	| 	|HOMEDE 156
2025-07-14 14:44:05.723 -04:00 [DBG] 	TASK 5 has the mutex (currently SENDing)
2025-07-14 14:44:06.735 -04:00 [DBG] TASK 4 finished waiting
2025-07-14 14:44:06.735 -04:00 [DBG] TASK 4 looking for a valid container
2025-07-14 14:44:06.750 -04:00 [DBG] TASK 4 found a valid container!
2025-07-14 14:44:06.750 -04:00 [DBG]  __== TASK 4: instance 1079355255 requesting mutex to run SEND ==__
2025-07-14 14:44:07.520 -04:00 [INF] TASK 5 retriggered event 25 of 50 under subscription DHLDAN 047
2025-07-14 14:44:07.523 -04:00 [DBG] 	TASK 5 released the mutex (finished SENDing)
2025-07-14 14:44:07.523 -04:00 [DBG] 	TASK 4 has the mutex (currently SENDing)
2025-07-14 14:44:07.523 -04:00 [DBG] ===Task 5:
	Row 26 of 50:	11882603	|HAMU  2171028	|07/10/2025	|10:12 PM	|VDEP	|BRIOA	|SRT	|HLCUIT1250605063	|I	| 	|DHLDAN 047
2025-07-14 14:44:08.532 -04:00 [DBG] TASK 5 finished waiting
2025-07-14 14:44:08.532 -04:00 [DBG] TASK 5 looking for a valid container
2025-07-14 14:44:08.563 -04:00 [DBG] TASK 5 found a valid container!
2025-07-14 14:44:08.563 -04:00 [DBG]  __== TASK 5: instance 713104326 requesting mutex to run SEND ==__
2025-07-14 14:44:09.964 -04:00 [INF] TASK 4 retriggered event 47 of 50 under subscription HOMEDE 156
2025-07-14 14:44:09.964 -04:00 [DBG] 	TASK 4 released the mutex (finished SENDing)
2025-07-14 14:44:09.964 -04:00 [DBG] 	TASK 5 has the mutex (currently SENDing)
2025-07-14 14:44:09.964 -04:00 [DBG] ===Task 4:
	Row 48 of 50:	36098939	|FANU  1855645	|07/11/2025	|1:00 AM	|VDEP	|KHPNH	|SRT	|HLCUPN7250611235	|I	| 	|HOMEDE 156
2025-07-14 14:44:10.980 -04:00 [DBG] TASK 4 finished waiting
2025-07-14 14:44:10.980 -04:00 [DBG] TASK 4 looking for a valid container
2025-07-14 14:44:10.996 -04:00 [DBG] TASK 4 found a valid container!
2025-07-14 14:44:10.996 -04:00 [DBG]  __== TASK 4: instance 1079355255 requesting mutex to run SEND ==__
2025-07-14 14:44:11.899 -04:00 [INF] TASK 5 retriggered event 26 of 50 under subscription DHLDAN 047
2025-07-14 14:44:11.899 -04:00 [DBG] 	TASK 4 has the mutex (currently SENDing)
2025-07-14 14:44:11.899 -04:00 [DBG] 	TASK 5 released the mutex (finished SENDing)
2025-07-14 14:44:11.899 -04:00 [DBG] ===Task 5:
	Row 27 of 50:	11882603	|UETU  5727653	|07/10/2025	|10:12 PM	|VDEP	|BRIOA	|SRT	|HLCUIT1250605063	|I	| 	|DHLDAN 047
2025-07-14 14:44:12.907 -04:00 [DBG] TASK 5 finished waiting
2025-07-14 14:44:12.907 -04:00 [DBG] TASK 5 looking for a valid container
2025-07-14 14:44:12.907 -04:00 [DBG] TASK 5 found a valid container!
2025-07-14 14:44:12.907 -04:00 [DBG]  __== TASK 5: instance 713104326 requesting mutex to run SEND ==__
2025-07-14 14:44:13.802 -04:00 [INF] TASK 4 retriggered event 48 of 50 under subscription HOMEDE 156
2025-07-14 14:44:13.802 -04:00 [DBG] 	TASK 5 has the mutex (currently SENDing)
2025-07-14 14:44:13.802 -04:00 [DBG] 	TASK 4 released the mutex (finished SENDing)
2025-07-14 14:44:13.802 -04:00 [DBG] ===Task 4:
	Row 49 of 50:	36098939	|FDCU  0180068	|07/11/2025	|1:00 AM	|VDEP	|KHPNH	|SRT	|HLCUPN7250611235	|I	| 	|HOMEDE 156
2025-07-14 14:44:14.827 -04:00 [DBG] TASK 4 finished waiting
2025-07-14 14:44:14.827 -04:00 [DBG] TASK 4 looking for a valid container
2025-07-14 14:44:14.843 -04:00 [DBG] TASK 4 found a valid container!
2025-07-14 14:44:14.843 -04:00 [DBG]  __== TASK 4: instance 1079355255 requesting mutex to run SEND ==__
2025-07-14 14:44:15.666 -04:00 [INF] TASK 5 retriggered event 27 of 50 under subscription DHLDAN 047
2025-07-14 14:44:15.668 -04:00 [DBG] 	TASK 4 has the mutex (currently SENDing)
2025-07-14 14:44:15.668 -04:00 [DBG] 	TASK 5 released the mutex (finished SENDing)
2025-07-14 14:44:15.668 -04:00 [DBG] ===Task 5:
	Row 28 of 50:	12059352	|UACU  5562918	|07/13/2025	|10:00 AM	|VDEP	|BRSSZ	|SRT	|HLCUSS5250652662	|I	| 	|DHLDAN 047
2025-07-14 14:44:16.682 -04:00 [DBG] TASK 5 finished waiting
2025-07-14 14:44:16.682 -04:00 [DBG] TASK 5 looking for a valid container
2025-07-14 14:44:16.697 -04:00 [DBG] TASK 5 found a valid container!
2025-07-14 14:44:16.697 -04:00 [DBG]  __== TASK 5: instance 713104326 requesting mutex to run SEND ==__
2025-07-14 14:44:17.744 -04:00 [INF] TASK 4 retriggered event 49 of 50 under subscription HOMEDE 156
2025-07-14 14:44:17.745 -04:00 [DBG] 	TASK 5 has the mutex (currently SENDing)
2025-07-14 14:44:17.745 -04:00 [DBG] 	TASK 4 released the mutex (finished SENDing)
2025-07-14 14:44:17.745 -04:00 [DBG] ===Task 4:
	Row 50 of 50:	36098939	|HAMU  2643844	|07/11/2025	|1:00 AM	|VDEP	|KHPNH	|SRT	|HLCUPN7250611235	|I	| 	|HOMEDE 156
2025-07-14 14:44:18.748 -04:00 [DBG] TASK 4 finished waiting
2025-07-14 14:44:18.748 -04:00 [DBG] TASK 4 looking for a valid container
2025-07-14 14:44:18.754 -04:00 [DBG] TASK 4 found a valid container!
2025-07-14 14:44:18.754 -04:00 [DBG]  __== TASK 4: instance 1079355255 requesting mutex to run SEND ==__
2025-07-14 14:44:19.596 -04:00 [INF] TASK 5 retriggered event 28 of 50 under subscription DHLDAN 047
2025-07-14 14:44:19.598 -04:00 [DBG] 	TASK 5 released the mutex (finished SENDing)
2025-07-14 14:44:19.598 -04:00 [DBG] ===Task 5:
	Row 29 of 50:	12070087	|HAMU  1492255	|07/14/2025	|5:12 PM	|VDEP	|CNSHA	|SRT	|HLCUSHA2506BVUI4	|I	| 	|DHLDAN 047
2025-07-14 14:44:19.598 -04:00 [DBG] 	TASK 4 has the mutex (currently SENDing)
2025-07-14 14:44:20.615 -04:00 [DBG] TASK 5 finished waiting
2025-07-14 14:44:20.615 -04:00 [DBG] TASK 5 looking for a valid container
2025-07-14 14:44:20.615 -04:00 [DBG] TASK 5 found a valid container!
2025-07-14 14:44:20.615 -04:00 [DBG]  __== TASK 5: instance 713104326 requesting mutex to run SEND ==__
2025-07-14 14:44:21.385 -04:00 [INF] TASK 4 retriggered event 50 of 50 under subscription HOMEDE 156
2025-07-14 14:44:21.385 -04:00 [DBG] 	TASK 5 has the mutex (currently SENDing)
2025-07-14 14:44:21.385 -04:00 [DBG] 	TASK 4 released the mutex (finished SENDing)
2025-07-14 14:44:21.385 -04:00 [DBG] ===Task 4:
	Row 51 of 50:	36098939	|SEGU  5455819	|07/11/2025	|1:00 AM	|VDEP	|KHPNH	|SRT	|HLCUPN7250611235	|I	| 	|HOMEDE 156
2025-07-14 14:44:22.404 -04:00 [DBG] TASK 4 finished waiting
2025-07-14 14:44:22.404 -04:00 [INF] 	TASK 4: Searched and retriggered 50 events in 03:07.12
2025-07-14 14:44:22.404 -04:00 [INF] 
==========
Task 4 has finished all its events
==========
2025-07-14 14:44:23.508 -04:00 [INF] TASK 5 retriggered event 29 of 50 under subscription DHLDAN 047
2025-07-14 14:44:23.508 -04:00 [DBG] 	TASK 5 released the mutex (finished SENDing)
2025-07-14 14:44:23.516 -04:00 [DBG] ===Task 5:
	Row 30 of 50:	12071372	|BMOU  4954035	|07/14/2025	|5:12 PM	|VDEP	|CNSHA	|SRT	|HLCUSHA240808866	|I	| 	|DHLDAN 047
2025-07-14 14:44:24.530 -04:00 [DBG] TASK 5 finished waiting
2025-07-14 14:44:24.530 -04:00 [DBG] TASK 5 looking for a valid container
2025-07-14 14:44:24.640 -04:00 [DBG] TASK 5 found a valid container!
2025-07-14 14:44:24.640 -04:00 [DBG]  __== TASK 5: instance 713104326 requesting mutex to run SEND ==__
2025-07-14 14:44:24.640 -04:00 [DBG] 	TASK 5 has the mutex (currently SENDing)
2025-07-14 14:44:25.839 -04:00 [INF] TASK 5 retriggered event 30 of 50 under subscription DHLDAN 047
2025-07-14 14:44:25.847 -04:00 [DBG] 	TASK 5 released the mutex (finished SENDing)
2025-07-14 14:44:25.847 -04:00 [DBG] ===Task 5:
	Row 31 of 50:	12071372	|HAMU  1906205	|07/14/2025	|5:12 PM	|VDEP	|CNSHA	|SRT	|HLCUSHA240808866	|I	| 	|DHLDAN 047
2025-07-14 14:44:26.848 -04:00 [DBG] TASK 5 finished waiting
2025-07-14 14:44:26.848 -04:00 [DBG] TASK 5 looking for a valid container
2025-07-14 14:44:26.879 -04:00 [DBG] TASK 5 found a valid container!
2025-07-14 14:44:26.879 -04:00 [DBG]  __== TASK 5: instance 713104326 requesting mutex to run SEND ==__
2025-07-14 14:44:26.879 -04:00 [DBG] 	TASK 5 has the mutex (currently SENDing)
2025-07-14 14:44:27.914 -04:00 [INF] TASK 5 retriggered event 31 of 50 under subscription DHLDAN 047
2025-07-14 14:44:27.916 -04:00 [DBG] 	TASK 5 released the mutex (finished SENDing)
2025-07-14 14:44:27.916 -04:00 [DBG] ===Task 5:
	Row 32 of 50:	12086887	|HAMU  2247587	|07/13/2025	|12:00 PM	|VDEP	|USSAV	|OPL	|HLCUBSC2506BABE2	|I	| 	|DHLDAN 047
2025-07-14 14:44:28.925 -04:00 [DBG] TASK 5 finished waiting
2025-07-14 14:44:28.925 -04:00 [DBG] TASK 5 looking for a valid container
2025-07-14 14:44:28.940 -04:00 [DBG] TASK 5 found a valid container!
2025-07-14 14:44:28.940 -04:00 [DBG]  __== TASK 5: instance 713104326 requesting mutex to run SEND ==__
2025-07-14 14:44:28.940 -04:00 [DBG] 	TASK 5 has the mutex (currently SENDing)
2025-07-14 14:44:30.002 -04:00 [INF] TASK 5 retriggered event 32 of 50 under subscription DHLDAN 047
2025-07-14 14:44:30.003 -04:00 [DBG] 	TASK 5 released the mutex (finished SENDing)
2025-07-14 14:44:30.003 -04:00 [DBG] ===Task 5:
	Row 33 of 50:	12087958	|HAMU  2805708	|07/09/2025	|8:12 PM	|VDEP	|MYTPP	|OPT	|HLCUEUR2505AWTV5	|I	| 	|DHLDAN 047
2025-07-14 14:44:31.016 -04:00 [DBG] TASK 5 finished waiting
2025-07-14 14:44:31.016 -04:00 [DBG] TASK 5 looking for a valid container
2025-07-14 14:44:31.031 -04:00 [DBG] TASK 5 found a valid container!
2025-07-14 14:44:31.031 -04:00 [DBG]  __== TASK 5: instance 713104326 requesting mutex to run SEND ==__
2025-07-14 14:44:31.031 -04:00 [DBG] 	TASK 5 has the mutex (currently SENDing)
2025-07-14 14:44:32.039 -04:00 [INF] TASK 5 retriggered event 33 of 50 under subscription DHLDAN 047
2025-07-14 14:44:32.039 -04:00 [DBG] 	TASK 5 released the mutex (finished SENDing)
2025-07-14 14:44:32.039 -04:00 [DBG] ===Task 5:
	Row 34 of 50:	12087958	|HAMU  3448842	|07/09/2025	|8:12 PM	|VDEP	|MYTPP	|OPT	|HLCUEUR2505AWTV5	|I	| 	|DHLDAN 047
2025-07-14 14:44:33.062 -04:00 [DBG] TASK 5 finished waiting
2025-07-14 14:44:33.062 -04:00 [DBG] TASK 5 looking for a valid container
2025-07-14 14:44:33.078 -04:00 [DBG] TASK 5 found a valid container!
2025-07-14 14:44:33.078 -04:00 [DBG]  __== TASK 5: instance 713104326 requesting mutex to run SEND ==__
2025-07-14 14:44:33.078 -04:00 [DBG] 	TASK 5 has the mutex (currently SENDing)
2025-07-14 14:44:34.027 -04:00 [INF] TASK 5 retriggered event 34 of 50 under subscription DHLDAN 047
2025-07-14 14:44:34.027 -04:00 [DBG] 	TASK 5 released the mutex (finished SENDing)
2025-07-14 14:44:34.027 -04:00 [DBG] ===Task 5:
	Row 35 of 50:	12092452	|TEMU  5235045	|07/14/2025	|6:14 AM	|VDEP	|PKKHI	|SRT	|HLCUKHI250658510	|I	| 	|DHLDAN 047
2025-07-14 14:44:35.051 -04:00 [DBG] TASK 5 finished waiting
2025-07-14 14:44:35.051 -04:00 [DBG] TASK 5 looking for a valid container
2025-07-14 14:44:35.051 -04:00 [DBG] TASK 5 found a valid container!
2025-07-14 14:44:35.051 -04:00 [DBG]  __== TASK 5: instance 713104326 requesting mutex to run SEND ==__
2025-07-14 14:44:35.051 -04:00 [DBG] 	TASK 5 has the mutex (currently SENDing)
2025-07-14 14:44:36.007 -04:00 [INF] TASK 5 retriggered event 35 of 50 under subscription DHLDAN 047
2025-07-14 14:44:36.007 -04:00 [DBG] 	TASK 5 released the mutex (finished SENDing)
2025-07-14 14:44:36.007 -04:00 [DBG] ===Task 5:
	Row 36 of 50:	12188806	|HAMU  4344457	|07/12/2025	|5:54 AM	|VDEP	|CNNGB	|SRT	|HLCUNG12506UFZI6	|I	| 	|DHLDAN 047
2025-07-14 14:44:37.036 -04:00 [DBG] TASK 5 finished waiting
2025-07-14 14:44:37.036 -04:00 [DBG] TASK 5 looking for a valid container
2025-07-14 14:44:37.052 -04:00 [DBG] TASK 5 found a valid container!
2025-07-14 14:44:37.052 -04:00 [DBG]  __== TASK 5: instance 713104326 requesting mutex to run SEND ==__
2025-07-14 14:44:37.052 -04:00 [DBG] 	TASK 5 has the mutex (currently SENDing)
2025-07-14 14:44:38.015 -04:00 [INF] TASK 5 retriggered event 36 of 50 under subscription DHLDAN 047
2025-07-14 14:44:38.023 -04:00 [DBG] 	TASK 5 released the mutex (finished SENDing)
2025-07-14 14:44:38.023 -04:00 [DBG] ===Task 5:
	Row 37 of 50:	12419345	|FANU  3834744	|07/10/2025	|3:50 PM	|VDEP	|CNTAC	|SRT	|HLCUNK2250605221	|I	| 	|DHLDAN 047
2025-07-14 14:44:39.032 -04:00 [DBG] TASK 5 finished waiting
2025-07-14 14:44:39.032 -04:00 [DBG] TASK 5 looking for a valid container
2025-07-14 14:44:39.032 -04:00 [DBG] TASK 5 found a valid container!
2025-07-14 14:44:39.032 -04:00 [DBG]  __== TASK 5: instance 713104326 requesting mutex to run SEND ==__
2025-07-14 14:44:39.032 -04:00 [DBG] 	TASK 5 has the mutex (currently SENDing)
2025-07-14 14:44:40.201 -04:00 [INF] TASK 5 retriggered event 37 of 50 under subscription DHLDAN 047
2025-07-14 14:44:40.208 -04:00 [DBG] 	TASK 5 released the mutex (finished SENDing)
2025-07-14 14:44:40.209 -04:00 [DBG] ===Task 5:
	Row 38 of 50:	12533672	|HLBU  2188709	|07/09/2025	|7:54 PM	|VDEP	|CNNGB	|SRT	|HLCUNG12506DNUS3	|I	| 	|DHLDAN 047
2025-07-14 14:44:41.216 -04:00 [DBG] TASK 5 finished waiting
2025-07-14 14:44:41.216 -04:00 [DBG] TASK 5 looking for a valid container
2025-07-14 14:44:41.216 -04:00 [DBG] TASK 5 found a valid container!
2025-07-14 14:44:41.216 -04:00 [DBG]  __== TASK 5: instance 713104326 requesting mutex to run SEND ==__
2025-07-14 14:44:41.231 -04:00 [DBG] 	TASK 5 has the mutex (currently SENDing)
2025-07-14 14:44:42.234 -04:00 [INF] TASK 5 retriggered event 38 of 50 under subscription DHLDAN 047
2025-07-14 14:44:42.234 -04:00 [DBG] 	TASK 5 released the mutex (finished SENDing)
2025-07-14 14:44:42.234 -04:00 [DBG] ===Task 5:
	Row 39 of 50:	12738966	|BEAU  4825964	|07/09/2025	|2:24 PM	|VDEP	|AEJEA	|SRT	|HLCUDX3250649950	|I	| 	|DHLDAN 047
2025-07-14 14:44:43.246 -04:00 [DBG] TASK 5 finished waiting
2025-07-14 14:44:43.246 -04:00 [DBG] TASK 5 looking for a valid container
2025-07-14 14:44:43.261 -04:00 [DBG] TASK 5 found a valid container!
2025-07-14 14:44:43.261 -04:00 [DBG]  __== TASK 5: instance 713104326 requesting mutex to run SEND ==__
2025-07-14 14:44:43.261 -04:00 [DBG] 	TASK 5 has the mutex (currently SENDing)
2025-07-14 14:44:44.590 -04:00 [INF] TASK 5 retriggered event 39 of 50 under subscription DHLDAN 047
2025-07-14 14:44:44.597 -04:00 [DBG] 	TASK 5 released the mutex (finished SENDing)
2025-07-14 14:44:44.597 -04:00 [DBG] ===Task 5:
	Row 40 of 50:	12769466	|CAAU  5740190	|07/13/2025	|10:00 AM	|VDEP	|BRSSZ	|SRT	|HLCUSS5250635814	|I	| 	|DHLDAN 047
2025-07-14 14:44:45.599 -04:00 [DBG] TASK 5 finished waiting
2025-07-14 14:44:45.599 -04:00 [DBG] TASK 5 looking for a valid container
2025-07-14 14:44:45.621 -04:00 [DBG] TASK 5 found a valid container!
2025-07-14 14:44:45.621 -04:00 [DBG]  __== TASK 5: instance 713104326 requesting mutex to run SEND ==__
2025-07-14 14:44:45.621 -04:00 [DBG] 	TASK 5 has the mutex (currently SENDing)
2025-07-14 14:44:46.593 -04:00 [INF] TASK 5 retriggered event 40 of 50 under subscription DHLDAN 047
2025-07-14 14:44:46.593 -04:00 [DBG] 	TASK 5 released the mutex (finished SENDing)
2025-07-14 14:44:46.593 -04:00 [DBG] ===Task 5:
	Row 41 of 50:	12771369	|HLBU  9768231	|07/09/2025	|2:54 PM	|VDEP	|INNSA	|SRT	|HLCUBO12506BJEP6	|I	| 	|DHLDAN 047
2025-07-14 14:44:47.600 -04:00 [DBG] TASK 5 finished waiting
2025-07-14 14:44:47.600 -04:00 [DBG] TASK 5 looking for a valid container
2025-07-14 14:44:47.606 -04:00 [DBG] TASK 5 found a valid container!
2025-07-14 14:44:47.606 -04:00 [DBG]  __== TASK 5: instance 713104326 requesting mutex to run SEND ==__
2025-07-14 14:44:47.606 -04:00 [DBG] 	TASK 5 has the mutex (currently SENDing)
2025-07-14 14:44:48.565 -04:00 [INF] TASK 5 retriggered event 41 of 50 under subscription DHLDAN 047
2025-07-14 14:44:48.565 -04:00 [DBG] 	TASK 5 released the mutex (finished SENDing)
2025-07-14 14:44:48.565 -04:00 [DBG] ===Task 5:
	Row 42 of 50:	13071965	|HAMU  1383064	|07/09/2025	|7:54 PM	|VDEP	|CNNGB	|SRT	|HLCUNG12506DSVV1	|I	| 	|DHLDAN 047
2025-07-14 14:44:49.587 -04:00 [DBG] TASK 5 finished waiting
2025-07-14 14:44:49.587 -04:00 [DBG] TASK 5 looking for a valid container
2025-07-14 14:44:49.603 -04:00 [DBG] TASK 5 found a valid container!
2025-07-14 14:44:49.603 -04:00 [DBG]  __== TASK 5: instance 713104326 requesting mutex to run SEND ==__
2025-07-14 14:44:49.603 -04:00 [DBG] 	TASK 5 has the mutex (currently SENDing)
2025-07-14 14:44:50.609 -04:00 [INF] TASK 5 retriggered event 42 of 50 under subscription DHLDAN 047
2025-07-14 14:44:50.611 -04:00 [DBG] 	TASK 5 released the mutex (finished SENDing)
2025-07-14 14:44:50.611 -04:00 [DBG] ===Task 5:
	Row 43 of 50:	13071965	|HLBU  2106315	|07/09/2025	|7:54 PM	|VDEP	|CNNGB	|SRT	|HLCUNG12506DSVV1	|I	| 	|DHLDAN 047
2025-07-14 14:44:51.618 -04:00 [DBG] TASK 5 finished waiting
2025-07-14 14:44:51.618 -04:00 [DBG] TASK 5 looking for a valid container
2025-07-14 14:44:51.618 -04:00 [DBG] TASK 5 found a valid container!
2025-07-14 14:44:51.618 -04:00 [DBG]  __== TASK 5: instance 713104326 requesting mutex to run SEND ==__
2025-07-14 14:44:51.618 -04:00 [DBG] 	TASK 5 has the mutex (currently SENDing)
2025-07-14 14:44:52.966 -04:00 [INF] TASK 5 retriggered event 43 of 50 under subscription DHLDAN 047
2025-07-14 14:44:52.969 -04:00 [DBG] 	TASK 5 released the mutex (finished SENDing)
2025-07-14 14:44:52.969 -04:00 [DBG] ===Task 5:
	Row 44 of 50:	13190878	|HLBU  2805631	|07/12/2025	|5:54 AM	|VDEP	|CNNGB	|SRT	|HLCUNG12506DTYE3	|I	| 	|DHLDAN 047
2025-07-14 14:44:53.983 -04:00 [DBG] TASK 5 finished waiting
2025-07-14 14:44:53.983 -04:00 [DBG] TASK 5 looking for a valid container
2025-07-14 14:44:53.983 -04:00 [DBG] TASK 5 found a valid container!
2025-07-14 14:44:53.983 -04:00 [DBG]  __== TASK 5: instance 713104326 requesting mutex to run SEND ==__
2025-07-14 14:44:53.983 -04:00 [DBG] 	TASK 5 has the mutex (currently SENDing)
2025-07-14 14:44:55.009 -04:00 [INF] TASK 5 retriggered event 44 of 50 under subscription DHLDAN 047
2025-07-14 14:44:55.009 -04:00 [DBG] 	TASK 5 released the mutex (finished SENDing)
2025-07-14 14:44:55.009 -04:00 [DBG] ===Task 5:
	Row 45 of 50:	13393459	|HAMU  4386832	|07/13/2025	|4:42 AM	|VDEP	|CNTAO	|SRT	|HLCUTA12507CZSW7	|I	| 	|DHLDAN 047
2025-07-14 14:44:56.027 -04:00 [DBG] TASK 5 finished waiting
2025-07-14 14:44:56.027 -04:00 [DBG] TASK 5 looking for a valid container
2025-07-14 14:44:56.033 -04:00 [DBG] TASK 5 found a valid container!
2025-07-14 14:44:56.033 -04:00 [DBG]  __== TASK 5: instance 713104326 requesting mutex to run SEND ==__
2025-07-14 14:44:56.033 -04:00 [DBG] 	TASK 5 has the mutex (currently SENDing)
2025-07-14 14:44:57.082 -04:00 [INF] TASK 5 retriggered event 45 of 50 under subscription DHLDAN 047
2025-07-14 14:44:57.084 -04:00 [DBG] 	TASK 5 released the mutex (finished SENDing)
2025-07-14 14:44:57.085 -04:00 [DBG] ===Task 5:
	Row 46 of 50:	13522546	|HLBU  9982583	|07/09/2025	|1:42 PM	|VDEP	|ESVLC	|SRT	|HLCUBC1250701324	|I	| 	|DHLDAN 047
2025-07-14 14:44:58.093 -04:00 [DBG] TASK 5 finished waiting
2025-07-14 14:44:58.093 -04:00 [DBG] TASK 5 looking for a valid container
2025-07-14 14:44:58.108 -04:00 [DBG] TASK 5 found a valid container!
2025-07-14 14:44:58.108 -04:00 [DBG]  __== TASK 5: instance 713104326 requesting mutex to run SEND ==__
2025-07-14 14:44:58.108 -04:00 [DBG] 	TASK 5 has the mutex (currently SENDing)
2025-07-14 14:44:59.238 -04:00 [INF] TASK 5 retriggered event 46 of 50 under subscription DHLDAN 047
2025-07-14 14:44:59.241 -04:00 [DBG] 	TASK 5 released the mutex (finished SENDing)
2025-07-14 14:44:59.242 -04:00 [DBG] ===Task 5:
	Row 47 of 50:	13541089	|HLXU  8121973	|07/11/2025	|8:42 AM	|VDEP	|CNTXG	|SRT	|HLCUTS12506AUVG5	|I	| 	|DHLDAN 047
2025-07-14 14:45:00.249 -04:00 [DBG] TASK 5 finished waiting
2025-07-14 14:45:00.249 -04:00 [DBG] TASK 5 looking for a valid container
2025-07-14 14:45:00.264 -04:00 [DBG] TASK 5 found a valid container!
2025-07-14 14:45:00.264 -04:00 [DBG]  __== TASK 5: instance 713104326 requesting mutex to run SEND ==__
2025-07-14 14:45:00.264 -04:00 [DBG] 	TASK 5 has the mutex (currently SENDing)
2025-07-14 14:45:01.235 -04:00 [INF] TASK 5 retriggered event 47 of 50 under subscription DHLDAN 047
2025-07-14 14:45:01.235 -04:00 [DBG] 	TASK 5 released the mutex (finished SENDing)
2025-07-14 14:45:01.235 -04:00 [DBG] ===Task 5:
	Row 48 of 50:	13736601	|HAMU  1578596	|07/12/2025	|8:12 AM	|VDEP	|CNSHA	|SRT	|HLCUSHA250606478	|I	| 	|DHLDAN 047
2025-07-14 14:45:02.248 -04:00 [DBG] TASK 5 finished waiting
2025-07-14 14:45:02.248 -04:00 [DBG] TASK 5 looking for a valid container
2025-07-14 14:45:02.263 -04:00 [DBG] TASK 5 found a valid container!
2025-07-14 14:45:02.263 -04:00 [DBG]  __== TASK 5: instance 713104326 requesting mutex to run SEND ==__
2025-07-14 14:45:02.263 -04:00 [DBG] 	TASK 5 has the mutex (currently SENDing)
2025-07-14 14:45:03.471 -04:00 [INF] TASK 5 retriggered event 48 of 50 under subscription DHLDAN 047
2025-07-14 14:45:03.479 -04:00 [DBG] 	TASK 5 released the mutex (finished SENDing)
2025-07-14 14:45:03.479 -04:00 [DBG] ===Task 5:
	Row 49 of 50:	13752594	|FDCU  0335621	|07/09/2025	|8:12 PM	|VDEP	|MYTPP	|OPT	|HLCUPN7250523334	|I	| 	|DHLDAN 047
2025-07-14 14:45:04.492 -04:00 [DBG] TASK 5 finished waiting
2025-07-14 14:45:04.492 -04:00 [DBG] TASK 5 looking for a valid container
2025-07-14 14:45:04.505 -04:00 [DBG] TASK 5 found a valid container!
2025-07-14 14:45:04.505 -04:00 [DBG]  __== TASK 5: instance 713104326 requesting mutex to run SEND ==__
2025-07-14 14:45:04.505 -04:00 [DBG] 	TASK 5 has the mutex (currently SENDing)
2025-07-14 14:45:05.794 -04:00 [INF] TASK 5 retriggered event 49 of 50 under subscription DHLDAN 047
2025-07-14 14:45:05.794 -04:00 [DBG] 	TASK 5 released the mutex (finished SENDing)
2025-07-14 14:45:05.794 -04:00 [DBG] ===Task 5:
	Row 50 of 50:	13752594	|HAMU  2345198	|07/09/2025	|8:12 PM	|VDEP	|MYTPP	|OPT	|HLCUPN7250523334	|I	| 	|DHLDAN 047
2025-07-14 14:45:06.804 -04:00 [DBG] TASK 5 finished waiting
2025-07-14 14:45:06.804 -04:00 [DBG] TASK 5 looking for a valid container
2025-07-14 14:45:06.804 -04:00 [DBG] TASK 5 found a valid container!
2025-07-14 14:45:06.804 -04:00 [DBG]  __== TASK 5: instance 713104326 requesting mutex to run SEND ==__
2025-07-14 14:45:06.804 -04:00 [DBG] 	TASK 5 has the mutex (currently SENDing)
2025-07-14 14:45:08.015 -04:00 [INF] TASK 5 retriggered event 50 of 50 under subscription DHLDAN 047
2025-07-14 14:45:08.015 -04:00 [DBG] 	TASK 5 released the mutex (finished SENDing)
2025-07-14 14:45:08.015 -04:00 [DBG] ===Task 5:
	Row 51 of 50:	13752594	|HLBU  2547692	|07/09/2025	|8:12 PM	|VDEP	|MYTPP	|OPT	|HLCUPN7250523334	|I	| 	|DHLDAN 047
2025-07-14 14:45:09.022 -04:00 [DBG] TASK 5 finished waiting
2025-07-14 14:45:09.022 -04:00 [INF] 	TASK 5: Searched and retriggered 50 events in 03:53.74
2025-07-14 14:45:09.022 -04:00 [INF] 
==========
Task 5 has finished all its events
==========
2025-07-14 14:45:09.522 -04:00 [INF] Macro spent 04:01.20 in total.
2025-07-14 14:45:09.522 -04:00 [INF] Total subscriptions: 13
2025-07-14 14:45:09.522 -04:00 [INF] Concurrent tasks: 7
2025-07-14 14:45:09.522 -04:00 [INF] Macro found a total of 357 incomplete events and retriggered 110
2025-07-14 14:45:09.522 -04:00 [INF] Macro skipped the dummy containers